{"level":"info","message":"Trying to connect MongoDB...","service":"room-service"}
{"level":"info","message":"Successfully connected to MongoDB","service":"room-service"}
{"level":"info","message":"organization-service is running at http://localhost:8085","service":"room-service"}
{"level":"info","message":"Received get organization data request","service":"room-service"}
{"level":"info","message":"Getting organization for userId: 3edcBmQfHXg8WUGXCKdUizicAe43","service":"room-service"}
{"level":"info","message":"couldn't find any organizaton for userId: 3edcBmQfHXg8WUGXCKdUizicAe43","service":"room-service"}
{"description":"couldn't find any organizaton for userId: 3edcBmQfHXg8WUGXCKdUizicAe43","errorCode":"RECORD_NOT_FOUND","level":"error","message":"Error occured while fetching organization data:  couldn't find any organizaton for userId: 3edcBmQfHXg8WUGXCKdUizicAe43","name":"AppError","service":"room-service","status":404}
{"level":"info","message":"Received get organization data request","service":"room-service"}
{"level":"info","message":"Getting organization for userId: 3edcBmQfHXg8WUGXCKdUizicAe43","service":"room-service"}
{"level":"info","message":"couldn't find any organizaton for userId: 3edcBmQfHXg8WUGXCKdUizicAe43","service":"room-service"}
{"description":"couldn't find any organizaton for userId: 3edcBmQfHXg8WUGXCKdUizicAe43","errorCode":"RECORD_NOT_FOUND","level":"error","message":"Error occured while fetching organization data:  couldn't find any organizaton for userId: 3edcBmQfHXg8WUGXCKdUizicAe43","name":"AppError","service":"room-service","status":404}
{"level":"info","message":"Trying to connect MongoDB...","service":"organization-service"}
{"level":"info","message":"Successfully connected to MongoDB","service":"organization-service"}
{"level":"info","message":"organization-service is running at http://localhost:8085","service":"organization-service"}
{"level":"info","message":"Trying to connect MongoDB...","service":"-service"}
{"level":"info","message":"Successfully connected to MongoDB","service":"-service"}
{"level":"info","message":"organization-service is running at http://localhost:8085","service":"-service"}
{"level":"info","message":"Trying to connect MongoDB...","service":"-service"}
{"level":"info","message":"Successfully connected to MongoDB","service":"-service"}
{"level":"info","message":"organization-service is running at http://localhost:8085","service":"-service"}
{"level":"info","message":"Received get organization data request","service":"-service"}
{"level":"info","message":"Getting organization for userId: 3edcBmQfHXg8WUGXCKdUizicAe43","service":"-service"}
{"level":"info","message":"couldn't find any organizaton for userId: 3edcBmQfHXg8WUGXCKdUizicAe43","service":"-service"}
{"description":"couldn't find any organizaton for userId: 3edcBmQfHXg8WUGXCKdUizicAe43","errorCode":"RECORD_NOT_FOUND","level":"error","message":"Error occured while fetching organization data:  couldn't find any organizaton for userId: 3edcBmQfHXg8WUGXCKdUizicAe43","name":"AppError","service":"-service","status":404}
{"level":"info","message":"Received get organization data request","service":"-service"}
{"level":"info","message":"Getting organization for userId: 3edcBmQfHXg8WUGXCKdUizicAe43","service":"-service"}
{"level":"info","message":"couldn't find any organizaton for userId: 3edcBmQfHXg8WUGXCKdUizicAe43","service":"-service"}
{"description":"couldn't find any organizaton for userId: 3edcBmQfHXg8WUGXCKdUizicAe43","errorCode":"RECORD_NOT_FOUND","level":"error","message":"Error occured while fetching organization data:  couldn't find any organizaton for userId: 3edcBmQfHXg8WUGXCKdUizicAe43","name":"AppError","service":"-service","status":404}
{"level":"info","message":"Received get organization data request","service":"-service"}
{"level":"info","message":"Getting organization for userId: 3edcBmQfHXg8WUGXCKdUizicAe43","service":"-service"}
{"level":"info","message":"couldn't find any organizaton for userId: 3edcBmQfHXg8WUGXCKdUizicAe43","service":"-service"}
{"description":"couldn't find any organizaton for userId: 3edcBmQfHXg8WUGXCKdUizicAe43","errorCode":"RECORD_NOT_FOUND","level":"error","message":"Error occured while fetching organization data:  couldn't find any organizaton for userId: 3edcBmQfHXg8WUGXCKdUizicAe43","name":"AppError","service":"-service","status":404}
{"level":"info","message":"Received get organization data request","service":"-service"}
{"level":"info","message":"Getting organization for userId: 3edcBmQfHXg8WUGXCKdUizicAe43","service":"-service"}
{"level":"info","message":"Fetched organizaion: {\n  _id: new ObjectId('692ab2e4e8f8d781960ebacf'),\n  name: 'AST',\n  email: 'fmgduc47@gmail.com',\n  description: 'AST is a dynamic and innovative company specializing in delivering high-quality solutions across technology, services, and business development. With a commitment to excellence and customer satisfaction, AST focuses on creating value through advanced expertise, reliable performance, and forward-thinking strategies. The company continuously strives to evolve, helping clients achieve sustainable growth in an ever-changing market.',\n  phone: '0849404705',\n  superAdmin: { uid: '3edcBmQfHXg8WUGXCKdUizicAe43', adminType: 'SUPER_ADMIN' },\n  businessProfile: {\n    businessType: 'individual',\n    category: 'housing',\n    subcategory: 'space_rental',\n    addresses: {\n      street1: '13a/10',\n      street2: '13b/10',\n      city: 'Hanoi,VN',\n      state: 'Hanoi,VN',\n      postalCode: '34234',\n      country: 'VN'\n    }\n  },\n  createdAt: 2025-11-29T00:00:00.000Z,\n  updatedAt: 2025-11-29T00:00:00.000Z,\n  __v: 0,\n  admins: []\n}","service":"-service"}
{"level":"info","message":"Received get organization data request","service":"-service"}
{"level":"info","message":"Getting organization for userId: 3edcBmQfHXg8WUGXCKdUizicAe43","service":"-service"}
{"level":"info","message":"Fetched organizaion: {\n  _id: new ObjectId('692ab2e4e8f8d781960ebacf'),\n  name: 'AST',\n  email: 'fmgduc47@gmail.com',\n  description: 'AST is a dynamic and innovative company specializing in delivering high-quality solutions across technology, services, and business development. With a commitment to excellence and customer satisfaction, AST focuses on creating value through advanced expertise, reliable performance, and forward-thinking strategies. The company continuously strives to evolve, helping clients achieve sustainable growth in an ever-changing market.',\n  phone: '0849404705',\n  superAdmin: { uid: '3edcBmQfHXg8WUGXCKdUizicAe43', adminType: 'SUPER_ADMIN' },\n  businessProfile: {\n    businessType: 'individual',\n    category: 'housing',\n    subcategory: 'space_rental',\n    addresses: {\n      street1: '13a/10',\n      street2: '13b/10',\n      city: 'Hanoi,VN',\n      state: 'Hanoi,VN',\n      postalCode: '34234',\n      country: 'VN'\n    }\n  },\n  createdAt: 2025-11-29T00:00:00.000Z,\n  updatedAt: 2025-11-29T00:00:00.000Z,\n  __v: 0,\n  admins: []\n}","service":"-service"}
{"level":"info","message":"Trying to connect MongoDB...","service":"-service"}
{"level":"info","message":"Successfully connected to MongoDB","service":"-service"}
{"level":"info","message":"organization-service is running at http://localhost:8085","service":"-service"}
{"level":"info","message":"Trying to connect MongoDB...","service":"organization-service"}
{"level":"info","message":"Successfully connected to MongoDB","service":"organization-service"}
{"level":"info","message":"organization-service is running at http://localhost:8085","service":"organization-service"}
{"level":"info","message":"Received get organization data request","service":"organization-service"}
{"level":"info","message":"Getting organization for userId: 3edcBmQfHXg8WUGXCKdUizicAe43","service":"organization-service"}
{"level":"info","message":"Fetched organizaion: {\n  _id: new ObjectId('692ab2e4e8f8d781960ebacf'),\n  name: 'AST',\n  email: 'fmgduc47@gmail.com',\n  description: 'AST is a dynamic and innovative company specializing in delivering high-quality solutions across technology, services, and business development. With a commitment to excellence and customer satisfaction, AST focuses on creating value through advanced expertise, reliable performance, and forward-thinking strategies. The company continuously strives to evolve, helping clients achieve sustainable growth in an ever-changing market.',\n  phone: '0849404705',\n  superAdmin: { uid: '3edcBmQfHXg8WUGXCKdUizicAe43', adminType: 'SUPER_ADMIN' },\n  businessProfile: {\n    businessType: 'individual',\n    category: 'housing',\n    subcategory: 'space_rental',\n    addresses: {\n      street1: '13a/10',\n      street2: '13b/10',\n      city: 'Hanoi,VN',\n      state: 'Hanoi,VN',\n      postalCode: '34234',\n      country: 'VN'\n    }\n  },\n  createdAt: 2025-11-29T00:00:00.000Z,\n  updatedAt: 2025-11-29T00:00:00.000Z,\n  __v: 0,\n  admins: []\n}","service":"organization-service"}
{"level":"info","message":"Received get organization data request","service":"organization-service"}
{"level":"info","message":"Getting organization for userId: 3edcBmQfHXg8WUGXCKdUizicAe43","service":"organization-service"}
{"level":"info","message":"Fetched organizaion: {\n  _id: new ObjectId('692ab2e4e8f8d781960ebacf'),\n  name: 'AST',\n  email: 'fmgduc47@gmail.com',\n  description: 'AST is a dynamic and innovative company specializing in delivering high-quality solutions across technology, services, and business development. With a commitment to excellence and customer satisfaction, AST focuses on creating value through advanced expertise, reliable performance, and forward-thinking strategies. The company continuously strives to evolve, helping clients achieve sustainable growth in an ever-changing market.',\n  phone: '0849404705',\n  superAdmin: { uid: '3edcBmQfHXg8WUGXCKdUizicAe43', adminType: 'SUPER_ADMIN' },\n  businessProfile: {\n    businessType: 'individual',\n    category: 'housing',\n    subcategory: 'space_rental',\n    addresses: {\n      street1: '13a/10',\n      street2: '13b/10',\n      city: 'Hanoi,VN',\n      state: 'Hanoi,VN',\n      postalCode: '34234',\n      country: 'VN'\n    }\n  },\n  createdAt: 2025-11-29T00:00:00.000Z,\n  updatedAt: 2025-11-29T00:00:00.000Z,\n  __v: 0,\n  admins: []\n}","service":"organization-service"}
{"level":"info","message":"Received get organization data request","service":"organization-service"}
{"level":"info","message":"Getting organization for userId: 3edcBmQfHXg8WUGXCKdUizicAe43","service":"organization-service"}
{"level":"info","message":"Fetched organizaion: {\n  _id: new ObjectId('692ab2e4e8f8d781960ebacf'),\n  name: 'AST',\n  email: 'fmgduc47@gmail.com',\n  description: 'AST is a dynamic and innovative company specializing in delivering high-quality solutions across technology, services, and business development. With a commitment to excellence and customer satisfaction, AST focuses on creating value through advanced expertise, reliable performance, and forward-thinking strategies. The company continuously strives to evolve, helping clients achieve sustainable growth in an ever-changing market.',\n  phone: '0849404705',\n  superAdmin: { uid: '3edcBmQfHXg8WUGXCKdUizicAe43', adminType: 'SUPER_ADMIN' },\n  businessProfile: {\n    businessType: 'individual',\n    category: 'housing',\n    subcategory: 'space_rental',\n    addresses: {\n      street1: '13a/10',\n      street2: '13b/10',\n      city: 'Hanoi,VN',\n      state: 'Hanoi,VN',\n      postalCode: '34234',\n      country: 'VN'\n    }\n  },\n  createdAt: 2025-11-29T00:00:00.000Z,\n  updatedAt: 2025-11-29T00:00:00.000Z,\n  __v: 0,\n  admins: []\n}","service":"organization-service"}
{"level":"info","message":"Received get organization data request","service":"organization-service"}
{"level":"info","message":"Getting organization for userId: 3edcBmQfHXg8WUGXCKdUizicAe43","service":"organization-service"}
{"level":"info","message":"Fetched organizaion: {\n  _id: new ObjectId('692ab2e4e8f8d781960ebacf'),\n  name: 'AST',\n  email: 'fmgduc47@gmail.com',\n  description: 'AST is a dynamic and innovative company specializing in delivering high-quality solutions across technology, services, and business development. With a commitment to excellence and customer satisfaction, AST focuses on creating value through advanced expertise, reliable performance, and forward-thinking strategies. The company continuously strives to evolve, helping clients achieve sustainable growth in an ever-changing market.',\n  phone: '0849404705',\n  superAdmin: { uid: '3edcBmQfHXg8WUGXCKdUizicAe43', adminType: 'SUPER_ADMIN' },\n  businessProfile: {\n    businessType: 'individual',\n    category: 'housing',\n    subcategory: 'space_rental',\n    addresses: {\n      street1: '13a/10',\n      street2: '13b/10',\n      city: 'Hanoi,VN',\n      state: 'Hanoi,VN',\n      postalCode: '34234',\n      country: 'VN'\n    }\n  },\n  createdAt: 2025-11-29T00:00:00.000Z,\n  updatedAt: 2025-11-29T00:00:00.000Z,\n  __v: 0,\n  admins: []\n}","service":"organization-service"}
{"level":"info","message":"Received get organization data request","service":"organization-service"}
{"level":"info","message":"Getting organization for userId: 3edcBmQfHXg8WUGXCKdUizicAe43","service":"organization-service"}
{"level":"info","message":"Fetched organizaion: {\n  _id: new ObjectId('692ab2e4e8f8d781960ebacf'),\n  name: 'AST',\n  email: 'fmgduc47@gmail.com',\n  description: 'AST is a dynamic and innovative company specializing in delivering high-quality solutions across technology, services, and business development. With a commitment to excellence and customer satisfaction, AST focuses on creating value through advanced expertise, reliable performance, and forward-thinking strategies. The company continuously strives to evolve, helping clients achieve sustainable growth in an ever-changing market.',\n  phone: '0849404705',\n  superAdmin: { uid: '3edcBmQfHXg8WUGXCKdUizicAe43', adminType: 'SUPER_ADMIN' },\n  businessProfile: {\n    businessType: 'individual',\n    category: 'housing',\n    subcategory: 'space_rental',\n    addresses: {\n      street1: '13a/10',\n      street2: '13b/10',\n      city: 'Hanoi,VN',\n      state: 'Hanoi,VN',\n      postalCode: '34234',\n      country: 'VN'\n    }\n  },\n  createdAt: 2025-11-29T00:00:00.000Z,\n  updatedAt: 2025-11-29T00:00:00.000Z,\n  __v: 0,\n  admins: []\n}","service":"organization-service"}
{"level":"info","message":"Received get organization data request","service":"organization-service"}
{"level":"info","message":"Getting organization for organizaionId: 692ab2e4e8f8d781960ebacf","service":"organization-service"}
{"level":"info","message":"Fetched organizaion: {\n  _id: new ObjectId('692ab2e4e8f8d781960ebacf'),\n  name: 'AST',\n  email: 'fmgduc47@gmail.com',\n  description: 'AST is a dynamic and innovative company specializing in delivering high-quality solutions across technology, services, and business development. With a commitment to excellence and customer satisfaction, AST focuses on creating value through advanced expertise, reliable performance, and forward-thinking strategies. The company continuously strives to evolve, helping clients achieve sustainable growth in an ever-changing market.',\n  phone: '0849404705',\n  superAdmin: { uid: '3edcBmQfHXg8WUGXCKdUizicAe43', adminType: 'SUPER_ADMIN' },\n  businessProfile: {\n    businessType: 'individual',\n    category: 'housing',\n    subcategory: 'space_rental',\n    addresses: {\n      street1: '13a/10',\n      street2: '13b/10',\n      city: 'Hanoi,VN',\n      state: 'Hanoi,VN',\n      postalCode: '34234',\n      country: 'VN'\n    }\n  },\n  createdAt: 2025-11-29T00:00:00.000Z,\n  updatedAt: 2025-11-29T00:00:00.000Z,\n  __v: 0,\n  admins: []\n}","service":"organization-service"}
{"level":"info","message":"Received get organization data request","service":"organization-service"}
{"level":"info","message":"Getting organization for userId: 3edcBmQfHXg8WUGXCKdUizicAe43","service":"organization-service"}
{"level":"info","message":"Fetched organizaion: {\n  _id: new ObjectId('692ab2e4e8f8d781960ebacf'),\n  name: 'AST',\n  email: 'fmgduc47@gmail.com',\n  description: 'AST is a dynamic and innovative company specializing in delivering high-quality solutions across technology, services, and business development. With a commitment to excellence and customer satisfaction, AST focuses on creating value through advanced expertise, reliable performance, and forward-thinking strategies. The company continuously strives to evolve, helping clients achieve sustainable growth in an ever-changing market.',\n  phone: '0849404705',\n  superAdmin: { uid: '3edcBmQfHXg8WUGXCKdUizicAe43', adminType: 'SUPER_ADMIN' },\n  businessProfile: {\n    businessType: 'individual',\n    category: 'housing',\n    subcategory: 'space_rental',\n    addresses: {\n      street1: '13a/10',\n      street2: '13b/10',\n      city: 'Hanoi,VN',\n      state: 'Hanoi,VN',\n      postalCode: '34234',\n      country: 'VN'\n    }\n  },\n  createdAt: 2025-11-29T00:00:00.000Z,\n  updatedAt: 2025-11-29T00:00:00.000Z,\n  __v: 0,\n  admins: []\n}","service":"organization-service"}
{"level":"info","message":"Received get organization data request","service":"organization-service"}
{"level":"info","message":"Getting organization for organizaionId: 692ab2e4e8f8d781960ebacf","service":"organization-service"}
{"level":"info","message":"Fetched organizaion: {\n  _id: new ObjectId('692ab2e4e8f8d781960ebacf'),\n  name: 'AST',\n  email: 'fmgduc47@gmail.com',\n  description: 'AST is a dynamic and innovative company specializing in delivering high-quality solutions across technology, services, and business development. With a commitment to excellence and customer satisfaction, AST focuses on creating value through advanced expertise, reliable performance, and forward-thinking strategies. The company continuously strives to evolve, helping clients achieve sustainable growth in an ever-changing market.',\n  phone: '0849404705',\n  superAdmin: { uid: '3edcBmQfHXg8WUGXCKdUizicAe43', adminType: 'SUPER_ADMIN' },\n  businessProfile: {\n    businessType: 'individual',\n    category: 'housing',\n    subcategory: 'space_rental',\n    addresses: {\n      street1: '13a/10',\n      street2: '13b/10',\n      city: 'Hanoi,VN',\n      state: 'Hanoi,VN',\n      postalCode: '34234',\n      country: 'VN'\n    }\n  },\n  createdAt: 2025-11-29T00:00:00.000Z,\n  updatedAt: 2025-11-29T00:00:00.000Z,\n  __v: 0,\n  admins: []\n}","service":"organization-service"}
{"level":"info","message":"Received get organization data request","service":"organization-service"}
{"level":"info","message":"Getting organization for organizaionId: 692ab2e4e8f8d781960ebacf","service":"organization-service"}
{"level":"info","message":"Fetched organizaion: {\n  _id: new ObjectId('692ab2e4e8f8d781960ebacf'),\n  name: 'AST',\n  email: 'fmgduc47@gmail.com',\n  description: 'AST is a dynamic and innovative company specializing in delivering high-quality solutions across technology, services, and business development. With a commitment to excellence and customer satisfaction, AST focuses on creating value through advanced expertise, reliable performance, and forward-thinking strategies. The company continuously strives to evolve, helping clients achieve sustainable growth in an ever-changing market.',\n  phone: '0849404705',\n  superAdmin: { uid: '3edcBmQfHXg8WUGXCKdUizicAe43', adminType: 'SUPER_ADMIN' },\n  businessProfile: {\n    businessType: 'individual',\n    category: 'housing',\n    subcategory: 'space_rental',\n    addresses: {\n      street1: '13a/10',\n      street2: '13b/10',\n      city: 'Hanoi,VN',\n      state: 'Hanoi,VN',\n      postalCode: '34234',\n      country: 'VN'\n    }\n  },\n  createdAt: 2025-11-29T00:00:00.000Z,\n  updatedAt: 2025-11-29T00:00:00.000Z,\n  __v: 0,\n  admins: []\n}","service":"organization-service"}
{"level":"info","message":"Received get organization data request","service":"organization-service"}
{"level":"info","message":"Getting organization for userId: 3edcBmQfHXg8WUGXCKdUizicAe43","service":"organization-service"}
{"level":"info","message":"Fetched organizaion: {\n  _id: new ObjectId('692ab2e4e8f8d781960ebacf'),\n  name: 'AST',\n  email: 'fmgduc47@gmail.com',\n  description: 'AST is a dynamic and innovative company specializing in delivering high-quality solutions across technology, services, and business development. With a commitment to excellence and customer satisfaction, AST focuses on creating value through advanced expertise, reliable performance, and forward-thinking strategies. The company continuously strives to evolve, helping clients achieve sustainable growth in an ever-changing market.',\n  phone: '0849404705',\n  superAdmin: { uid: '3edcBmQfHXg8WUGXCKdUizicAe43', adminType: 'SUPER_ADMIN' },\n  businessProfile: {\n    businessType: 'individual',\n    category: 'housing',\n    subcategory: 'space_rental',\n    addresses: {\n      street1: '13a/10',\n      street2: '13b/10',\n      city: 'Hanoi,VN',\n      state: 'Hanoi,VN',\n      postalCode: '34234',\n      country: 'VN'\n    }\n  },\n  createdAt: 2025-11-29T00:00:00.000Z,\n  updatedAt: 2025-11-29T00:00:00.000Z,\n  __v: 0,\n  admins: []\n}","service":"organization-service"}
{"level":"info","message":"Received get organization data request","service":"organization-service"}
{"level":"info","message":"Getting organization for userId: 3edcBmQfHXg8WUGXCKdUizicAe43","service":"organization-service"}
{"level":"info","message":"Fetched organizaion: {\n  _id: new ObjectId('692ab2e4e8f8d781960ebacf'),\n  name: 'AST',\n  email: 'fmgduc47@gmail.com',\n  description: 'AST is a dynamic and innovative company specializing in delivering high-quality solutions across technology, services, and business development. With a commitment to excellence and customer satisfaction, AST focuses on creating value through advanced expertise, reliable performance, and forward-thinking strategies. The company continuously strives to evolve, helping clients achieve sustainable growth in an ever-changing market.',\n  phone: '0849404705',\n  superAdmin: { uid: '3edcBmQfHXg8WUGXCKdUizicAe43', adminType: 'SUPER_ADMIN' },\n  businessProfile: {\n    businessType: 'individual',\n    category: 'housing',\n    subcategory: 'space_rental',\n    addresses: {\n      street1: '13a/10',\n      street2: '13b/10',\n      city: 'Hanoi,VN',\n      state: 'Hanoi,VN',\n      postalCode: '34234',\n      country: 'VN'\n    }\n  },\n  createdAt: 2025-11-29T00:00:00.000Z,\n  updatedAt: 2025-11-29T00:00:00.000Z,\n  __v: 0,\n  admins: []\n}","service":"organization-service"}
{"level":"info","message":"Received get organization data request","service":"organization-service"}
{"level":"info","message":"Getting organization for organizaionId: 692ab2e4e8f8d781960ebacf","service":"organization-service"}
{"level":"info","message":"Fetched organizaion: {\n  _id: new ObjectId('692ab2e4e8f8d781960ebacf'),\n  name: 'AST',\n  email: 'fmgduc47@gmail.com',\n  description: 'AST is a dynamic and innovative company specializing in delivering high-quality solutions across technology, services, and business development. With a commitment to excellence and customer satisfaction, AST focuses on creating value through advanced expertise, reliable performance, and forward-thinking strategies. The company continuously strives to evolve, helping clients achieve sustainable growth in an ever-changing market.',\n  phone: '0849404705',\n  superAdmin: { uid: '3edcBmQfHXg8WUGXCKdUizicAe43', adminType: 'SUPER_ADMIN' },\n  businessProfile: {\n    businessType: 'individual',\n    category: 'housing',\n    subcategory: 'space_rental',\n    addresses: {\n      street1: '13a/10',\n      street2: '13b/10',\n      city: 'Hanoi,VN',\n      state: 'Hanoi,VN',\n      postalCode: '34234',\n      country: 'VN'\n    }\n  },\n  createdAt: 2025-11-29T00:00:00.000Z,\n  updatedAt: 2025-11-29T00:00:00.000Z,\n  __v: 0,\n  admins: []\n}","service":"organization-service"}
{"level":"info","message":"Received get organization data request","service":"organization-service"}
{"level":"info","message":"Getting organization for userId: 3edcBmQfHXg8WUGXCKdUizicAe43","service":"organization-service"}
{"level":"info","message":"Fetched organizaion: {\n  _id: new ObjectId('692ab2e4e8f8d781960ebacf'),\n  name: 'AST',\n  email: 'fmgduc47@gmail.com',\n  description: 'AST is a dynamic and innovative company specializing in delivering high-quality solutions across technology, services, and business development. With a commitment to excellence and customer satisfaction, AST focuses on creating value through advanced expertise, reliable performance, and forward-thinking strategies. The company continuously strives to evolve, helping clients achieve sustainable growth in an ever-changing market.',\n  phone: '0849404705',\n  superAdmin: { uid: '3edcBmQfHXg8WUGXCKdUizicAe43', adminType: 'SUPER_ADMIN' },\n  businessProfile: {\n    businessType: 'individual',\n    category: 'housing',\n    subcategory: 'space_rental',\n    addresses: {\n      street1: '13a/10',\n      street2: '13b/10',\n      city: 'Hanoi,VN',\n      state: 'Hanoi,VN',\n      postalCode: '34234',\n      country: 'VN'\n    }\n  },\n  createdAt: 2025-11-29T00:00:00.000Z,\n  updatedAt: 2025-11-29T00:00:00.000Z,\n  __v: 0,\n  admins: []\n}","service":"organization-service"}
{"level":"info","message":"Received get organization data request","service":"organization-service"}
{"level":"info","message":"Getting organization for organizaionId: 692ab2e4e8f8d781960ebacf","service":"organization-service"}
{"level":"info","message":"Fetched organizaion: {\n  _id: new ObjectId('692ab2e4e8f8d781960ebacf'),\n  name: 'AST',\n  email: 'fmgduc47@gmail.com',\n  description: 'AST is a dynamic and innovative company specializing in delivering high-quality solutions across technology, services, and business development. With a commitment to excellence and customer satisfaction, AST focuses on creating value through advanced expertise, reliable performance, and forward-thinking strategies. The company continuously strives to evolve, helping clients achieve sustainable growth in an ever-changing market.',\n  phone: '0849404705',\n  superAdmin: { uid: '3edcBmQfHXg8WUGXCKdUizicAe43', adminType: 'SUPER_ADMIN' },\n  businessProfile: {\n    businessType: 'individual',\n    category: 'housing',\n    subcategory: 'space_rental',\n    addresses: {\n      street1: '13a/10',\n      street2: '13b/10',\n      city: 'Hanoi,VN',\n      state: 'Hanoi,VN',\n      postalCode: '34234',\n      country: 'VN'\n    }\n  },\n  createdAt: 2025-11-29T00:00:00.000Z,\n  updatedAt: 2025-11-29T00:00:00.000Z,\n  __v: 0,\n  admins: []\n}","service":"organization-service"}
{"level":"info","message":"Received get organization data request","service":"organization-service"}
{"level":"info","message":"Getting organization for organizaionId: 692ab2e4e8f8d781960ebacf","service":"organization-service"}
{"level":"info","message":"Fetched organizaion: {\n  _id: new ObjectId('692ab2e4e8f8d781960ebacf'),\n  name: 'AST',\n  email: 'fmgduc47@gmail.com',\n  description: 'AST is a dynamic and innovative company specializing in delivering high-quality solutions across technology, services, and business development. With a commitment to excellence and customer satisfaction, AST focuses on creating value through advanced expertise, reliable performance, and forward-thinking strategies. The company continuously strives to evolve, helping clients achieve sustainable growth in an ever-changing market.',\n  phone: '0849404705',\n  superAdmin: { uid: '3edcBmQfHXg8WUGXCKdUizicAe43', adminType: 'SUPER_ADMIN' },\n  businessProfile: {\n    businessType: 'individual',\n    category: 'housing',\n    subcategory: 'space_rental',\n    addresses: {\n      street1: '13a/10',\n      street2: '13b/10',\n      city: 'Hanoi,VN',\n      state: 'Hanoi,VN',\n      postalCode: '34234',\n      country: 'VN'\n    }\n  },\n  createdAt: 2025-11-29T00:00:00.000Z,\n  updatedAt: 2025-11-29T00:00:00.000Z,\n  __v: 0,\n  admins: []\n}","service":"organization-service"}
{"level":"info","message":"Received get organization data request","service":"organization-service"}
{"level":"info","message":"Getting organization for userId: 3edcBmQfHXg8WUGXCKdUizicAe43","service":"organization-service"}
{"level":"info","message":"Fetched organizaion: {\n  _id: new ObjectId('692ab2e4e8f8d781960ebacf'),\n  name: 'AST',\n  email: 'fmgduc47@gmail.com',\n  description: 'AST is a dynamic and innovative company specializing in delivering high-quality solutions across technology, services, and business development. With a commitment to excellence and customer satisfaction, AST focuses on creating value through advanced expertise, reliable performance, and forward-thinking strategies. The company continuously strives to evolve, helping clients achieve sustainable growth in an ever-changing market.',\n  phone: '0849404705',\n  superAdmin: { uid: '3edcBmQfHXg8WUGXCKdUizicAe43', adminType: 'SUPER_ADMIN' },\n  businessProfile: {\n    businessType: 'individual',\n    category: 'housing',\n    subcategory: 'space_rental',\n    addresses: {\n      street1: '13a/10',\n      street2: '13b/10',\n      city: 'Hanoi,VN',\n      state: 'Hanoi,VN',\n      postalCode: '34234',\n      country: 'VN'\n    }\n  },\n  createdAt: 2025-11-29T00:00:00.000Z,\n  updatedAt: 2025-11-29T00:00:00.000Z,\n  __v: 0,\n  admins: []\n}","service":"organization-service"}
{"level":"info","message":"Received get organization data request","service":"organization-service"}
{"level":"info","message":"Getting organization for userId: 3edcBmQfHXg8WUGXCKdUizicAe43","service":"organization-service"}
{"level":"info","message":"Fetched organizaion: {\n  _id: new ObjectId('692ab2e4e8f8d781960ebacf'),\n  name: 'AST',\n  email: 'fmgduc47@gmail.com',\n  description: 'AST is a dynamic and innovative company specializing in delivering high-quality solutions across technology, services, and business development. With a commitment to excellence and customer satisfaction, AST focuses on creating value through advanced expertise, reliable performance, and forward-thinking strategies. The company continuously strives to evolve, helping clients achieve sustainable growth in an ever-changing market.',\n  phone: '0849404705',\n  superAdmin: { uid: '3edcBmQfHXg8WUGXCKdUizicAe43', adminType: 'SUPER_ADMIN' },\n  businessProfile: {\n    businessType: 'individual',\n    category: 'housing',\n    subcategory: 'space_rental',\n    addresses: {\n      street1: '13a/10',\n      street2: '13b/10',\n      city: 'Hanoi,VN',\n      state: 'Hanoi,VN',\n      postalCode: '34234',\n      country: 'VN'\n    }\n  },\n  createdAt: 2025-11-29T00:00:00.000Z,\n  updatedAt: 2025-11-29T00:00:00.000Z,\n  __v: 0,\n  admins: []\n}","service":"organization-service"}
{"level":"info","message":"Received get organization data request","service":"organization-service"}
{"level":"info","message":"Getting organization for userId: 3edcBmQfHXg8WUGXCKdUizicAe43","service":"organization-service"}
{"level":"info","message":"Fetched organizaion: {\n  _id: new ObjectId('692ab2e4e8f8d781960ebacf'),\n  name: 'AST',\n  email: 'fmgduc47@gmail.com',\n  description: 'AST is a dynamic and innovative company specializing in delivering high-quality solutions across technology, services, and business development. With a commitment to excellence and customer satisfaction, AST focuses on creating value through advanced expertise, reliable performance, and forward-thinking strategies. The company continuously strives to evolve, helping clients achieve sustainable growth in an ever-changing market.',\n  phone: '0849404705',\n  superAdmin: { uid: '3edcBmQfHXg8WUGXCKdUizicAe43', adminType: 'SUPER_ADMIN' },\n  businessProfile: {\n    businessType: 'individual',\n    category: 'housing',\n    subcategory: 'space_rental',\n    addresses: {\n      street1: '13a/10',\n      street2: '13b/10',\n      city: 'Hanoi,VN',\n      state: 'Hanoi,VN',\n      postalCode: '34234',\n      country: 'VN'\n    }\n  },\n  createdAt: 2025-11-29T00:00:00.000Z,\n  updatedAt: 2025-11-29T00:00:00.000Z,\n  __v: 0,\n  admins: []\n}","service":"organization-service"}
{"level":"info","message":"Received verify user request","service":"organization-service"}
{"level":"info","message":"Verifying user: 3edcBmQfHXg8WUGXCKdUizicAe43 for organizationId: 692ab2e4e8f8d781960ebacf","service":"organization-service"}
{"level":"info","message":"Attempting to verify user","service":"organization-service"}
{"level":"info","message":"Checking if the current user has the permissions.","service":"organization-service"}
{"level":"info","message":"Getting organization superAdmin","service":"organization-service"}
{"level":"info","message":"Organization superAdmin id: 3edcBmQfHXg8WUGXCKdUizicAe43","service":"organization-service"}
{"level":"info","message":"The current user have permission.","service":"organization-service"}
{"allowed":true,"level":"info","message":"User Verified successfully:  User has the required permissions.","service":"organization-service"}
{"level":"info","message":"Received get organization data request","service":"organization-service"}
{"level":"info","message":"Getting organization for organizaionId: 692ab2e4e8f8d781960ebacf","service":"organization-service"}
{"level":"info","message":"Fetched organizaion: {\n  _id: new ObjectId('692ab2e4e8f8d781960ebacf'),\n  name: 'AST',\n  email: 'fmgduc47@gmail.com',\n  description: 'AST is a dynamic and innovative company specializing in delivering high-quality solutions across technology, services, and business development. With a commitment to excellence and customer satisfaction, AST focuses on creating value through advanced expertise, reliable performance, and forward-thinking strategies. The company continuously strives to evolve, helping clients achieve sustainable growth in an ever-changing market.',\n  phone: '0849404705',\n  superAdmin: { uid: '3edcBmQfHXg8WUGXCKdUizicAe43', adminType: 'SUPER_ADMIN' },\n  businessProfile: {\n    businessType: 'individual',\n    category: 'housing',\n    subcategory: 'space_rental',\n    addresses: {\n      street1: '13a/10',\n      street2: '13b/10',\n      city: 'Hanoi,VN',\n      state: 'Hanoi,VN',\n      postalCode: '34234',\n      country: 'VN'\n    }\n  },\n  createdAt: 2025-11-29T00:00:00.000Z,\n  updatedAt: 2025-11-29T00:00:00.000Z,\n  __v: 0,\n  admins: []\n}","service":"organization-service"}
{"level":"info","message":"Received verify user request","service":"organization-service"}
{"level":"info","message":"Verifying user: 3edcBmQfHXg8WUGXCKdUizicAe43 for organizationId: 692ab2e4e8f8d781960ebacf","service":"organization-service"}
{"level":"info","message":"Attempting to verify user","service":"organization-service"}
{"level":"info","message":"Checking if the current user has the permissions.","service":"organization-service"}
{"level":"info","message":"Getting organization superAdmin","service":"organization-service"}
{"level":"info","message":"Organization superAdmin id: 3edcBmQfHXg8WUGXCKdUizicAe43","service":"organization-service"}
{"level":"info","message":"The current user have permission.","service":"organization-service"}
{"allowed":true,"level":"info","message":"User Verified successfully:  User has the required permissions.","service":"organization-service"}
{"level":"info","message":"Received get organization data request","service":"organization-service"}
{"level":"info","message":"Getting organization for organizaionId: 692ab2e4e8f8d781960ebacf","service":"organization-service"}
{"level":"info","message":"Fetched organizaion: {\n  _id: new ObjectId('692ab2e4e8f8d781960ebacf'),\n  name: 'AST',\n  email: 'fmgduc47@gmail.com',\n  description: 'AST is a dynamic and innovative company specializing in delivering high-quality solutions across technology, services, and business development. With a commitment to excellence and customer satisfaction, AST focuses on creating value through advanced expertise, reliable performance, and forward-thinking strategies. The company continuously strives to evolve, helping clients achieve sustainable growth in an ever-changing market.',\n  phone: '0849404705',\n  superAdmin: { uid: '3edcBmQfHXg8WUGXCKdUizicAe43', adminType: 'SUPER_ADMIN' },\n  businessProfile: {\n    businessType: 'individual',\n    category: 'housing',\n    subcategory: 'space_rental',\n    addresses: {\n      street1: '13a/10',\n      street2: '13b/10',\n      city: 'Hanoi,VN',\n      state: 'Hanoi,VN',\n      postalCode: '34234',\n      country: 'VN'\n    }\n  },\n  createdAt: 2025-11-29T00:00:00.000Z,\n  updatedAt: 2025-11-29T00:00:00.000Z,\n  __v: 0,\n  admins: []\n}","service":"organization-service"}
{"level":"info","message":"Received verify user request","service":"organization-service"}
{"level":"info","message":"Verifying user: 3edcBmQfHXg8WUGXCKdUizicAe43 for organizationId: 692ab2e4e8f8d781960ebacf","service":"organization-service"}
{"level":"info","message":"Attempting to verify user","service":"organization-service"}
{"level":"info","message":"Checking if the current user has the permissions.","service":"organization-service"}
{"level":"info","message":"Getting organization superAdmin","service":"organization-service"}
{"level":"info","message":"Organization superAdmin id: 3edcBmQfHXg8WUGXCKdUizicAe43","service":"organization-service"}
{"level":"info","message":"The current user have permission.","service":"organization-service"}
{"allowed":true,"level":"info","message":"User Verified successfully:  User has the required permissions.","service":"organization-service"}
{"level":"info","message":"Received get organization data request","service":"organization-service"}
{"level":"info","message":"Getting organization for organizaionId: 692ab2e4e8f8d781960ebacf","service":"organization-service"}
{"level":"info","message":"Fetched organizaion: {\n  _id: new ObjectId('692ab2e4e8f8d781960ebacf'),\n  name: 'AST',\n  email: 'fmgduc47@gmail.com',\n  description: 'AST is a dynamic and innovative company specializing in delivering high-quality solutions across technology, services, and business development. With a commitment to excellence and customer satisfaction, AST focuses on creating value through advanced expertise, reliable performance, and forward-thinking strategies. The company continuously strives to evolve, helping clients achieve sustainable growth in an ever-changing market.',\n  phone: '0849404705',\n  superAdmin: { uid: '3edcBmQfHXg8WUGXCKdUizicAe43', adminType: 'SUPER_ADMIN' },\n  businessProfile: {\n    businessType: 'individual',\n    category: 'housing',\n    subcategory: 'space_rental',\n    addresses: {\n      street1: '13a/10',\n      street2: '13b/10',\n      city: 'Hanoi,VN',\n      state: 'Hanoi,VN',\n      postalCode: '34234',\n      country: 'VN'\n    }\n  },\n  createdAt: 2025-11-29T00:00:00.000Z,\n  updatedAt: 2025-11-29T00:00:00.000Z,\n  __v: 0,\n  admins: []\n}","service":"organization-service"}
{"level":"info","message":"Received get organization data request","service":"organization-service"}
{"level":"info","message":"Getting organization for userId: 3edcBmQfHXg8WUGXCKdUizicAe43","service":"organization-service"}
{"level":"info","message":"Fetched organizaion: {\n  _id: new ObjectId('692ab2e4e8f8d781960ebacf'),\n  name: 'AST',\n  email: 'fmgduc47@gmail.com',\n  description: 'AST is a dynamic and innovative company specializing in delivering high-quality solutions across technology, services, and business development. With a commitment to excellence and customer satisfaction, AST focuses on creating value through advanced expertise, reliable performance, and forward-thinking strategies. The company continuously strives to evolve, helping clients achieve sustainable growth in an ever-changing market.',\n  phone: '0849404705',\n  superAdmin: { uid: '3edcBmQfHXg8WUGXCKdUizicAe43', adminType: 'SUPER_ADMIN' },\n  businessProfile: {\n    businessType: 'individual',\n    category: 'housing',\n    subcategory: 'space_rental',\n    addresses: {\n      street1: '13a/10',\n      street2: '13b/10',\n      city: 'Hanoi,VN',\n      state: 'Hanoi,VN',\n      postalCode: '34234',\n      country: 'VN'\n    }\n  },\n  createdAt: 2025-11-29T00:00:00.000Z,\n  updatedAt: 2025-11-29T00:00:00.000Z,\n  __v: 0,\n  admins: []\n}","service":"organization-service"}
{"level":"info","message":"Received get organization data request","service":"organization-service"}
{"level":"info","message":"Getting organization for userId: 3edcBmQfHXg8WUGXCKdUizicAe43","service":"organization-service"}
{"level":"info","message":"Fetched organizaion: {\n  _id: new ObjectId('692ab2e4e8f8d781960ebacf'),\n  name: 'AST',\n  email: 'fmgduc47@gmail.com',\n  description: 'AST is a dynamic and innovative company specializing in delivering high-quality solutions across technology, services, and business development. With a commitment to excellence and customer satisfaction, AST focuses on creating value through advanced expertise, reliable performance, and forward-thinking strategies. The company continuously strives to evolve, helping clients achieve sustainable growth in an ever-changing market.',\n  phone: '0849404705',\n  superAdmin: { uid: '3edcBmQfHXg8WUGXCKdUizicAe43', adminType: 'SUPER_ADMIN' },\n  businessProfile: {\n    businessType: 'individual',\n    category: 'housing',\n    subcategory: 'space_rental',\n    addresses: {\n      street1: '13a/10',\n      street2: '13b/10',\n      city: 'Hanoi,VN',\n      state: 'Hanoi,VN',\n      postalCode: '34234',\n      country: 'VN'\n    }\n  },\n  createdAt: 2025-11-29T00:00:00.000Z,\n  updatedAt: 2025-11-29T00:00:00.000Z,\n  __v: 0,\n  admins: []\n}","service":"organization-service"}
{"level":"info","message":"Received get organization data request","service":"organization-service"}
{"level":"info","message":"Getting organization for userId: 3edcBmQfHXg8WUGXCKdUizicAe43","service":"organization-service"}
{"level":"info","message":"Fetched organizaion: {\n  _id: new ObjectId('692ab2e4e8f8d781960ebacf'),\n  name: 'AST',\n  email: 'fmgduc47@gmail.com',\n  description: 'AST is a dynamic and innovative company specializing in delivering high-quality solutions across technology, services, and business development. With a commitment to excellence and customer satisfaction, AST focuses on creating value through advanced expertise, reliable performance, and forward-thinking strategies. The company continuously strives to evolve, helping clients achieve sustainable growth in an ever-changing market.',\n  phone: '0849404705',\n  superAdmin: { uid: '3edcBmQfHXg8WUGXCKdUizicAe43', adminType: 'SUPER_ADMIN' },\n  businessProfile: {\n    businessType: 'individual',\n    category: 'housing',\n    subcategory: 'space_rental',\n    addresses: {\n      street1: '13a/10',\n      street2: '13b/10',\n      city: 'Hanoi,VN',\n      state: 'Hanoi,VN',\n      postalCode: '34234',\n      country: 'VN'\n    }\n  },\n  createdAt: 2025-11-29T00:00:00.000Z,\n  updatedAt: 2025-11-29T00:00:00.000Z,\n  __v: 0,\n  admins: []\n}","service":"organization-service"}
{"level":"info","message":"Received get organization data request","service":"organization-service"}
{"level":"info","message":"Getting organization for userId: 3edcBmQfHXg8WUGXCKdUizicAe43","service":"organization-service"}
{"level":"info","message":"Fetched organizaion: {\n  _id: new ObjectId('692ab2e4e8f8d781960ebacf'),\n  name: 'AST',\n  email: 'fmgduc47@gmail.com',\n  description: 'AST is a dynamic and innovative company specializing in delivering high-quality solutions across technology, services, and business development. With a commitment to excellence and customer satisfaction, AST focuses on creating value through advanced expertise, reliable performance, and forward-thinking strategies. The company continuously strives to evolve, helping clients achieve sustainable growth in an ever-changing market.',\n  phone: '0849404705',\n  superAdmin: { uid: '3edcBmQfHXg8WUGXCKdUizicAe43', adminType: 'SUPER_ADMIN' },\n  businessProfile: {\n    businessType: 'individual',\n    category: 'housing',\n    subcategory: 'space_rental',\n    addresses: {\n      street1: '13a/10',\n      street2: '13b/10',\n      city: 'Hanoi,VN',\n      state: 'Hanoi,VN',\n      postalCode: '34234',\n      country: 'VN'\n    }\n  },\n  createdAt: 2025-11-29T00:00:00.000Z,\n  updatedAt: 2025-11-29T00:00:00.000Z,\n  __v: 0,\n  admins: []\n}","service":"organization-service"}
{"level":"info","message":"Received get organization data request","service":"organization-service"}
{"level":"info","message":"Getting organization for userId: 3edcBmQfHXg8WUGXCKdUizicAe43","service":"organization-service"}
{"level":"info","message":"Fetched organizaion: {\n  _id: new ObjectId('692ab2e4e8f8d781960ebacf'),\n  name: 'AST',\n  email: 'fmgduc47@gmail.com',\n  description: 'AST is a dynamic and innovative company specializing in delivering high-quality solutions across technology, services, and business development. With a commitment to excellence and customer satisfaction, AST focuses on creating value through advanced expertise, reliable performance, and forward-thinking strategies. The company continuously strives to evolve, helping clients achieve sustainable growth in an ever-changing market.',\n  phone: '0849404705',\n  superAdmin: { uid: '3edcBmQfHXg8WUGXCKdUizicAe43', adminType: 'SUPER_ADMIN' },\n  businessProfile: {\n    businessType: 'individual',\n    category: 'housing',\n    subcategory: 'space_rental',\n    addresses: {\n      street1: '13a/10',\n      street2: '13b/10',\n      city: 'Hanoi,VN',\n      state: 'Hanoi,VN',\n      postalCode: '34234',\n      country: 'VN'\n    }\n  },\n  createdAt: 2025-11-29T00:00:00.000Z,\n  updatedAt: 2025-11-29T00:00:00.000Z,\n  __v: 0,\n  admins: []\n}","service":"organization-service"}
{"level":"info","message":"Received get organization data request","service":"organization-service"}
{"level":"info","message":"Getting organization for userId: 3edcBmQfHXg8WUGXCKdUizicAe43","service":"organization-service"}
{"level":"info","message":"Fetched organizaion: {\n  _id: new ObjectId('692ab2e4e8f8d781960ebacf'),\n  name: 'AST',\n  email: 'fmgduc47@gmail.com',\n  description: 'AST is a dynamic and innovative company specializing in delivering high-quality solutions across technology, services, and business development. With a commitment to excellence and customer satisfaction, AST focuses on creating value through advanced expertise, reliable performance, and forward-thinking strategies. The company continuously strives to evolve, helping clients achieve sustainable growth in an ever-changing market.',\n  phone: '0849404705',\n  superAdmin: { uid: '3edcBmQfHXg8WUGXCKdUizicAe43', adminType: 'SUPER_ADMIN' },\n  businessProfile: {\n    businessType: 'individual',\n    category: 'housing',\n    subcategory: 'space_rental',\n    addresses: {\n      street1: '13a/10',\n      street2: '13b/10',\n      city: 'Hanoi,VN',\n      state: 'Hanoi,VN',\n      postalCode: '34234',\n      country: 'VN'\n    }\n  },\n  createdAt: 2025-11-29T00:00:00.000Z,\n  updatedAt: 2025-11-29T00:00:00.000Z,\n  __v: 0,\n  admins: []\n}","service":"organization-service"}
{"level":"info","message":"Received get organization data request","service":"organization-service"}
{"level":"info","message":"Getting organization for userId: 3edcBmQfHXg8WUGXCKdUizicAe43","service":"organization-service"}
{"level":"info","message":"Fetched organizaion: {\n  _id: new ObjectId('692ab2e4e8f8d781960ebacf'),\n  name: 'AST',\n  email: 'fmgduc47@gmail.com',\n  description: 'AST is a dynamic and innovative company specializing in delivering high-quality solutions across technology, services, and business development. With a commitment to excellence and customer satisfaction, AST focuses on creating value through advanced expertise, reliable performance, and forward-thinking strategies. The company continuously strives to evolve, helping clients achieve sustainable growth in an ever-changing market.',\n  phone: '0849404705',\n  superAdmin: { uid: '3edcBmQfHXg8WUGXCKdUizicAe43', adminType: 'SUPER_ADMIN' },\n  businessProfile: {\n    businessType: 'individual',\n    category: 'housing',\n    subcategory: 'space_rental',\n    addresses: {\n      street1: '13a/10',\n      street2: '13b/10',\n      city: 'Hanoi,VN',\n      state: 'Hanoi,VN',\n      postalCode: '34234',\n      country: 'VN'\n    }\n  },\n  createdAt: 2025-11-29T00:00:00.000Z,\n  updatedAt: 2025-11-29T00:00:00.000Z,\n  __v: 0,\n  admins: []\n}","service":"organization-service"}
