{"level":"info","message":"Trying to connect MongoDB...","service":"review-service"}
{"level":"info","message":"Successfully connected to MongoDB","service":"review-service"}
{"level":"info","message":"review-service is running at http://localhost:8088","service":"review-service"}
{"level":"info","message":"Received request for getting all reviews","service":"review-service"}
{"level":"info","limit":"10","message":"The query is: ","page":"1","service":"review-service"}
{"level":"info","message":"Getting all rooms the for query: ","service":"review-service"}
{"level":"info","message":"Fetched all reviews successfully!","service":"review-service"}
{"level":"info","message":"Received request for getting all reviews","service":"review-service"}
{"level":"info","limit":"10","message":"The query is: ","page":"1","service":"review-service"}
{"level":"info","message":"Getting all rooms the for query: ","service":"review-service"}
{"level":"info","message":"Fetched all reviews successfully!","service":"review-service"}
{"level":"info","message":"Received request for getting all reviews","service":"review-service"}
{"level":"info","limit":"10","message":"The query is: ","page":"1","service":"review-service"}
{"level":"info","message":"Getting all rooms the for query: ","service":"review-service"}
{"level":"info","message":"Fetched all reviews successfully!","service":"review-service"}
{"level":"info","message":"Received get overall review data request","service":"review-service"}
{"level":"info","message":"Fetching overall rating for roomId: 692ab9b8714ca038e208446b","service":"review-service"}
{"level":"info","message":"Fetched overall rating: [object Object]","service":"review-service"}
{"level":"info","message":"Received get overall review data request","service":"review-service"}
{"level":"info","message":"Fetching overall rating for roomId: 692ab9b8714ca038e208446b","service":"review-service"}
{"level":"info","message":"Fetched overall rating: [object Object]","service":"review-service"}
{"level":"info","message":"Received get overall review data request","service":"review-service"}
{"level":"info","message":"Fetching overall rating for roomId: 692abb9c714ca038e208447e","service":"review-service"}
{"level":"info","message":"Fetched overall rating: [object Object]","service":"review-service"}
{"level":"info","message":"Received get overall review data request","service":"review-service"}
{"level":"info","message":"Fetching overall rating for roomId: 692abb9c714ca038e208447e","service":"review-service"}
{"level":"info","message":"Fetched overall rating: [object Object]","service":"review-service"}
{"level":"info","message":"Received request for getting all reviews","service":"review-service"}
{"level":"info","limit":"10","message":"The query is: ","page":"1","service":"review-service"}
{"level":"info","message":"Getting all rooms the for query: ","service":"review-service"}
{"level":"info","message":"Fetched all reviews successfully!","service":"review-service"}
{"level":"info","message":"Received request for getting all reviews","service":"review-service"}
{"level":"info","limit":"10","message":"The query is: ","page":"1","service":"review-service"}
{"level":"info","message":"Getting all rooms the for query: ","service":"review-service"}
{"level":"info","message":"Fetched all reviews successfully!","service":"review-service"}
{"level":"info","message":"Received request for getting all reviews","service":"review-service"}
{"level":"info","limit":"10","message":"The query is: ","page":"1","service":"review-service"}
{"level":"info","message":"Getting all rooms the for query: ","service":"review-service"}
{"level":"info","message":"Fetched all reviews successfully!","service":"review-service"}
{"level":"info","message":"Received get overall review data request","service":"review-service"}
{"level":"info","message":"Fetching overall rating for roomId: 692ab9b8714ca038e208446b","service":"review-service"}
{"level":"info","message":"Fetched overall rating: [object Object]","service":"review-service"}
{"level":"info","message":"Received get overall review data request","service":"review-service"}
{"level":"info","message":"Fetching overall rating for roomId: 692ab9b8714ca038e208446b","service":"review-service"}
{"level":"info","message":"Fetched overall rating: [object Object]","service":"review-service"}
{"level":"info","message":"Received get overall review data request","service":"review-service"}
{"level":"info","message":"Fetching overall rating for roomId: 692ab9b8714ca038e208446b","service":"review-service"}
{"level":"info","message":"Fetched overall rating: [object Object]","service":"review-service"}
{"level":"info","message":"Received get overall review data request","service":"review-service"}
{"level":"info","message":"Fetching overall rating for roomId: 692ab9b8714ca038e208446b","service":"review-service"}
{"level":"info","message":"Fetched overall rating: [object Object]","service":"review-service"}
{"level":"info","message":"Received get overall review data request","service":"review-service"}
{"level":"info","message":"Fetching overall rating for roomId: 692abc84714ca038e208448d","service":"review-service"}
{"level":"info","message":"Fetched overall rating: [object Object]","service":"review-service"}
{"level":"info","message":"Received get overall review data request","service":"review-service"}
{"level":"info","message":"Fetching overall rating for roomId: 692abc84714ca038e208448d","service":"review-service"}
{"level":"info","message":"Fetched overall rating: [object Object]","service":"review-service"}
{"level":"info","message":"Received get overall review data request","service":"review-service"}
{"level":"info","message":"Fetching overall rating for roomId: 692ab9b8714ca038e208446b","service":"review-service"}
{"level":"info","message":"Fetched overall rating: [object Object]","service":"review-service"}
{"level":"info","message":"Received get overall review data request","service":"review-service"}
{"level":"info","message":"Fetching overall rating for roomId: 692ab9b8714ca038e208446b","service":"review-service"}
{"level":"info","message":"Fetched overall rating: [object Object]","service":"review-service"}
{"level":"info","message":"Received get overall review data request","service":"review-service"}
{"level":"info","message":"Fetching overall rating for roomId: 692ab9b8714ca038e208446b","service":"review-service"}
{"level":"info","message":"Fetched overall rating: [object Object]","service":"review-service"}
{"level":"info","message":"Received get overall review data request","service":"review-service"}
{"level":"info","message":"Fetching overall rating for roomId: 692ab9b8714ca038e208446b","service":"review-service"}
{"level":"info","message":"Fetched overall rating: [object Object]","service":"review-service"}
{"level":"info","message":"Received request for getting all reviews","service":"review-service"}
{"level":"info","limit":"10","message":"The query is: ","page":"1","service":"review-service"}
{"level":"info","message":"Getting all rooms the for query: ","service":"review-service"}
{"level":"info","message":"Fetched all reviews successfully!","service":"review-service"}
{"level":"info","message":"Received request for getting all reviews","service":"review-service"}
{"level":"info","limit":"10","message":"The query is: ","page":"1","service":"review-service"}
{"level":"info","message":"Getting all rooms the for query: ","service":"review-service"}
{"level":"info","message":"Fetched all reviews successfully!","service":"review-service"}
{"level":"info","message":"Received request for getting all reviews","service":"review-service"}
{"level":"info","limit":"10","message":"The query is: ","page":"1","service":"review-service"}
{"level":"info","message":"Getting all rooms the for query: ","service":"review-service"}
{"level":"info","message":"Fetched all reviews successfully!","service":"review-service"}
{"level":"info","message":"Received get overall review data request","service":"review-service"}
{"level":"info","message":"Fetching overall rating for roomId: 692ab9b8714ca038e208446b","service":"review-service"}
{"level":"info","message":"Fetched overall rating: [object Object]","service":"review-service"}
{"level":"info","message":"Received get overall review data request","service":"review-service"}
{"level":"info","message":"Fetching overall rating for roomId: 692ab9b8714ca038e208446b","service":"review-service"}
{"level":"info","message":"Fetched overall rating: [object Object]","service":"review-service"}
{"level":"info","message":"Received get overall review data request","service":"review-service"}
{"level":"info","message":"Fetching overall rating for roomId: 692ab9b8714ca038e208446b","service":"review-service"}
{"level":"info","message":"Fetched overall rating: [object Object]","service":"review-service"}
{"level":"info","message":"Received get overall review data request","service":"review-service"}
{"level":"info","message":"Fetching overall rating for roomId: 692ab9b8714ca038e208446b","service":"review-service"}
{"level":"info","message":"Fetched overall rating: [object Object]","service":"review-service"}
{"level":"info","message":"Received get overall review data request","service":"review-service"}
{"level":"info","message":"Fetching overall rating for roomId: 692abc84714ca038e208448d","service":"review-service"}
{"level":"info","message":"Fetched overall rating: [object Object]","service":"review-service"}
{"level":"info","message":"Received get overall review data request","service":"review-service"}
{"level":"info","message":"Fetching overall rating for roomId: 692abc84714ca038e208448d","service":"review-service"}
{"level":"info","message":"Fetched overall rating: [object Object]","service":"review-service"}
{"level":"info","message":"Received get overall review data request","service":"review-service"}
{"level":"info","message":"Fetching overall rating for roomId: 692abb9c714ca038e208447e","service":"review-service"}
{"level":"info","message":"Fetched overall rating: [object Object]","service":"review-service"}
{"level":"info","message":"Received get overall review data request","service":"review-service"}
{"level":"info","message":"Fetching overall rating for roomId: 692abb9c714ca038e208447e","service":"review-service"}
{"level":"info","message":"Fetched overall rating: [object Object]","service":"review-service"}
{"level":"info","message":"Received get overall review data request","service":"review-service"}
{"level":"info","message":"Fetching overall rating for roomId: 692ab9b8714ca038e208446b","service":"review-service"}
{"level":"info","message":"Fetched overall rating: [object Object]","service":"review-service"}
{"level":"info","message":"Received get overall review data request","service":"review-service"}
{"level":"info","message":"Fetching overall rating for roomId: 692ab9b8714ca038e208446b","service":"review-service"}
{"level":"info","message":"Fetched overall rating: [object Object]","service":"review-service"}
{"level":"info","message":"Received get overall review data request","service":"review-service"}
{"level":"info","message":"Fetching overall rating for roomId: 692ab9b8714ca038e208446b","service":"review-service"}
{"level":"info","message":"Fetched overall rating: [object Object]","service":"review-service"}
{"level":"info","message":"Received get overall review data request","service":"review-service"}
{"level":"info","message":"Fetching overall rating for roomId: 692ab9b8714ca038e208446b","service":"review-service"}
{"level":"info","message":"Fetched overall rating: [object Object]","service":"review-service"}
{"level":"info","message":"Received request for getting all reviews","service":"review-service"}
{"level":"info","limit":"10","message":"The query is: ","page":"1","service":"review-service"}
{"level":"info","message":"Getting all rooms the for query: ","service":"review-service"}
{"level":"info","message":"Fetched all reviews successfully!","service":"review-service"}
{"level":"info","message":"Received request for getting all reviews","service":"review-service"}
{"level":"info","limit":"10","message":"The query is: ","page":"1","service":"review-service"}
{"level":"info","message":"Getting all rooms the for query: ","service":"review-service"}
{"level":"info","message":"Fetched all reviews successfully!","service":"review-service"}
{"level":"info","message":"Received request for getting all reviews","service":"review-service"}
{"level":"info","limit":"10","message":"The query is: ","page":"1","service":"review-service"}
{"level":"info","message":"Getting all rooms the for query: ","service":"review-service"}
{"level":"info","message":"Fetched all reviews successfully!","service":"review-service"}
{"level":"info","message":"Trying to connect MongoDB...","service":"review-service"}
{"level":"info","message":"Successfully connected to MongoDB","service":"review-service"}
{"level":"info","message":"review-service is running at http://localhost:8088","service":"review-service"}
{"level":"info","message":"Received get overall review data request","service":"review-service"}
{"level":"info","message":"Fetching overall rating for roomId: 692ab9b8714ca038e208446b","service":"review-service"}
{"level":"info","message":"Fetched overall rating: [object Object]","service":"review-service"}
{"level":"info","message":"Received get overall review data request","service":"review-service"}
{"level":"info","message":"Fetching overall rating for roomId: 692ab9b8714ca038e208446b","service":"review-service"}
{"level":"info","message":"Fetched overall rating: [object Object]","service":"review-service"}
{"level":"info","message":"Received get overall review data request","service":"review-service"}
{"level":"info","message":"Fetching overall rating for roomId: 692ab9b8714ca038e208446b","service":"review-service"}
{"level":"info","message":"Fetched overall rating: [object Object]","service":"review-service"}
{"level":"info","message":"Received get overall review data request","service":"review-service"}
{"level":"info","message":"Fetching overall rating for roomId: 692ab9b8714ca038e208446b","service":"review-service"}
{"level":"info","message":"Fetched overall rating: [object Object]","service":"review-service"}
{"level":"info","message":"Received get overall review data request","service":"review-service"}
{"level":"info","message":"Fetching overall rating for roomId: 692ab9b8714ca038e208446b","service":"review-service"}
{"level":"info","message":"Fetched overall rating: [object Object]","service":"review-service"}
{"level":"info","message":"Received get overall review data request","service":"review-service"}
{"level":"info","message":"Fetching overall rating for roomId: 692ab9b8714ca038e208446b","service":"review-service"}
{"level":"info","message":"Fetched overall rating: [object Object]","service":"review-service"}
{"level":"info","message":"Received get overall review data request","service":"review-service"}
{"level":"info","message":"Fetching overall rating for roomId: 692ab9b8714ca038e208446b","service":"review-service"}
{"level":"info","message":"Fetched overall rating: [object Object]","service":"review-service"}
{"level":"info","message":"Received get overall review data request","service":"review-service"}
{"level":"info","message":"Fetching overall rating for roomId: 692ab9b8714ca038e208446b","service":"review-service"}
{"level":"info","message":"Fetched overall rating: [object Object]","service":"review-service"}
{"level":"info","message":"Received get overall review data request","service":"review-service"}
{"level":"info","message":"Fetching overall rating for roomId: 692ab9b8714ca038e208446b","service":"review-service"}
{"level":"info","message":"Fetched overall rating: [object Object]","service":"review-service"}
{"level":"info","message":"Received get overall review data request","service":"review-service"}
{"level":"info","message":"Fetching overall rating for roomId: 692ab9b8714ca038e208446b","service":"review-service"}
{"level":"info","message":"Fetched overall rating: [object Object]","service":"review-service"}
{"level":"info","message":"Received get overall review data request","service":"review-service"}
{"level":"info","message":"Fetching overall rating for roomId: 692ab9b8714ca038e208446b","service":"review-service"}
{"level":"info","message":"Fetched overall rating: [object Object]","service":"review-service"}
{"level":"info","message":"Received get overall review data request","service":"review-service"}
{"level":"info","message":"Fetching overall rating for roomId: 692ab9b8714ca038e208446b","service":"review-service"}
{"level":"info","message":"Fetched overall rating: [object Object]","service":"review-service"}
{"level":"info","message":"Received get overall review data request","service":"review-service"}
{"level":"info","message":"Fetching overall rating for roomId: 692ab9b8714ca038e208446b","service":"review-service"}
{"level":"info","message":"Fetched overall rating: [object Object]","service":"review-service"}
{"level":"info","message":"Received get overall review data request","service":"review-service"}
{"level":"info","message":"Fetching overall rating for roomId: 692ab9b8714ca038e208446b","service":"review-service"}
{"level":"info","message":"Fetched overall rating: [object Object]","service":"review-service"}
{"level":"info","message":"Received get overall review data request","service":"review-service"}
{"level":"info","message":"Fetching overall rating for roomId: 692ab9b8714ca038e208446b","service":"review-service"}
{"level":"info","message":"Fetched overall rating: [object Object]","service":"review-service"}
{"level":"info","message":"Received get overall review data request","service":"review-service"}
{"level":"info","message":"Fetching overall rating for roomId: 692ab9b8714ca038e208446b","service":"review-service"}
{"level":"info","message":"Fetched overall rating: [object Object]","service":"review-service"}
{"level":"info","message":"Received get overall review data request","service":"review-service"}
{"level":"info","message":"Fetching overall rating for roomId: 692ab9b8714ca038e208446b","service":"review-service"}
{"level":"info","message":"Fetched overall rating: [object Object]","service":"review-service"}
{"level":"info","message":"Received get overall review data request","service":"review-service"}
{"level":"info","message":"Fetching overall rating for roomId: 692ab9b8714ca038e208446b","service":"review-service"}
{"level":"info","message":"Fetched overall rating: [object Object]","service":"review-service"}
{"level":"info","message":"Received get overall review data request","service":"review-service"}
{"level":"info","message":"Fetching overall rating for roomId: 692ab9b8714ca038e208446b","service":"review-service"}
{"level":"info","message":"Fetched overall rating: [object Object]","service":"review-service"}
{"level":"info","message":"Received get overall review data request","service":"review-service"}
{"level":"info","message":"Fetching overall rating for roomId: 692ab9b8714ca038e208446b","service":"review-service"}
{"level":"info","message":"Fetched overall rating: [object Object]","service":"review-service"}
{"level":"info","message":"Received get overall review data request","service":"review-service"}
{"level":"info","message":"Fetching overall rating for roomId: 692ab9b8714ca038e208446b","service":"review-service"}
{"level":"info","message":"Fetched overall rating: [object Object]","service":"review-service"}
{"level":"info","message":"Received get overall review data request","service":"review-service"}
{"level":"info","message":"Fetching overall rating for roomId: 692ab9b8714ca038e208446b","service":"review-service"}
{"level":"info","message":"Fetched overall rating: [object Object]","service":"review-service"}
{"level":"info","message":"Received get overall review data request","service":"review-service"}
{"level":"info","message":"Fetching overall rating for roomId: 692ab9b8714ca038e208446b","service":"review-service"}
{"level":"info","message":"Fetched overall rating: [object Object]","service":"review-service"}
{"level":"info","message":"Received get overall review data request","service":"review-service"}
{"level":"info","message":"Fetching overall rating for roomId: 692ab9b8714ca038e208446b","service":"review-service"}
{"level":"info","message":"Fetched overall rating: [object Object]","service":"review-service"}
{"level":"info","message":"Received get overall review data request","service":"review-service"}
{"level":"info","message":"Fetching overall rating for roomId: 692ab9b8714ca038e208446b","service":"review-service"}
{"level":"info","message":"Fetched overall rating: [object Object]","service":"review-service"}
{"level":"info","message":"Received get overall review data request","service":"review-service"}
{"level":"info","message":"Fetching overall rating for roomId: 692ab9b8714ca038e208446b","service":"review-service"}
{"level":"info","message":"Fetched overall rating: [object Object]","service":"review-service"}
{"level":"info","message":"Received get overall review data request","service":"review-service"}
{"level":"info","message":"Fetching overall rating for roomId: 692abc84714ca038e208448d","service":"review-service"}
{"level":"info","message":"Fetched overall rating: [object Object]","service":"review-service"}
{"level":"info","message":"Received get overall review data request","service":"review-service"}
{"level":"info","message":"Fetching overall rating for roomId: 692abc84714ca038e208448d","service":"review-service"}
{"level":"info","message":"Fetched overall rating: [object Object]","service":"review-service"}
{"level":"info","message":"Received get overall review data request","service":"review-service"}
{"level":"info","message":"Fetching overall rating for roomId: 692abc84714ca038e208448d","service":"review-service"}
{"level":"info","message":"Fetched overall rating: [object Object]","service":"review-service"}
{"level":"info","message":"Received get overall review data request","service":"review-service"}
{"level":"info","message":"Fetching overall rating for roomId: 692abc84714ca038e208448d","service":"review-service"}
{"level":"info","message":"Fetched overall rating: [object Object]","service":"review-service"}
{"level":"info","message":"Received get overall review data request","service":"review-service"}
{"level":"info","message":"Fetching overall rating for roomId: 692abc84714ca038e208448d","service":"review-service"}
{"level":"info","message":"Fetched overall rating: [object Object]","service":"review-service"}
{"level":"info","message":"Received get overall review data request","service":"review-service"}
{"level":"info","message":"Fetching overall rating for roomId: 692abc84714ca038e208448d","service":"review-service"}
{"level":"info","message":"Fetched overall rating: [object Object]","service":"review-service"}
{"level":"info","message":"Received get overall review data request","service":"review-service"}
{"level":"info","message":"Fetching overall rating for roomId: 692abb9c714ca038e208447e","service":"review-service"}
{"level":"info","message":"Fetched overall rating: [object Object]","service":"review-service"}
{"level":"info","message":"Received get overall review data request","service":"review-service"}
{"level":"info","message":"Fetching overall rating for roomId: 692abb9c714ca038e208447e","service":"review-service"}
{"level":"info","message":"Fetched overall rating: [object Object]","service":"review-service"}
{"level":"info","message":"Received get overall review data request","service":"review-service"}
{"level":"info","message":"Fetching overall rating for roomId: 692abb9c714ca038e208447e","service":"review-service"}
{"level":"info","message":"Fetched overall rating: [object Object]","service":"review-service"}
{"level":"info","message":"Received get overall review data request","service":"review-service"}
{"level":"info","message":"Fetching overall rating for roomId: 692abb9c714ca038e208447e","service":"review-service"}
{"level":"info","message":"Fetched overall rating: [object Object]","service":"review-service"}
{"level":"info","message":"Received get overall review data request","service":"review-service"}
{"level":"info","message":"Fetching overall rating for roomId: 692abb9c714ca038e208447e","service":"review-service"}
{"level":"info","message":"Fetched overall rating: [object Object]","service":"review-service"}
{"level":"info","message":"Received get overall review data request","service":"review-service"}
{"level":"info","message":"Fetching overall rating for roomId: 692abb9c714ca038e208447e","service":"review-service"}
{"level":"info","message":"Fetched overall rating: [object Object]","service":"review-service"}
{"level":"info","message":"Received get overall review data request","service":"review-service"}
{"level":"info","message":"Fetching overall rating for roomId: 692abb9c714ca038e208447e","service":"review-service"}
{"level":"info","message":"Fetched overall rating: [object Object]","service":"review-service"}
{"level":"info","message":"Received get overall review data request","service":"review-service"}
{"level":"info","message":"Fetching overall rating for roomId: 692abb9c714ca038e208447e","service":"review-service"}
{"level":"info","message":"Fetched overall rating: [object Object]","service":"review-service"}
{"level":"info","message":"Received get overall review data request","service":"review-service"}
{"level":"info","message":"Fetching overall rating for roomId: 692abb9c714ca038e208447e","service":"review-service"}
{"level":"info","message":"Fetched overall rating: [object Object]","service":"review-service"}
{"level":"info","message":"Received get overall review data request","service":"review-service"}
{"level":"info","message":"Fetching overall rating for roomId: 692abb9c714ca038e208447e","service":"review-service"}
{"level":"info","message":"Fetched overall rating: [object Object]","service":"review-service"}
{"level":"info","message":"Trying to connect MongoDB...","service":"review-service"}
{"level":"info","message":"Successfully connected to MongoDB","service":"review-service"}
{"level":"info","message":"review-service is running at http://localhost:8088","service":"review-service"}
{"level":"error","message":"Error occured during starting the eureka client: AggregateError","service":"review-service"}
{"level":"info","message":"Trying to connect MongoDB...","service":"review-service"}
{"level":"info","message":"Successfully connected to MongoDB","service":"review-service"}
{"level":"info","message":"review-service is running at http://localhost:8088","service":"review-service"}
{"level":"info","message":"Received get overall review data request","service":"review-service"}
{"level":"info","message":"Fetching overall rating for roomId: 692abb9c714ca038e208447e","service":"review-service"}
{"level":"info","message":"Fetched overall rating: [object Object]","service":"review-service"}
{"level":"info","message":"Received get overall review data request","service":"review-service"}
{"level":"info","message":"Fetching overall rating for roomId: 692abb9c714ca038e208447e","service":"review-service"}
{"level":"info","message":"Fetched overall rating: [object Object]","service":"review-service"}
{"level":"info","message":"Received get overall review data request","service":"review-service"}
{"level":"info","message":"Fetching overall rating for roomId: 692abb9c714ca038e208447e","service":"review-service"}
{"level":"info","message":"Fetched overall rating: [object Object]","service":"review-service"}
{"level":"info","message":"Received get overall review data request","service":"review-service"}
{"level":"info","message":"Fetching overall rating for roomId: 692abb9c714ca038e208447e","service":"review-service"}
{"level":"info","message":"Fetched overall rating: [object Object]","service":"review-service"}
{"level":"info","message":"Received get overall review data request","service":"review-service"}
{"level":"info","message":"Fetching overall rating for roomId: 692abc84714ca038e208448d","service":"review-service"}
{"level":"info","message":"Fetched overall rating: [object Object]","service":"review-service"}
{"level":"info","message":"Received get overall review data request","service":"review-service"}
{"level":"info","message":"Fetching overall rating for roomId: 692abc84714ca038e208448d","service":"review-service"}
{"level":"info","message":"Fetched overall rating: [object Object]","service":"review-service"}
{"level":"info","message":"Received get overall review data request","service":"review-service"}
{"level":"info","message":"Fetching overall rating for roomId: 692ab9b8714ca038e208446b","service":"review-service"}
{"level":"info","message":"Fetched overall rating: [object Object]","service":"review-service"}
{"level":"info","message":"Received get overall review data request","service":"review-service"}
{"level":"info","message":"Fetching overall rating for roomId: 692ab9b8714ca038e208446b","service":"review-service"}
{"level":"info","message":"Fetched overall rating: [object Object]","service":"review-service"}
{"level":"info","message":"Received get overall review data request","service":"review-service"}
{"level":"info","message":"Fetching overall rating for roomId: 692ab9b8714ca038e208446b","service":"review-service"}
{"level":"info","message":"Fetched overall rating: [object Object]","service":"review-service"}
{"level":"info","message":"Received get overall review data request","service":"review-service"}
{"level":"info","message":"Fetching overall rating for roomId: 692ab9b8714ca038e208446b","service":"review-service"}
{"level":"info","message":"Fetched overall rating: [object Object]","service":"review-service"}
{"level":"info","message":"Trying to connect MongoDB...","service":"review-service"}
{"level":"info","message":"Successfully connected to MongoDB","service":"review-service"}
{"level":"info","message":"review-service is running at http://localhost:8088","service":"review-service"}
{"level":"error","message":"Error occured during starting the eureka client: AggregateError","service":"review-service"}
{"level":"info","message":"Trying to connect MongoDB...","service":"review-service"}
{"level":"info","message":"Successfully connected to MongoDB","service":"review-service"}
{"level":"info","message":"review-service is running at http://localhost:8088","service":"review-service"}
{"level":"info","message":"Received get overall review data request","service":"review-service"}
{"level":"info","message":"Fetching overall rating for roomId: 692abb9c714ca038e208447e","service":"review-service"}
{"level":"info","message":"Fetched overall rating: [object Object]","service":"review-service"}
{"level":"info","message":"Received get overall review data request","service":"review-service"}
{"level":"info","message":"Fetching overall rating for roomId: 692abb9c714ca038e208447e","service":"review-service"}
{"level":"info","message":"Fetched overall rating: [object Object]","service":"review-service"}
{"level":"info","message":"Received get overall review data request","service":"review-service"}
{"level":"info","message":"Fetching overall rating for roomId: 692ab9b8714ca038e208446b","service":"review-service"}
{"level":"info","message":"Fetched overall rating: [object Object]","service":"review-service"}
{"level":"info","message":"Received get overall review data request","service":"review-service"}
{"level":"info","message":"Fetching overall rating for roomId: 692ab9b8714ca038e208446b","service":"review-service"}
{"level":"info","message":"Fetched overall rating: [object Object]","service":"review-service"}
{"level":"info","message":"Trying to connect MongoDB...","service":"review-service"}
{"level":"info","message":"Successfully connected to MongoDB","service":"review-service"}
{"level":"info","message":"review-service is running at http://localhost:8088","service":"review-service"}
{"level":"error","message":"Error occured during starting the eureka client: AggregateError","service":"review-service"}
{"level":"info","message":"Trying to connect MongoDB...","service":"review-service"}
{"level":"info","message":"Successfully connected to MongoDB","service":"review-service"}
{"level":"info","message":"review-service is running at http://localhost:8088","service":"review-service"}
{"level":"info","message":"Received get overall review data request","service":"review-service"}
{"level":"info","message":"Fetching overall rating for roomId: 692abb9c714ca038e208447e","service":"review-service"}
{"level":"info","message":"Fetched overall rating: [object Object]","service":"review-service"}
{"level":"info","message":"Received get overall review data request","service":"review-service"}
{"level":"info","message":"Fetching overall rating for roomId: 692abb9c714ca038e208447e","service":"review-service"}
{"level":"info","message":"Fetched overall rating: [object Object]","service":"review-service"}
{"level":"info","message":"Received get overall review data request","service":"review-service"}
{"level":"info","message":"Fetching overall rating for roomId: 692ab9b8714ca038e208446b","service":"review-service"}
{"level":"info","message":"Fetched overall rating: [object Object]","service":"review-service"}
{"level":"info","message":"Received get overall review data request","service":"review-service"}
{"level":"info","message":"Fetching overall rating for roomId: 692ab9b8714ca038e208446b","service":"review-service"}
{"level":"info","message":"Fetched overall rating: [object Object]","service":"review-service"}
{"level":"info","message":"Trying to connect MongoDB...","service":"review-service"}
{"level":"info","message":"Successfully connected to MongoDB","service":"review-service"}
{"level":"info","message":"review-service is running at http://localhost:8088","service":"review-service"}
{"level":"info","message":"Received get overall review data request","service":"review-service"}
{"level":"info","message":"Fetching overall rating for roomId: 692ab9b8714ca038e208446b","service":"review-service"}
{"level":"info","message":"Fetched overall rating: [object Object]","service":"review-service"}
{"level":"info","message":"Received get overall review data request","service":"review-service"}
{"level":"info","message":"Fetching overall rating for roomId: 692ab9b8714ca038e208446b","service":"review-service"}
{"level":"info","message":"Fetched overall rating: [object Object]","service":"review-service"}
{"level":"info","message":"Received get overall review data request","service":"review-service"}
{"level":"info","message":"Fetching overall rating for roomId: 692ab9b8714ca038e208446b","service":"review-service"}
{"level":"info","message":"Fetched overall rating: [object Object]","service":"review-service"}
{"level":"info","message":"Received get overall review data request","service":"review-service"}
{"level":"info","message":"Fetching overall rating for roomId: 692ab9b8714ca038e208446b","service":"review-service"}
{"level":"info","message":"Fetched overall rating: [object Object]","service":"review-service"}
{"level":"info","message":"Received get overall review data request","service":"review-service"}
{"level":"info","message":"Fetching overall rating for roomId: 692abc84714ca038e208448d","service":"review-service"}
{"level":"info","message":"Fetched overall rating: [object Object]","service":"review-service"}
{"level":"info","message":"Received get overall review data request","service":"review-service"}
{"level":"info","message":"Fetching overall rating for roomId: 692abc84714ca038e208448d","service":"review-service"}
{"level":"info","message":"Fetched overall rating: [object Object]","service":"review-service"}
{"level":"info","message":"Received get overall review data request","service":"review-service"}
{"level":"info","message":"Fetching overall rating for roomId: 692ab9b8714ca038e208446b","service":"review-service"}
{"level":"info","message":"Fetched overall rating: [object Object]","service":"review-service"}
{"level":"info","message":"Received get overall review data request","service":"review-service"}
{"level":"info","message":"Fetching overall rating for roomId: 692ab9b8714ca038e208446b","service":"review-service"}
{"level":"info","message":"Fetched overall rating: [object Object]","service":"review-service"}
{"level":"info","message":"Received get overall review data request","service":"review-service"}
{"level":"info","message":"Fetching overall rating for roomId: 692ab9b8714ca038e208446b","service":"review-service"}
{"level":"info","message":"Fetched overall rating: [object Object]","service":"review-service"}
{"level":"info","message":"Received get overall review data request","service":"review-service"}
{"level":"info","message":"Fetching overall rating for roomId: 692ab9b8714ca038e208446b","service":"review-service"}
{"level":"info","message":"Fetched overall rating: [object Object]","service":"review-service"}
{"level":"info","message":"Received get overall review data request","service":"review-service"}
{"level":"info","message":"Fetching overall rating for roomId: 692ab9b8714ca038e208446b","service":"review-service"}
{"level":"info","message":"Fetched overall rating: [object Object]","service":"review-service"}
{"level":"info","message":"Received get overall review data request","service":"review-service"}
{"level":"info","message":"Fetching overall rating for roomId: 692ab9b8714ca038e208446b","service":"review-service"}
{"level":"info","message":"Fetched overall rating: [object Object]","service":"review-service"}
{"level":"info","message":"Received get overall review data request","service":"review-service"}
{"level":"info","message":"Fetching overall rating for roomId: 692ab9b8714ca038e208446b","service":"review-service"}
{"level":"info","message":"Fetched overall rating: [object Object]","service":"review-service"}
{"level":"info","message":"Received get overall review data request","service":"review-service"}
{"level":"info","message":"Fetching overall rating for roomId: 692ab9b8714ca038e208446b","service":"review-service"}
{"level":"info","message":"Fetched overall rating: [object Object]","service":"review-service"}
{"level":"info","message":"Received get overall review data request","service":"review-service"}
{"level":"info","message":"Fetching overall rating for roomId: 692ab9b8714ca038e208446b","service":"review-service"}
{"level":"info","message":"Fetched overall rating: [object Object]","service":"review-service"}
{"level":"info","message":"Received get overall review data request","service":"review-service"}
{"level":"info","message":"Fetching overall rating for roomId: 692ab9b8714ca038e208446b","service":"review-service"}
{"level":"info","message":"Fetched overall rating: [object Object]","service":"review-service"}
{"level":"info","message":"Received get overall review data request","service":"review-service"}
{"level":"info","message":"Fetching overall rating for roomId: 692ab9b8714ca038e208446b","service":"review-service"}
{"level":"info","message":"Fetched overall rating: [object Object]","service":"review-service"}
{"level":"info","message":"Received get overall review data request","service":"review-service"}
{"level":"info","message":"Fetching overall rating for roomId: 692ab9b8714ca038e208446b","service":"review-service"}
{"level":"info","message":"Fetched overall rating: [object Object]","service":"review-service"}
{"level":"info","message":"Received get overall review data request","service":"review-service"}
{"level":"info","message":"Fetching overall rating for roomId: 692abc84714ca038e208448d","service":"review-service"}
{"level":"info","message":"Fetched overall rating: [object Object]","service":"review-service"}
{"level":"info","message":"Received get overall review data request","service":"review-service"}
{"level":"info","message":"Fetching overall rating for roomId: 692abc84714ca038e208448d","service":"review-service"}
{"level":"info","message":"Fetched overall rating: [object Object]","service":"review-service"}
{"level":"info","message":"Received get overall review data request","service":"review-service"}
{"level":"info","message":"Fetching overall rating for roomId: 692abb9c714ca038e208447e","service":"review-service"}
{"level":"info","message":"Fetched overall rating: [object Object]","service":"review-service"}
{"level":"info","message":"Received get overall review data request","service":"review-service"}
{"level":"info","message":"Fetching overall rating for roomId: 692abb9c714ca038e208447e","service":"review-service"}
{"level":"info","message":"Fetched overall rating: [object Object]","service":"review-service"}
{"level":"info","message":"Received get overall review data request","service":"review-service"}
{"level":"info","message":"Fetching overall rating for roomId: 692abc84714ca038e208448d","service":"review-service"}
{"level":"info","message":"Fetched overall rating: [object Object]","service":"review-service"}
{"level":"info","message":"Received get overall review data request","service":"review-service"}
{"level":"info","message":"Fetching overall rating for roomId: 692abc84714ca038e208448d","service":"review-service"}
{"level":"info","message":"Fetched overall rating: [object Object]","service":"review-service"}
{"level":"info","message":"Received get overall review data request","service":"review-service"}
{"level":"info","message":"Fetching overall rating for roomId: 692abc84714ca038e208448d","service":"review-service"}
{"level":"info","message":"Fetched overall rating: [object Object]","service":"review-service"}
{"level":"info","message":"Received get overall review data request","service":"review-service"}
{"level":"info","message":"Fetching overall rating for roomId: 692abc84714ca038e208448d","service":"review-service"}
{"level":"info","message":"Fetched overall rating: [object Object]","service":"review-service"}
{"level":"info","message":"Received get overall review data request","service":"review-service"}
{"level":"info","message":"Fetching overall rating for roomId: 692abb9c714ca038e208447e","service":"review-service"}
{"level":"info","message":"Fetched overall rating: [object Object]","service":"review-service"}
{"level":"info","message":"Received get overall review data request","service":"review-service"}
{"level":"info","message":"Fetching overall rating for roomId: 692abb9c714ca038e208447e","service":"review-service"}
{"level":"info","message":"Fetched overall rating: [object Object]","service":"review-service"}
{"level":"info","message":"Received get overall review data request","service":"review-service"}
{"level":"info","message":"Fetching overall rating for roomId: 692abb9c714ca038e208447e","service":"review-service"}
{"level":"info","message":"Fetched overall rating: [object Object]","service":"review-service"}
{"level":"info","message":"Received get overall review data request","service":"review-service"}
{"level":"info","message":"Fetching overall rating for roomId: 692abb9c714ca038e208447e","service":"review-service"}
{"level":"info","message":"Fetched overall rating: [object Object]","service":"review-service"}
{"level":"info","message":"Received get overall review data request","service":"review-service"}
{"level":"info","message":"Fetching overall rating for roomId: 692abb9c714ca038e208447e","service":"review-service"}
{"level":"info","message":"Fetched overall rating: [object Object]","service":"review-service"}
{"level":"info","message":"Received get overall review data request","service":"review-service"}
{"level":"info","message":"Fetching overall rating for roomId: 692abb9c714ca038e208447e","service":"review-service"}
{"level":"info","message":"Fetched overall rating: [object Object]","service":"review-service"}
{"level":"info","message":"Received get overall review data request","service":"review-service"}
{"level":"info","message":"Fetching overall rating for roomId: 692abb9c714ca038e208447e","service":"review-service"}
{"level":"info","message":"Fetched overall rating: [object Object]","service":"review-service"}
{"level":"info","message":"Received get overall review data request","service":"review-service"}
{"level":"info","message":"Fetching overall rating for roomId: 692abb9c714ca038e208447e","service":"review-service"}
{"level":"info","message":"Fetched overall rating: [object Object]","service":"review-service"}
{"level":"info","message":"Received get overall review data request","service":"review-service"}
{"level":"info","message":"Fetching overall rating for roomId: 692ab9b8714ca038e208446b","service":"review-service"}
{"level":"info","message":"Fetched overall rating: [object Object]","service":"review-service"}
{"level":"info","message":"Received get overall review data request","service":"review-service"}
{"level":"info","message":"Fetching overall rating for roomId: 692ab9b8714ca038e208446b","service":"review-service"}
{"level":"info","message":"Fetched overall rating: [object Object]","service":"review-service"}
{"level":"info","message":"Received get overall review data request","service":"review-service"}
{"level":"info","message":"Fetching overall rating for roomId: 692abb9c714ca038e208447e","service":"review-service"}
{"level":"info","message":"Fetched overall rating: [object Object]","service":"review-service"}
{"level":"info","message":"Received get overall review data request","service":"review-service"}
{"level":"info","message":"Fetching overall rating for roomId: 692abb9c714ca038e208447e","service":"review-service"}
{"level":"info","message":"Fetched overall rating: [object Object]","service":"review-service"}
{"level":"info","message":"Received get overall review data request","service":"review-service"}
{"level":"info","message":"Fetching overall rating for roomId: 692ab9b8714ca038e208446b","service":"review-service"}
{"level":"info","message":"Fetched overall rating: [object Object]","service":"review-service"}
{"level":"info","message":"Received get overall review data request","service":"review-service"}
{"level":"info","message":"Fetching overall rating for roomId: 692ab9b8714ca038e208446b","service":"review-service"}
{"level":"info","message":"Fetched overall rating: [object Object]","service":"review-service"}
{"level":"info","message":"Received get overall review data request","service":"review-service"}
{"level":"info","message":"Fetching overall rating for roomId: 692abc84714ca038e208448d","service":"review-service"}
{"level":"info","message":"Fetched overall rating: [object Object]","service":"review-service"}
{"level":"info","message":"Received get overall review data request","service":"review-service"}
{"level":"info","message":"Fetching overall rating for roomId: 692abc84714ca038e208448d","service":"review-service"}
{"level":"info","message":"Fetched overall rating: [object Object]","service":"review-service"}
{"level":"info","message":"Received get overall review data request","service":"review-service"}
{"level":"info","message":"Fetching overall rating for roomId: 692abb9c714ca038e208447e","service":"review-service"}
{"level":"info","message":"Fetched overall rating: [object Object]","service":"review-service"}
{"level":"info","message":"Received get overall review data request","service":"review-service"}
{"level":"info","message":"Fetching overall rating for roomId: 692abb9c714ca038e208447e","service":"review-service"}
{"level":"info","message":"Fetched overall rating: [object Object]","service":"review-service"}
{"level":"info","message":"Received get overall review data request","service":"review-service"}
{"level":"info","message":"Fetching overall rating for roomId: 692abb9c714ca038e208447e","service":"review-service"}
{"level":"info","message":"Fetched overall rating: [object Object]","service":"review-service"}
{"level":"info","message":"Received get overall review data request","service":"review-service"}
{"level":"info","message":"Fetching overall rating for roomId: 692abb9c714ca038e208447e","service":"review-service"}
{"level":"info","message":"Fetched overall rating: [object Object]","service":"review-service"}
{"level":"info","message":"Received get overall review data request","service":"review-service"}
{"level":"info","message":"Fetching overall rating for roomId: 692abb9c714ca038e208447e","service":"review-service"}
{"level":"info","message":"Fetched overall rating: [object Object]","service":"review-service"}
{"level":"info","message":"Received get overall review data request","service":"review-service"}
{"level":"info","message":"Fetching overall rating for roomId: 692abb9c714ca038e208447e","service":"review-service"}
{"level":"info","message":"Fetched overall rating: [object Object]","service":"review-service"}
{"level":"info","message":"Received get overall review data request","service":"review-service"}
{"level":"info","message":"Fetching overall rating for roomId: 692abb9c714ca038e208447e","service":"review-service"}
{"level":"info","message":"Fetched overall rating: [object Object]","service":"review-service"}
{"level":"info","message":"Received get overall review data request","service":"review-service"}
{"level":"info","message":"Fetching overall rating for roomId: 692abb9c714ca038e208447e","service":"review-service"}
{"level":"info","message":"Fetched overall rating: [object Object]","service":"review-service"}
{"level":"info","message":"Received get overall review data request","service":"review-service"}
{"level":"info","message":"Fetching overall rating for roomId: 692abb9c714ca038e208447e","service":"review-service"}
{"level":"info","message":"Fetched overall rating: [object Object]","service":"review-service"}
{"level":"info","message":"Received get overall review data request","service":"review-service"}
{"level":"info","message":"Fetching overall rating for roomId: 692abb9c714ca038e208447e","service":"review-service"}
{"level":"info","message":"Fetched overall rating: [object Object]","service":"review-service"}
{"level":"info","message":"Received get overall review data request","service":"review-service"}
{"level":"info","message":"Fetching overall rating for roomId: 692abb9c714ca038e208447e","service":"review-service"}
{"level":"info","message":"Fetched overall rating: [object Object]","service":"review-service"}
{"level":"info","message":"Received get overall review data request","service":"review-service"}
{"level":"info","message":"Fetching overall rating for roomId: 692abb9c714ca038e208447e","service":"review-service"}
{"level":"info","message":"Fetched overall rating: [object Object]","service":"review-service"}
{"level":"info","message":"Received get overall review data request","service":"review-service"}
{"level":"info","message":"Fetching overall rating for roomId: 692ab9b8714ca038e208446b","service":"review-service"}
{"level":"info","message":"Fetched overall rating: [object Object]","service":"review-service"}
{"level":"info","message":"Received get overall review data request","service":"review-service"}
{"level":"info","message":"Fetching overall rating for roomId: 692ab9b8714ca038e208446b","service":"review-service"}
{"level":"info","message":"Fetched overall rating: [object Object]","service":"review-service"}
{"level":"info","message":"Received get overall review data request","service":"review-service"}
{"level":"info","message":"Fetching overall rating for roomId: 692ab9b8714ca038e208446b","service":"review-service"}
{"level":"info","message":"Fetched overall rating: [object Object]","service":"review-service"}
{"level":"info","message":"Received get overall review data request","service":"review-service"}
{"level":"info","message":"Fetching overall rating for roomId: 692ab9b8714ca038e208446b","service":"review-service"}
{"level":"info","message":"Fetched overall rating: [object Object]","service":"review-service"}
{"level":"info","message":"Received get overall review data request","service":"review-service"}
{"level":"info","message":"Fetching overall rating for roomId: 692ab9b8714ca038e208446b","service":"review-service"}
{"level":"info","message":"Fetched overall rating: [object Object]","service":"review-service"}
{"level":"info","message":"Received get overall review data request","service":"review-service"}
{"level":"info","message":"Fetching overall rating for roomId: 692ab9b8714ca038e208446b","service":"review-service"}
{"level":"info","message":"Fetched overall rating: [object Object]","service":"review-service"}
{"level":"info","message":"Received get overall review data request","service":"review-service"}
{"level":"info","message":"Fetching overall rating for roomId: 692ab9b8714ca038e208446b","service":"review-service"}
{"level":"info","message":"Fetched overall rating: [object Object]","service":"review-service"}
{"level":"info","message":"Received get overall review data request","service":"review-service"}
{"level":"info","message":"Fetching overall rating for roomId: 692ab9b8714ca038e208446b","service":"review-service"}
{"level":"info","message":"Fetched overall rating: [object Object]","service":"review-service"}
{"level":"info","message":"Received get overall review data request","service":"review-service"}
{"level":"info","message":"Fetching overall rating for roomId: 692ab9b8714ca038e208446b","service":"review-service"}
{"level":"info","message":"Fetched overall rating: [object Object]","service":"review-service"}
{"level":"info","message":"Received get overall review data request","service":"review-service"}
{"level":"info","message":"Fetching overall rating for roomId: 692ab9b8714ca038e208446b","service":"review-service"}
{"level":"info","message":"Fetched overall rating: [object Object]","service":"review-service"}
{"level":"info","message":"Received get overall review data request","service":"review-service"}
{"level":"info","message":"Fetching overall rating for roomId: 692ab9b8714ca038e208446b","service":"review-service"}
{"level":"info","message":"Fetched overall rating: [object Object]","service":"review-service"}
{"level":"info","message":"Received get overall review data request","service":"review-service"}
{"level":"info","message":"Fetching overall rating for roomId: 692ab9b8714ca038e208446b","service":"review-service"}
{"level":"info","message":"Fetched overall rating: [object Object]","service":"review-service"}
{"level":"info","message":"Received get overall review data request","service":"review-service"}
{"level":"info","message":"Fetching overall rating for roomId: 692ab9b8714ca038e208446b","service":"review-service"}
{"level":"info","message":"Fetched overall rating: [object Object]","service":"review-service"}
{"level":"info","message":"Received get overall review data request","service":"review-service"}
{"level":"info","message":"Fetching overall rating for roomId: 692ab9b8714ca038e208446b","service":"review-service"}
{"level":"info","message":"Fetched overall rating: [object Object]","service":"review-service"}
{"level":"info","message":"Received get overall review data request","service":"review-service"}
{"level":"info","message":"Fetching overall rating for roomId: 692ab9b8714ca038e208446b","service":"review-service"}
{"level":"info","message":"Fetched overall rating: [object Object]","service":"review-service"}
{"level":"info","message":"Received get overall review data request","service":"review-service"}
{"level":"info","message":"Fetching overall rating for roomId: 692ab9b8714ca038e208446b","service":"review-service"}
{"level":"info","message":"Fetched overall rating: [object Object]","service":"review-service"}
{"level":"info","message":"Received get overall review data request","service":"review-service"}
{"level":"info","message":"Fetching overall rating for roomId: 692ab9b8714ca038e208446b","service":"review-service"}
{"level":"info","message":"Fetched overall rating: [object Object]","service":"review-service"}
{"level":"info","message":"Received get overall review data request","service":"review-service"}
{"level":"info","message":"Fetching overall rating for roomId: 692ab9b8714ca038e208446b","service":"review-service"}
{"level":"info","message":"Fetched overall rating: [object Object]","service":"review-service"}
{"level":"info","message":"Received get overall review data request","service":"review-service"}
{"level":"info","message":"Fetching overall rating for roomId: 692ab9b8714ca038e208446b","service":"review-service"}
{"level":"info","message":"Fetched overall rating: [object Object]","service":"review-service"}
{"level":"info","message":"Received get overall review data request","service":"review-service"}
{"level":"info","message":"Fetching overall rating for roomId: 692ab9b8714ca038e208446b","service":"review-service"}
{"level":"info","message":"Fetched overall rating: [object Object]","service":"review-service"}
