{"level":"info","message":"Trying to connect MongoDB...","service":"room-service"}
{"level":"info","message":"Successfully connected to MongoDB","service":"room-service"}
{"level":"info","message":"organization-service is running at http://localhost:8085","service":"room-service"}
{"level":"error","message":"Error occured during starting the eureka client: AggregateError","service":"room-service"}
{"level":"info","message":"Trying to connect MongoDB...","service":"room-service"}
{"level":"info","message":"Successfully connected to MongoDB","service":"room-service"}
{"level":"info","message":"organization-service is running at http://localhost:8085","service":"room-service"}
{"level":"info","message":"Received get organization data request","service":"room-service"}
{"level":"info","message":"Getting organization for userId: 3edcBmQfHXg8WUGXCKdUizicAe43","service":"room-service"}
{"level":"info","message":"couldn't find any organizaton for userId: 3edcBmQfHXg8WUGXCKdUizicAe43","service":"room-service"}
{"description":"couldn't find any organizaton for userId: 3edcBmQfHXg8WUGXCKdUizicAe43","errorCode":"RECORD_NOT_FOUND","level":"error","message":"Error occured while fetching organization data:  couldn't find any organizaton for userId: 3edcBmQfHXg8WUGXCKdUizicAe43","name":"AppError","service":"room-service","status":404}
{"level":"info","message":"Received get organization data request","service":"room-service"}
{"level":"info","message":"Getting organization for userId: 3edcBmQfHXg8WUGXCKdUizicAe43","service":"room-service"}
{"level":"info","message":"couldn't find any organizaton for userId: 3edcBmQfHXg8WUGXCKdUizicAe43","service":"room-service"}
{"description":"couldn't find any organizaton for userId: 3edcBmQfHXg8WUGXCKdUizicAe43","errorCode":"RECORD_NOT_FOUND","level":"error","message":"Error occured while fetching organization data:  couldn't find any organizaton for userId: 3edcBmQfHXg8WUGXCKdUizicAe43","name":"AppError","service":"room-service","status":404}
{"level":"info","message":"Received get organization data request","service":"room-service"}
{"level":"info","message":"Getting organization for userId: 3edcBmQfHXg8WUGXCKdUizicAe43","service":"room-service"}
{"level":"info","message":"couldn't find any organizaton for userId: 3edcBmQfHXg8WUGXCKdUizicAe43","service":"room-service"}
{"description":"couldn't find any organizaton for userId: 3edcBmQfHXg8WUGXCKdUizicAe43","errorCode":"RECORD_NOT_FOUND","level":"error","message":"Error occured while fetching organization data:  couldn't find any organizaton for userId: 3edcBmQfHXg8WUGXCKdUizicAe43","name":"AppError","service":"room-service","status":404}
{"level":"info","message":"Received get organization data request","service":"room-service"}
{"level":"info","message":"Getting organization for userId: 3edcBmQfHXg8WUGXCKdUizicAe43","service":"room-service"}
{"level":"info","message":"couldn't find any organizaton for userId: 3edcBmQfHXg8WUGXCKdUizicAe43","service":"room-service"}
{"description":"couldn't find any organizaton for userId: 3edcBmQfHXg8WUGXCKdUizicAe43","errorCode":"RECORD_NOT_FOUND","level":"error","message":"Error occured while fetching organization data:  couldn't find any organizaton for userId: 3edcBmQfHXg8WUGXCKdUizicAe43","name":"AppError","service":"room-service","status":404}
{"level":"info","message":"Received get organization data request","service":"room-service"}
{"level":"info","message":"Getting organization for userId: 3edcBmQfHXg8WUGXCKdUizicAe43","service":"room-service"}
{"level":"info","message":"couldn't find any organizaton for userId: 3edcBmQfHXg8WUGXCKdUizicAe43","service":"room-service"}
{"description":"couldn't find any organizaton for userId: 3edcBmQfHXg8WUGXCKdUizicAe43","errorCode":"RECORD_NOT_FOUND","level":"error","message":"Error occured while fetching organization data:  couldn't find any organizaton for userId: 3edcBmQfHXg8WUGXCKdUizicAe43","name":"AppError","service":"room-service","status":404}
{"level":"info","message":"Received get organization data request","service":"room-service"}
{"level":"info","message":"Getting organization for userId: 3edcBmQfHXg8WUGXCKdUizicAe43","service":"room-service"}
{"level":"info","message":"couldn't find any organizaton for userId: 3edcBmQfHXg8WUGXCKdUizicAe43","service":"room-service"}
{"description":"couldn't find any organizaton for userId: 3edcBmQfHXg8WUGXCKdUizicAe43","errorCode":"RECORD_NOT_FOUND","level":"error","message":"Error occured while fetching organization data:  couldn't find any organizaton for userId: 3edcBmQfHXg8WUGXCKdUizicAe43","name":"AppError","service":"room-service","status":404}
{"level":"info","message":"Trying to connect MongoDB...","service":"room-service"}
{"level":"info","message":"Successfully connected to MongoDB","service":"room-service"}
{"level":"info","message":"organization-service is running at http://localhost:8085","service":"room-service"}
{"level":"info","message":"Received get organization data request","service":"room-service"}
{"level":"info","message":"Getting organization for userId: 3edcBmQfHXg8WUGXCKdUizicAe43","service":"room-service"}
{"level":"info","message":"couldn't find any organizaton for userId: 3edcBmQfHXg8WUGXCKdUizicAe43","service":"room-service"}
{"description":"couldn't find any organizaton for userId: 3edcBmQfHXg8WUGXCKdUizicAe43","errorCode":"RECORD_NOT_FOUND","level":"error","message":"Error occured while fetching organization data:  couldn't find any organizaton for userId: 3edcBmQfHXg8WUGXCKdUizicAe43","name":"AppError","service":"room-service","status":404}
{"level":"info","message":"Received get organization data request","service":"room-service"}
{"level":"info","message":"Getting organization for userId: 3edcBmQfHXg8WUGXCKdUizicAe43","service":"room-service"}
{"level":"info","message":"couldn't find any organizaton for userId: 3edcBmQfHXg8WUGXCKdUizicAe43","service":"room-service"}
{"description":"couldn't find any organizaton for userId: 3edcBmQfHXg8WUGXCKdUizicAe43","errorCode":"RECORD_NOT_FOUND","level":"error","message":"Error occured while fetching organization data:  couldn't find any organizaton for userId: 3edcBmQfHXg8WUGXCKdUizicAe43","name":"AppError","service":"room-service","status":404}
{"level":"info","message":"Received get organization data request","service":"room-service"}
{"level":"info","message":"Getting organization for userId: 3edcBmQfHXg8WUGXCKdUizicAe43","service":"room-service"}
{"level":"info","message":"couldn't find any organizaton for userId: 3edcBmQfHXg8WUGXCKdUizicAe43","service":"room-service"}
{"description":"couldn't find any organizaton for userId: 3edcBmQfHXg8WUGXCKdUizicAe43","errorCode":"RECORD_NOT_FOUND","level":"error","message":"Error occured while fetching organization data:  couldn't find any organizaton for userId: 3edcBmQfHXg8WUGXCKdUizicAe43","name":"AppError","service":"room-service","status":404}
{"level":"info","message":"Received get organization data request","service":"room-service"}
{"level":"info","message":"Getting organization for userId: 3edcBmQfHXg8WUGXCKdUizicAe43","service":"room-service"}
{"level":"info","message":"couldn't find any organizaton for userId: 3edcBmQfHXg8WUGXCKdUizicAe43","service":"room-service"}
{"description":"couldn't find any organizaton for userId: 3edcBmQfHXg8WUGXCKdUizicAe43","errorCode":"RECORD_NOT_FOUND","level":"error","message":"Error occured while fetching organization data:  couldn't find any organizaton for userId: 3edcBmQfHXg8WUGXCKdUizicAe43","name":"AppError","service":"room-service","status":404}
{"level":"info","message":"Trying to connect MongoDB...","service":"room-service"}
{"level":"info","message":"Successfully connected to MongoDB","service":"room-service"}
{"level":"info","message":"organization-service is running at http://localhost:8085","service":"room-service"}
{"level":"info","message":"Received get organization data request","service":"room-service"}
{"level":"info","message":"Getting organization for userId: 3edcBmQfHXg8WUGXCKdUizicAe43","service":"room-service"}
{"level":"info","message":"couldn't find any organizaton for userId: 3edcBmQfHXg8WUGXCKdUizicAe43","service":"room-service"}
{"description":"couldn't find any organizaton for userId: 3edcBmQfHXg8WUGXCKdUizicAe43","errorCode":"RECORD_NOT_FOUND","level":"error","message":"Error occured while fetching organization data:  couldn't find any organizaton for userId: 3edcBmQfHXg8WUGXCKdUizicAe43","name":"AppError","service":"room-service","status":404}
{"level":"info","message":"Trying to connect MongoDB...","service":"room-service"}
{"level":"info","message":"Successfully connected to MongoDB","service":"room-service"}
{"level":"info","message":"organization-service is running at http://localhost:8085","service":"room-service"}
{"level":"info","message":"Received get organization data request","service":"room-service"}
{"level":"info","message":"Getting organization for userId: 3edcBmQfHXg8WUGXCKdUizicAe43","service":"room-service"}
{"level":"info","message":"Fetched organizaion: {\n  _id: new ObjectId('6910161901378e91ca5be454'),\n  name: 'My First Org',\n  superAdmin: { uid: '3edcBmQfHXg8WUGXCKdUizicAe43' },\n  createdAt: 2025-11-09T00:00:00.000Z,\n  updatedAt: 2025-11-09T00:00:00.000Z,\n  admins: []\n}","service":"room-service"}
{"level":"info","message":"Received get organization data request","service":"room-service"}
{"level":"info","message":"Getting organization for userId: 3edcBmQfHXg8WUGXCKdUizicAe43","service":"room-service"}
{"level":"info","message":"Fetched organizaion: {\n  _id: new ObjectId('6910161901378e91ca5be454'),\n  name: 'My First Org',\n  superAdmin: { uid: '3edcBmQfHXg8WUGXCKdUizicAe43' },\n  createdAt: 2025-11-09T00:00:00.000Z,\n  updatedAt: 2025-11-09T00:00:00.000Z,\n  admins: []\n}","service":"room-service"}
{"level":"info","message":"Trying to connect MongoDB...","service":"room-service"}
{"level":"info","message":"Successfully connected to MongoDB","service":"room-service"}
{"level":"info","message":"organization-service is running at http://localhost:8085","service":"room-service"}
{"level":"info","message":"Received get organization data request","service":"room-service"}
{"level":"info","message":"Getting organization for userId: 3edcBmQfHXg8WUGXCKdUizicAe43","service":"room-service"}
{"level":"info","message":"couldn't find any organizaton for userId: 3edcBmQfHXg8WUGXCKdUizicAe43","service":"room-service"}
{"description":"couldn't find any organizaton for userId: 3edcBmQfHXg8WUGXCKdUizicAe43","errorCode":"RECORD_NOT_FOUND","level":"error","message":"Error occured while fetching organization data:  couldn't find any organizaton for userId: 3edcBmQfHXg8WUGXCKdUizicAe43","name":"AppError","service":"room-service","status":404}
{"level":"info","message":"Received get organization data request","service":"room-service"}
{"level":"info","message":"Getting organization for userId: 3edcBmQfHXg8WUGXCKdUizicAe43","service":"room-service"}
{"level":"info","message":"couldn't find any organizaton for userId: 3edcBmQfHXg8WUGXCKdUizicAe43","service":"room-service"}
{"description":"couldn't find any organizaton for userId: 3edcBmQfHXg8WUGXCKdUizicAe43","errorCode":"RECORD_NOT_FOUND","level":"error","message":"Error occured while fetching organization data:  couldn't find any organizaton for userId: 3edcBmQfHXg8WUGXCKdUizicAe43","name":"AppError","service":"room-service","status":404}
{"level":"info","message":"Received organization creation request","service":"room-service"}
{"businessProfile":{"addresses":{"city":"Thanh Hóa","country":"VN","postalCode":"34234","state":"Thanh Hoa province","street1":"13b/10","street2":"13a/10"},"businessType":"individual","category":"housing","subcategory":"space_rental"},"description":"tesstfdsgegwhiu h rpijf wrpfoewifjwepofjdsf jrfksdjg iwj  fijwefjwefoi jwfdiosfj oifjwsaoeifjw ifoiwj ","email":"fmgduc47@gmail.com","level":"info","message":"Creating organization for: ","name":"AST","phone":"+840849404705","service":"room-service","uid":"3edcBmQfHXg8WUGXCKdUizicAe43"}
{"businessProfile":{"addresses":{"city":"Thanh Hóa","country":"VN","postalCode":"34234","state":"Thanh Hoa province","street1":"13b/10","street2":"13a/10"},"businessType":"individual","category":"housing","subcategory":"space_rental"},"description":"tesstfdsgegwhiu h rpijf wrpfoewifjwepofjdsf jrfksdjg iwj  fijwefjwefoi jwfdiosfj oifjwsaoeifjw ifoiwj ","email":"fmgduc47@gmail.com","level":"info","message":"Attempting organization creation with input: ","name":"AST","phone":"+840849404705","service":"room-service","uid":"3edcBmQfHXg8WUGXCKdUizicAe43"}
{"$__":{"$versionError":null,"activePaths":{"paths":{"email":"require","name":"require","phone":"require","superAdmin":"require"},"states":{"default":{},"modify":{},"require":{"email":true,"name":true,"phone":true,"superAdmin":true}}},"backup":{"activePaths":{"default":{"_id":true,"admins":true},"modify":{"createdAt":true,"description":true,"email":true,"name":true,"phone":true,"updatedAt":true}},"validationError":null},"cachedRequired":{},"inserting":true,"op":null,"saveOptions":null,"savedState":{},"saving":null,"validating":null},"$isNew":false,"_doc":{"__v":0,"_id":"6910586cdad16e42413597ec","admins":[],"businessProfile":{"addresses":{"city":"Thanh Hóa","country":"VN","postalCode":"34234","state":"Thanh Hoa province","street1":"13b/10","street2":"13a/10"},"businessType":"individual","category":"housing","subcategory":"space_rental"},"createdAt":"2025-11-09T09:01:32.084Z","description":"tesstfdsgegwhiu h rpijf wrpfoewifjwepofjdsf jrfksdjg iwj  fijwefjwefoi jwfdiosfj oifjwsaoeifjw ifoiwj ","email":"fmgduc47@gmail.com","name":"AST","phone":"+840849404705","superAdmin":{"adminType":"SUPER_ADMIN","uid":"3edcBmQfHXg8WUGXCKdUizicAe43"},"updatedAt":"2025-11-09T09:01:32.084Z"},"level":"info","message":"Organization created successfully: ","service":"room-service"}
{"level":"info","message":"Received organization creation request","service":"room-service"}
{"businessProfile":{"addresses":{"city":"Thanh Hóa","country":"VN","postalCode":"34234","state":"Thanh Hoa province","street1":"13b/10","street2":"13a/10"},"businessType":"individual","category":"housing","subcategory":"space_rental"},"description":"tesstfdsgegwhiu h rpijf wrpfoewifjwepofjdsf jrfksdjg iwj  fijwefjwefoi jwfdiosfj oifjwsaoeifjw ifoiwj ","email":"fmgduc47@gmail.com","level":"info","message":"Creating organization for: ","name":"AST","phone":"+840849404705","service":"room-service","uid":"3edcBmQfHXg8WUGXCKdUizicAe43"}
{"businessProfile":{"addresses":{"city":"Thanh Hóa","country":"VN","postalCode":"34234","state":"Thanh Hoa province","street1":"13b/10","street2":"13a/10"},"businessType":"individual","category":"housing","subcategory":"space_rental"},"description":"tesstfdsgegwhiu h rpijf wrpfoewifjwepofjdsf jrfksdjg iwj  fijwefjwefoi jwfdiosfj oifjwsaoeifjw ifoiwj ","email":"fmgduc47@gmail.com","level":"info","message":"Attempting organization creation with input: ","name":"AST","phone":"+840849404705","service":"room-service","uid":"3edcBmQfHXg8WUGXCKdUizicAe43"}
{"code":11000,"index":0,"keyPattern":{"name":1},"keyValue":{"name":"AST"},"level":"error","message":"Error occured while creating organization E11000 duplicate key error collection: myroom.organizations index: name_1 dup key: { name: \"AST\" }","service":"room-service","stack":"MongoServerError: E11000 duplicate key error collection: myroom.organizations index: name_1 dup key: { name: \"AST\" }\n    at InsertOneOperation.execute (D:\\Users\\Laptop\\OneDrive\\Documents\\MyRoom\\organization-service\\node_modules\\mongodb\\src\\operations\\insert.ts:79:13)\n    at processTicksAndRejections (node:internal/process/task_queues:105:5)\n    at async executeOperationAsync (D:\\Users\\Laptop\\OneDrive\\Documents\\MyRoom\\organization-service\\node_modules\\mongodb\\src\\operations\\execute_operation.ts:190:12)"}
{"level":"info","message":"Received get organization data request","service":"room-service"}
{"level":"info","message":"Getting organization for userId: 3edcBmQfHXg8WUGXCKdUizicAe43","service":"room-service"}
{"level":"info","message":"Fetched organizaion: {\n  _id: new ObjectId('6910586cdad16e42413597ec'),\n  name: 'AST',\n  email: 'fmgduc47@gmail.com',\n  description: 'tesstfdsgegwhiu h rpijf wrpfoewifjwepofjdsf jrfksdjg iwj  fijwefjwefoi jwfdiosfj oifjwsaoeifjw ifoiwj ',\n  phone: '+840849404705',\n  businessProfile: {\n    businessType: 'individual',\n    category: 'housing',\n    subcategory: 'space_rental',\n    addresses: {\n      street1: '13b/10',\n      street2: '13a/10',\n      city: 'Thanh Hóa',\n      state: 'Thanh Hoa province',\n      postalCode: '34234',\n      country: 'VN'\n    }\n  },\n  superAdmin: { uid: '3edcBmQfHXg8WUGXCKdUizicAe43', adminType: 'SUPER_ADMIN' },\n  admins: [],\n  createdAt: 2025-11-09T09:01:32.084Z,\n  updatedAt: 2025-11-09T09:01:32.084Z,\n  __v: 0\n}","service":"room-service"}
{"level":"info","message":"Received get organization data request","service":"room-service"}
{"level":"info","message":"Getting organization for userId: 3edcBmQfHXg8WUGXCKdUizicAe43","service":"room-service"}
{"level":"info","message":"Fetched organizaion: {\n  _id: new ObjectId('6910586cdad16e42413597ec'),\n  name: 'AST',\n  email: 'fmgduc47@gmail.com',\n  description: 'tesstfdsgegwhiu h rpijf wrpfoewifjwepofjdsf jrfksdjg iwj  fijwefjwefoi jwfdiosfj oifjwsaoeifjw ifoiwj ',\n  phone: '+840849404705',\n  businessProfile: {\n    businessType: 'individual',\n    category: 'housing',\n    subcategory: 'space_rental',\n    addresses: {\n      street1: '13b/10',\n      street2: '13a/10',\n      city: 'Thanh Hóa',\n      state: 'Thanh Hoa province',\n      postalCode: '34234',\n      country: 'VN'\n    }\n  },\n  superAdmin: { uid: '3edcBmQfHXg8WUGXCKdUizicAe43', adminType: 'SUPER_ADMIN' },\n  admins: [],\n  createdAt: 2025-11-09T09:01:32.084Z,\n  updatedAt: 2025-11-09T09:01:32.084Z,\n  __v: 0\n}","service":"room-service"}
{"level":"info","message":"Received get organization data request","service":"room-service"}
{"level":"info","message":"Getting organization for userId: 3edcBmQfHXg8WUGXCKdUizicAe43","service":"room-service"}
{"level":"info","message":"Fetched organizaion: {\n  _id: new ObjectId('6910586cdad16e42413597ec'),\n  name: 'AST',\n  email: 'fmgduc47@gmail.com',\n  description: 'tesstfdsgegwhiu h rpijf wrpfoewifjwepofjdsf jrfksdjg iwj  fijwefjwefoi jwfdiosfj oifjwsaoeifjw ifoiwj ',\n  phone: '+840849404705',\n  businessProfile: {\n    businessType: 'individual',\n    category: 'housing',\n    subcategory: 'space_rental',\n    addresses: {\n      street1: '13b/10',\n      street2: '13a/10',\n      city: 'Thanh Hóa',\n      state: 'Thanh Hoa province',\n      postalCode: '34234',\n      country: 'VN'\n    }\n  },\n  superAdmin: { uid: '3edcBmQfHXg8WUGXCKdUizicAe43', adminType: 'SUPER_ADMIN' },\n  admins: [],\n  createdAt: 2025-11-09T09:01:32.084Z,\n  updatedAt: 2025-11-09T09:01:32.084Z,\n  __v: 0\n}","service":"room-service"}
{"level":"info","message":"Received get organization data request","service":"room-service"}
{"level":"info","message":"Getting organization for userId: 3edcBmQfHXg8WUGXCKdUizicAe43","service":"room-service"}
{"level":"info","message":"Fetched organizaion: {\n  _id: new ObjectId('6910586cdad16e42413597ec'),\n  name: 'AST',\n  email: 'fmgduc47@gmail.com',\n  description: 'tesstfdsgegwhiu h rpijf wrpfoewifjwepofjdsf jrfksdjg iwj  fijwefjwefoi jwfdiosfj oifjwsaoeifjw ifoiwj ',\n  phone: '+840849404705',\n  businessProfile: {\n    businessType: 'individual',\n    category: 'housing',\n    subcategory: 'space_rental',\n    addresses: {\n      street1: '13b/10',\n      street2: '13a/10',\n      city: 'Thanh Hóa',\n      state: 'Thanh Hoa province',\n      postalCode: '34234',\n      country: 'VN'\n    }\n  },\n  superAdmin: { uid: '3edcBmQfHXg8WUGXCKdUizicAe43', adminType: 'SUPER_ADMIN' },\n  admins: [],\n  createdAt: 2025-11-09T09:01:32.084Z,\n  updatedAt: 2025-11-09T09:01:32.084Z,\n  __v: 0\n}","service":"room-service"}
{"level":"info","message":"Received get organization data request","service":"room-service"}
{"level":"info","message":"Getting organization for userId: 3edcBmQfHXg8WUGXCKdUizicAe43","service":"room-service"}
{"level":"info","message":"Fetched organizaion: {\n  _id: new ObjectId('6910586cdad16e42413597ec'),\n  name: 'AST',\n  email: 'fmgduc47@gmail.com',\n  description: 'tesstfdsgegwhiu h rpijf wrpfoewifjwepofjdsf jrfksdjg iwj  fijwefjwefoi jwfdiosfj oifjwsaoeifjw ifoiwj ',\n  phone: '+840849404705',\n  businessProfile: {\n    businessType: 'individual',\n    category: 'housing',\n    subcategory: 'space_rental',\n    addresses: {\n      street1: '13b/10',\n      street2: '13a/10',\n      city: 'Thanh Hóa',\n      state: 'Thanh Hoa province',\n      postalCode: '34234',\n      country: 'VN'\n    }\n  },\n  superAdmin: { uid: '3edcBmQfHXg8WUGXCKdUizicAe43', adminType: 'SUPER_ADMIN' },\n  admins: [],\n  createdAt: 2025-11-09T09:01:32.084Z,\n  updatedAt: 2025-11-09T09:01:32.084Z,\n  __v: 0\n}","service":"room-service"}
{"level":"info","message":"Received get organization data request","service":"room-service"}
{"level":"info","message":"Getting organization for userId: 3edcBmQfHXg8WUGXCKdUizicAe43","service":"room-service"}
{"level":"info","message":"Fetched organizaion: {\n  _id: new ObjectId('6910586cdad16e42413597ec'),\n  name: 'AST',\n  email: 'fmgduc47@gmail.com',\n  description: 'tesstfdsgegwhiu h rpijf wrpfoewifjwepofjdsf jrfksdjg iwj  fijwefjwefoi jwfdiosfj oifjwsaoeifjw ifoiwj ',\n  phone: '+840849404705',\n  businessProfile: {\n    businessType: 'individual',\n    category: 'housing',\n    subcategory: 'space_rental',\n    addresses: {\n      street1: '13b/10',\n      street2: '13a/10',\n      city: 'Thanh Hóa',\n      state: 'Thanh Hoa province',\n      postalCode: '34234',\n      country: 'VN'\n    }\n  },\n  superAdmin: { uid: '3edcBmQfHXg8WUGXCKdUizicAe43', adminType: 'SUPER_ADMIN' },\n  admins: [],\n  createdAt: 2025-11-09T09:01:32.084Z,\n  updatedAt: 2025-11-09T09:01:32.084Z,\n  __v: 0\n}","service":"room-service"}
{"level":"info","message":"Received get organization data request","service":"room-service"}
{"level":"info","message":"Getting organization for userId: 3edcBmQfHXg8WUGXCKdUizicAe43","service":"room-service"}
{"level":"info","message":"Fetched organizaion: {\n  _id: new ObjectId('6910586cdad16e42413597ec'),\n  name: 'AST',\n  email: 'fmgduc47@gmail.com',\n  description: 'tesstfdsgegwhiu h rpijf wrpfoewifjwepofjdsf jrfksdjg iwj  fijwefjwefoi jwfdiosfj oifjwsaoeifjw ifoiwj ',\n  phone: '+840849404705',\n  businessProfile: {\n    businessType: 'individual',\n    category: 'housing',\n    subcategory: 'space_rental',\n    addresses: {\n      street1: '13b/10',\n      street2: '13a/10',\n      city: 'Thanh Hóa',\n      state: 'Thanh Hoa province',\n      postalCode: '34234',\n      country: 'VN'\n    }\n  },\n  superAdmin: { uid: '3edcBmQfHXg8WUGXCKdUizicAe43', adminType: 'SUPER_ADMIN' },\n  admins: [],\n  createdAt: 2025-11-09T09:01:32.084Z,\n  updatedAt: 2025-11-09T09:01:32.084Z,\n  __v: 0\n}","service":"room-service"}
{"level":"info","message":"Received get organization data request","service":"room-service"}
{"level":"info","message":"Getting organization for userId: 3edcBmQfHXg8WUGXCKdUizicAe43","service":"room-service"}
{"level":"info","message":"Fetched organizaion: {\n  _id: new ObjectId('6910586cdad16e42413597ec'),\n  name: 'AST',\n  email: 'fmgduc47@gmail.com',\n  description: 'tesstfdsgegwhiu h rpijf wrpfoewifjwepofjdsf jrfksdjg iwj  fijwefjwefoi jwfdiosfj oifjwsaoeifjw ifoiwj ',\n  phone: '+840849404705',\n  businessProfile: {\n    businessType: 'individual',\n    category: 'housing',\n    subcategory: 'space_rental',\n    addresses: {\n      street1: '13b/10',\n      street2: '13a/10',\n      city: 'Thanh Hóa',\n      state: 'Thanh Hoa province',\n      postalCode: '34234',\n      country: 'VN'\n    }\n  },\n  superAdmin: { uid: '3edcBmQfHXg8WUGXCKdUizicAe43', adminType: 'SUPER_ADMIN' },\n  admins: [],\n  createdAt: 2025-11-09T09:01:32.084Z,\n  updatedAt: 2025-11-09T09:01:32.084Z,\n  __v: 0\n}","service":"room-service"}
{"level":"info","message":"Received get organization data request","service":"room-service"}
{"level":"info","message":"Getting organization for userId: 3edcBmQfHXg8WUGXCKdUizicAe43","service":"room-service"}
{"level":"info","message":"Fetched organizaion: {\n  _id: new ObjectId('6910586cdad16e42413597ec'),\n  name: 'AST',\n  email: 'fmgduc47@gmail.com',\n  description: 'tesstfdsgegwhiu h rpijf wrpfoewifjwepofjdsf jrfksdjg iwj  fijwefjwefoi jwfdiosfj oifjwsaoeifjw ifoiwj ',\n  phone: '+840849404705',\n  businessProfile: {\n    businessType: 'individual',\n    category: 'housing',\n    subcategory: 'space_rental',\n    addresses: {\n      street1: '13b/10',\n      street2: '13a/10',\n      city: 'Thanh Hóa',\n      state: 'Thanh Hoa province',\n      postalCode: '34234',\n      country: 'VN'\n    }\n  },\n  superAdmin: { uid: '3edcBmQfHXg8WUGXCKdUizicAe43', adminType: 'SUPER_ADMIN' },\n  admins: [],\n  createdAt: 2025-11-09T09:01:32.084Z,\n  updatedAt: 2025-11-09T09:01:32.084Z,\n  __v: 0\n}","service":"room-service"}
{"level":"info","message":"Received get organization data request","service":"room-service"}
{"level":"info","message":"Getting organization for userId: 3edcBmQfHXg8WUGXCKdUizicAe43","service":"room-service"}
{"level":"info","message":"Fetched organizaion: {\n  _id: new ObjectId('6910586cdad16e42413597ec'),\n  name: 'AST',\n  email: 'fmgduc47@gmail.com',\n  description: 'tesstfdsgegwhiu h rpijf wrpfoewifjwepofjdsf jrfksdjg iwj  fijwefjwefoi jwfdiosfj oifjwsaoeifjw ifoiwj ',\n  phone: '+840849404705',\n  businessProfile: {\n    businessType: 'individual',\n    category: 'housing',\n    subcategory: 'space_rental',\n    addresses: {\n      street1: '13b/10',\n      street2: '13a/10',\n      city: 'Thanh Hóa',\n      state: 'Thanh Hoa province',\n      postalCode: '34234',\n      country: 'VN'\n    }\n  },\n  superAdmin: { uid: '3edcBmQfHXg8WUGXCKdUizicAe43', adminType: 'SUPER_ADMIN' },\n  admins: [],\n  createdAt: 2025-11-09T09:01:32.084Z,\n  updatedAt: 2025-11-09T09:01:32.084Z,\n  __v: 0\n}","service":"room-service"}
{"level":"info","message":"Received get organization data request","service":"room-service"}
{"level":"info","message":"Getting organization for organizaionId: 6910586cdad16e42413597ec","service":"room-service"}
{"level":"info","message":"Fetched organizaion: {\n  _id: new ObjectId('6910586cdad16e42413597ec'),\n  name: 'AST',\n  email: 'fmgduc47@gmail.com',\n  description: 'tesstfdsgegwhiu h rpijf wrpfoewifjwepofjdsf jrfksdjg iwj  fijwefjwefoi jwfdiosfj oifjwsaoeifjw ifoiwj ',\n  phone: '+840849404705',\n  businessProfile: {\n    businessType: 'individual',\n    category: 'housing',\n    subcategory: 'space_rental',\n    addresses: {\n      street1: '13b/10',\n      street2: '13a/10',\n      city: 'Thanh Hóa',\n      state: 'Thanh Hoa province',\n      postalCode: '34234',\n      country: 'VN'\n    }\n  },\n  superAdmin: { uid: '3edcBmQfHXg8WUGXCKdUizicAe43', adminType: 'SUPER_ADMIN' },\n  admins: [],\n  createdAt: 2025-11-09T09:01:32.084Z,\n  updatedAt: 2025-11-09T09:01:32.084Z,\n  __v: 0\n}","service":"room-service"}
{"level":"info","message":"Received get organization data request","service":"room-service"}
{"level":"info","message":"Getting organization for userId: 3edcBmQfHXg8WUGXCKdUizicAe43","service":"room-service"}
{"level":"info","message":"Fetched organizaion: {\n  _id: new ObjectId('6910586cdad16e42413597ec'),\n  name: 'AST',\n  email: 'fmgduc47@gmail.com',\n  description: 'tesstfdsgegwhiu h rpijf wrpfoewifjwepofjdsf jrfksdjg iwj  fijwefjwefoi jwfdiosfj oifjwsaoeifjw ifoiwj ',\n  phone: '+840849404705',\n  businessProfile: {\n    businessType: 'individual',\n    category: 'housing',\n    subcategory: 'space_rental',\n    addresses: {\n      street1: '13b/10',\n      street2: '13a/10',\n      city: 'Thanh Hóa',\n      state: 'Thanh Hoa province',\n      postalCode: '34234',\n      country: 'VN'\n    }\n  },\n  superAdmin: { uid: '3edcBmQfHXg8WUGXCKdUizicAe43', adminType: 'SUPER_ADMIN' },\n  admins: [],\n  createdAt: 2025-11-09T09:01:32.084Z,\n  updatedAt: 2025-11-09T09:01:32.084Z,\n  __v: 0\n}","service":"room-service"}
