{"level":"info","message":"Trying to connect MongoDB...","service":"review-service"}
{"level":"info","message":"Successfully connected to MongoDB","service":"review-service"}
{"level":"info","message":"review-service is running at http://localhost:8088","service":"review-service"}
{"level":"error","message":"Error occured during starting the eureka client: AggregateError","service":"review-service"}
{"level":"info","message":"Trying to connect MongoDB...","service":"review-service"}
{"level":"info","message":"Successfully connected to MongoDB","service":"review-service"}
{"level":"info","message":"review-service is running at http://localhost:8088","service":"review-service"}
{"level":"info","message":"Received request for getting all reviews","service":"review-service"}
{"level":"info","limit":"10","message":"The query is: ","page":"1","service":"review-service"}
{"level":"info","message":"Getting all rooms the for query: ","service":"review-service"}
{"level":"info","message":"Fetched all reviews successfully!","service":"review-service"}
{"level":"info","message":"Received request for getting all reviews","service":"review-service"}
{"level":"info","limit":"10","message":"The query is: ","page":"1","service":"review-service"}
{"level":"info","message":"Getting all rooms the for query: ","service":"review-service"}
{"level":"info","message":"Fetched all reviews successfully!","service":"review-service"}
{"level":"info","message":"Received request for getting all reviews","service":"review-service"}
{"level":"info","limit":"10","message":"The query is: ","page":"1","service":"review-service"}
{"level":"info","message":"Getting all rooms the for query: ","service":"review-service"}
{"level":"info","message":"Fetched all reviews successfully!","service":"review-service"}
{"level":"info","message":"Received request for getting all reviews","service":"review-service"}
{"level":"info","limit":"10","message":"The query is: ","page":"1","service":"review-service"}
{"level":"info","message":"Getting all rooms the for query: ","service":"review-service"}
{"level":"info","message":"Fetched all reviews successfully!","service":"review-service"}
{"level":"info","message":"Received request for getting all reviews","service":"review-service"}
{"level":"info","limit":"10","message":"The query is: ","page":"1","service":"review-service"}
{"level":"info","message":"Getting all rooms the for query: ","service":"review-service"}
{"level":"info","message":"Fetched all reviews successfully!","service":"review-service"}
{"level":"info","message":"Received request for getting all reviews","service":"review-service"}
{"level":"info","limit":"10","message":"The query is: ","page":"1","service":"review-service"}
{"level":"info","message":"Getting all rooms the for query: ","service":"review-service"}
{"level":"info","message":"Fetched all reviews successfully!","service":"review-service"}
{"level":"info","message":"Received get overall review data request","service":"review-service"}
{"level":"info","message":"Fetching overall rating for roomId: 69105d217bbe68748625abe0","service":"review-service"}
{"level":"info","message":"Fetched overall rating: [object Object]","service":"review-service"}
{"level":"info","message":"Received get overall review data request","service":"review-service"}
{"level":"info","message":"Fetching overall rating for roomId: 69105d217bbe68748625abe0","service":"review-service"}
{"level":"info","message":"Fetched overall rating: [object Object]","service":"review-service"}
{"level":"info","message":"Received get overall review data request","service":"review-service"}
{"level":"info","message":"Fetching overall rating for roomId: 69105d217bbe68748625abe0","service":"review-service"}
{"level":"info","message":"Fetched overall rating: [object Object]","service":"review-service"}
{"level":"info","message":"Received get overall review data request","service":"review-service"}
{"level":"info","message":"Fetching overall rating for roomId: 69105d217bbe68748625abe0","service":"review-service"}
{"level":"info","message":"Fetched overall rating: [object Object]","service":"review-service"}
{"level":"info","message":"Received get overall review data request","service":"review-service"}
{"level":"info","message":"Fetching overall rating for roomId: 69105d217bbe68748625abe0","service":"review-service"}
{"level":"info","message":"Fetched overall rating: [object Object]","service":"review-service"}
{"level":"info","message":"Received get overall review data request","service":"review-service"}
{"level":"info","message":"Fetching overall rating for roomId: 69105d217bbe68748625abe0","service":"review-service"}
{"level":"info","message":"Fetched overall rating: [object Object]","service":"review-service"}
{"level":"info","message":"Received get overall review data request","service":"review-service"}
{"level":"info","message":"Fetching overall rating for roomId: 69105d217bbe68748625abe0","service":"review-service"}
{"level":"info","message":"Fetched overall rating: [object Object]","service":"review-service"}
{"level":"info","message":"Received get overall review data request","service":"review-service"}
{"level":"info","message":"Fetching overall rating for roomId: 69105d217bbe68748625abe0","service":"review-service"}
{"level":"info","message":"Fetched overall rating: [object Object]","service":"review-service"}
{"level":"info","message":"Received get overall review data request","service":"review-service"}
{"level":"info","message":"Fetching overall rating for roomId: 69105d217bbe68748625abe0","service":"review-service"}
{"level":"info","message":"Fetched overall rating: [object Object]","service":"review-service"}
{"level":"info","message":"Received get overall review data request","service":"review-service"}
{"level":"info","message":"Fetching overall rating for roomId: 69105d217bbe68748625abe0","service":"review-service"}
{"level":"info","message":"Fetched overall rating: [object Object]","service":"review-service"}
{"level":"info","message":"Received get overall review data request","service":"review-service"}
{"level":"info","message":"Fetching overall rating for roomId: 69105d217bbe68748625abe0","service":"review-service"}
{"level":"info","message":"Fetched overall rating: [object Object]","service":"review-service"}
{"level":"info","message":"Received get overall review data request","service":"review-service"}
{"level":"info","message":"Fetching overall rating for roomId: 69105d217bbe68748625abe0","service":"review-service"}
{"level":"info","message":"Fetched overall rating: [object Object]","service":"review-service"}
{"level":"info","message":"Received get overall review data request","service":"review-service"}
{"level":"info","message":"Fetching overall rating for roomId: 69105d217bbe68748625abe0","service":"review-service"}
{"level":"info","message":"Fetched overall rating: [object Object]","service":"review-service"}
{"level":"info","message":"Received get overall review data request","service":"review-service"}
{"level":"info","message":"Fetching overall rating for roomId: 69105d217bbe68748625abe0","service":"review-service"}
{"level":"info","message":"Fetched overall rating: [object Object]","service":"review-service"}
{"level":"info","message":"Received get overall review data request","service":"review-service"}
{"level":"info","message":"Fetching overall rating for roomId: 69105d217bbe68748625abe0","service":"review-service"}
{"level":"info","message":"Fetched overall rating: [object Object]","service":"review-service"}
{"level":"info","message":"Received get overall review data request","service":"review-service"}
{"level":"info","message":"Fetching overall rating for roomId: 69105d217bbe68748625abe0","service":"review-service"}
{"level":"info","message":"Fetched overall rating: [object Object]","service":"review-service"}
{"level":"info","message":"Received get overall review data request","service":"review-service"}
{"level":"info","message":"Fetching overall rating for roomId: 69105d217bbe68748625abe0","service":"review-service"}
{"level":"info","message":"Fetched overall rating: [object Object]","service":"review-service"}
{"level":"info","message":"Received get overall review data request","service":"review-service"}
{"level":"info","message":"Fetching overall rating for roomId: 69105d217bbe68748625abe0","service":"review-service"}
{"level":"info","message":"Fetched overall rating: [object Object]","service":"review-service"}
{"level":"info","message":"Received get overall review data request","service":"review-service"}
{"level":"info","message":"Fetching overall rating for roomId: 69105d217bbe68748625abe0","service":"review-service"}
{"level":"info","message":"Fetched overall rating: [object Object]","service":"review-service"}
{"level":"info","message":"Received get overall review data request","service":"review-service"}
{"level":"info","message":"Fetching overall rating for roomId: 69105d217bbe68748625abe0","service":"review-service"}
{"level":"info","message":"Fetched overall rating: [object Object]","service":"review-service"}
{"level":"info","message":"Received get overall review data request","service":"review-service"}
{"level":"info","message":"Fetching overall rating for roomId: 69105d217bbe68748625abe0","service":"review-service"}
{"level":"info","message":"Fetched overall rating: [object Object]","service":"review-service"}
{"level":"info","message":"Received get overall review data request","service":"review-service"}
{"level":"info","message":"Fetching overall rating for roomId: 69105d217bbe68748625abe0","service":"review-service"}
{"level":"info","message":"Fetched overall rating: [object Object]","service":"review-service"}
{"level":"info","message":"Received get overall review data request","service":"review-service"}
{"level":"info","message":"Fetching overall rating for roomId: 69105d217bbe68748625abe0","service":"review-service"}
{"level":"info","message":"Fetched overall rating: [object Object]","service":"review-service"}
{"level":"info","message":"Received get overall review data request","service":"review-service"}
{"level":"info","message":"Fetching overall rating for roomId: 69105d217bbe68748625abe0","service":"review-service"}
{"level":"info","message":"Fetched overall rating: [object Object]","service":"review-service"}
{"level":"info","message":"Received get overall review data request","service":"review-service"}
{"level":"info","message":"Fetching overall rating for roomId: 69105d217bbe68748625abe0","service":"review-service"}
{"level":"info","message":"Fetched overall rating: [object Object]","service":"review-service"}
{"level":"info","message":"Received get overall review data request","service":"review-service"}
{"level":"info","message":"Fetching overall rating for roomId: 69105d217bbe68748625abe0","service":"review-service"}
{"level":"info","message":"Fetched overall rating: [object Object]","service":"review-service"}
{"level":"info","message":"Received get overall review data request","service":"review-service"}
{"level":"info","message":"Fetching overall rating for roomId: 69105d217bbe68748625abe0","service":"review-service"}
{"level":"info","message":"Fetched overall rating: [object Object]","service":"review-service"}
{"level":"info","message":"Received get overall review data request","service":"review-service"}
{"level":"info","message":"Fetching overall rating for roomId: 69105d217bbe68748625abe0","service":"review-service"}
{"level":"info","message":"Fetched overall rating: [object Object]","service":"review-service"}
{"level":"info","message":"Received get overall review data request","service":"review-service"}
{"level":"info","message":"Fetching overall rating for roomId: 69105d217bbe68748625abe0","service":"review-service"}
{"level":"info","message":"Fetched overall rating: [object Object]","service":"review-service"}
{"level":"info","message":"Received get overall review data request","service":"review-service"}
{"level":"info","message":"Fetching overall rating for roomId: 69105d217bbe68748625abe0","service":"review-service"}
{"level":"info","message":"Fetched overall rating: [object Object]","service":"review-service"}
{"level":"info","message":"Received get overall review data request","service":"review-service"}
{"level":"info","message":"Fetching overall rating for roomId: 69105d217bbe68748625abe0","service":"review-service"}
{"level":"info","message":"Fetched overall rating: [object Object]","service":"review-service"}
{"level":"info","message":"Received get overall review data request","service":"review-service"}
{"level":"info","message":"Fetching overall rating for roomId: 69105d217bbe68748625abe0","service":"review-service"}
{"level":"info","message":"Fetched overall rating: [object Object]","service":"review-service"}
{"level":"info","message":"Received get overall review data request","service":"review-service"}
{"level":"info","message":"Fetching overall rating for roomId: 69105d217bbe68748625abe0","service":"review-service"}
{"level":"info","message":"Fetched overall rating: [object Object]","service":"review-service"}
{"level":"info","message":"Received get overall review data request","service":"review-service"}
{"level":"info","message":"Fetching overall rating for roomId: 69105d217bbe68748625abe0","service":"review-service"}
{"level":"info","message":"Fetched overall rating: [object Object]","service":"review-service"}
{"level":"info","message":"Received get overall review data request","service":"review-service"}
{"level":"info","message":"Fetching overall rating for roomId: 69105d217bbe68748625abe0","service":"review-service"}
{"level":"info","message":"Fetched overall rating: [object Object]","service":"review-service"}
{"level":"info","message":"Received get overall review data request","service":"review-service"}
{"level":"info","message":"Fetching overall rating for roomId: 69105d217bbe68748625abe0","service":"review-service"}
{"level":"info","message":"Fetched overall rating: [object Object]","service":"review-service"}
{"level":"info","message":"Trying to connect MongoDB...","service":"review-service"}
{"level":"info","message":"Successfully connected to MongoDB","service":"review-service"}
{"level":"info","message":"review-service is running at http://localhost:8088","service":"review-service"}
{"level":"info","message":"Received request for getting all reviews","service":"review-service"}
{"level":"info","limit":"10","message":"The query is: ","page":"1","service":"review-service"}
{"level":"info","message":"Getting all rooms the for query: ","service":"review-service"}
{"level":"info","message":"Fetched all reviews successfully!","service":"review-service"}
{"level":"info","message":"Received request for getting all reviews","service":"review-service"}
{"level":"info","limit":"10","message":"The query is: ","page":"1","service":"review-service"}
{"level":"info","message":"Getting all rooms the for query: ","service":"review-service"}
{"level":"info","message":"Fetched all reviews successfully!","service":"review-service"}
{"level":"info","message":"Received request for getting all reviews","service":"review-service"}
{"level":"info","limit":"10","message":"The query is: ","page":"1","service":"review-service"}
{"level":"info","message":"Getting all rooms the for query: ","service":"review-service"}
{"level":"info","message":"Fetched all reviews successfully!","service":"review-service"}
{"level":"info","message":"Received get overall review data request","service":"review-service"}
{"level":"info","message":"Fetching overall rating for roomId: 6911f03b056bddacd64da165","service":"review-service"}
{"level":"info","message":"Fetched overall rating: [object Object]","service":"review-service"}
{"level":"info","message":"Received get overall review data request","service":"review-service"}
{"level":"info","message":"Fetching overall rating for roomId: 6911f03b056bddacd64da165","service":"review-service"}
{"level":"info","message":"Fetched overall rating: [object Object]","service":"review-service"}
{"level":"info","message":"Received request for getting all reviews","service":"review-service"}
{"level":"info","limit":"10","message":"The query is: ","page":"1","service":"review-service"}
{"level":"info","message":"Getting all rooms the for query: ","service":"review-service"}
{"level":"info","message":"Fetched all reviews successfully!","service":"review-service"}
{"level":"info","message":"Received request for getting all reviews","service":"review-service"}
{"level":"info","limit":"10","message":"The query is: ","page":"1","service":"review-service"}
{"level":"info","message":"Getting all rooms the for query: ","service":"review-service"}
{"level":"info","message":"Fetched all reviews successfully!","service":"review-service"}
{"level":"info","message":"Received request for getting all reviews","service":"review-service"}
{"level":"info","limit":"10","message":"The query is: ","page":"1","service":"review-service"}
{"level":"info","message":"Getting all rooms the for query: ","service":"review-service"}
{"level":"info","message":"Fetched all reviews successfully!","service":"review-service"}
{"level":"info","message":"Received request for getting all reviews","service":"review-service"}
{"level":"info","limit":"10","message":"The query is: ","page":"1","service":"review-service"}
{"level":"info","message":"Getting all rooms the for query: ","service":"review-service"}
{"level":"info","message":"Fetched all reviews successfully!","service":"review-service"}
{"level":"info","message":"Received request for getting all reviews","service":"review-service"}
{"level":"info","limit":"10","message":"The query is: ","page":"1","service":"review-service"}
{"level":"info","message":"Getting all rooms the for query: ","service":"review-service"}
{"level":"info","message":"Fetched all reviews successfully!","service":"review-service"}
{"level":"info","message":"Received request for getting all reviews","service":"review-service"}
{"level":"info","limit":"10","message":"The query is: ","page":"1","service":"review-service"}
{"level":"info","message":"Getting all rooms the for query: ","service":"review-service"}
{"level":"info","message":"Fetched all reviews successfully!","service":"review-service"}
{"level":"info","message":"Trying to connect MongoDB...","service":"review-service"}
{"level":"info","message":"Successfully connected to MongoDB","service":"review-service"}
{"level":"info","message":"review-service is running at http://localhost:8088","service":"review-service"}
{"level":"error","message":"Error occured during starting the eureka client: AggregateError","service":"review-service"}
{"level":"info","message":"Trying to connect MongoDB...","service":"review-service"}
{"level":"info","message":"Successfully connected to MongoDB","service":"review-service"}
{"level":"info","message":"review-service is running at http://localhost:8088","service":"review-service"}
{"level":"info","message":"Received request for getting all reviews","service":"review-service"}
{"level":"info","limit":"10","message":"The query is: ","page":"1","service":"review-service"}
{"level":"info","message":"Getting all rooms the for query: ","service":"review-service"}
{"level":"info","message":"Fetched all reviews successfully!","service":"review-service"}
{"level":"info","message":"Received request for getting all reviews","service":"review-service"}
{"level":"info","limit":"10","message":"The query is: ","page":"1","service":"review-service"}
{"level":"info","message":"Getting all rooms the for query: ","service":"review-service"}
{"level":"info","message":"Fetched all reviews successfully!","service":"review-service"}
{"level":"info","message":"Received request for getting all reviews","service":"review-service"}
{"level":"info","limit":"10","message":"The query is: ","page":"1","service":"review-service"}
{"level":"info","message":"Getting all rooms the for query: ","service":"review-service"}
{"level":"info","message":"Fetched all reviews successfully!","service":"review-service"}
{"level":"info","message":"Received get overall review data request","service":"review-service"}
{"level":"info","message":"Fetching overall rating for roomId: 6911f03b056bddacd64da165","service":"review-service"}
{"level":"info","message":"Fetched overall rating: [object Object]","service":"review-service"}
{"level":"info","message":"Received get overall review data request","service":"review-service"}
{"level":"info","message":"Fetching overall rating for roomId: 6911f03b056bddacd64da165","service":"review-service"}
{"level":"info","message":"Fetched overall rating: [object Object]","service":"review-service"}
{"level":"info","message":"Received request for add new review","service":"review-service"}
{"level":"info","message":"Adding review for: ","organizationId":"6911e7620f65b4e6da72c14d","rating":5,"reviewText":"ok","roomId":"6911f03b056bddacd64da165","service":"review-service","uid":"3edcBmQfHXg8WUGXCKdUizicAe43"}
{"level":"info","message":"Attempting review creation with data: ","organizationId":"6911e7620f65b4e6da72c14d","rating":5,"reviewText":"ok","roomId":"6911f03b056bddacd64da165","service":"review-service","uid":"3edcBmQfHXg8WUGXCKdUizicAe43"}
{"level":"info","message":"Review added successfully!","service":"review-service"}
{"level":"info","message":"Received request for add new review","service":"review-service"}
{"level":"info","message":"Adding review for: ","organizationId":"6911e7620f65b4e6da72c14d","rating":5,"reviewText":"tuyệt vời","roomId":"6911f03b056bddacd64da165","service":"review-service","uid":"3edcBmQfHXg8WUGXCKdUizicAe43"}
{"level":"info","message":"Attempting review creation with data: ","organizationId":"6911e7620f65b4e6da72c14d","rating":5,"reviewText":"tuyệt vời","roomId":"6911f03b056bddacd64da165","service":"review-service","uid":"3edcBmQfHXg8WUGXCKdUizicAe43"}
{"level":"info","message":"Review added successfully!","service":"review-service"}
{"level":"info","message":"Received request for getting all reviews","service":"review-service"}
{"level":"info","limit":"10","message":"The query is: ","page":"1","service":"review-service"}
{"level":"info","message":"Getting all rooms the for query: ","service":"review-service"}
{"level":"info","message":"Fetched all reviews successfully!","service":"review-service"}
{"level":"info","message":"Received request for getting all reviews","service":"review-service"}
{"level":"info","limit":"10","message":"The query is: ","page":"1","service":"review-service"}
{"level":"info","message":"Getting all rooms the for query: ","service":"review-service"}
{"level":"info","message":"Fetched all reviews successfully!","service":"review-service"}
{"level":"info","message":"Received request for getting all reviews","service":"review-service"}
{"level":"info","limit":"10","message":"The query is: ","page":"1","service":"review-service"}
{"level":"info","message":"Getting all rooms the for query: ","service":"review-service"}
{"level":"info","message":"Fetched all reviews successfully!","service":"review-service"}
{"level":"info","message":"Received get overall review data request","service":"review-service"}
{"level":"info","message":"Fetching overall rating for roomId: 6911f03b056bddacd64da165","service":"review-service"}
{"level":"info","message":"Fetched overall rating: [object Object]","service":"review-service"}
{"level":"info","message":"Received get overall review data request","service":"review-service"}
{"level":"info","message":"Fetching overall rating for roomId: 6911f03b056bddacd64da165","service":"review-service"}
{"level":"info","message":"Received request for getting all reviews","service":"review-service"}
{"level":"info","message":"The query is: ","roomId":"6911f03b056bddacd64da165","service":"review-service"}
{"level":"info","message":"Getting all rooms the for query: ","roomId":"6911f03b056bddacd64da165","service":"review-service"}
{"level":"info","message":"Fetched overall rating: [object Object]","service":"review-service"}
{"level":"info","message":"Fetched all reviews successfully!","service":"review-service"}
{"level":"info","message":"Received request for getting all reviews","service":"review-service"}
{"level":"info","message":"The query is: ","roomId":"6911f03b056bddacd64da165","service":"review-service"}
{"level":"info","message":"Getting all rooms the for query: ","roomId":"6911f03b056bddacd64da165","service":"review-service"}
{"level":"info","message":"Fetched all reviews successfully!","service":"review-service"}
{"level":"info","message":"Trying to connect MongoDB...","service":"review-service"}
{"level":"info","message":"Successfully connected to MongoDB","service":"review-service"}
{"level":"info","message":"review-service is running at http://localhost:8088","service":"review-service"}
{"level":"info","message":"Received request for getting all reviews","service":"review-service"}
{"level":"info","message":"The query is: ","service":"review-service"}
{"level":"info","message":"Getting all rooms the for query: ","service":"review-service"}
{"level":"info","message":"Fetched all reviews successfully!","service":"review-service"}
{"level":"info","message":"Trying to connect MongoDB...","service":"review-service"}
{"level":"info","message":"Successfully connected to MongoDB","service":"review-service"}
{"level":"info","message":"review-service is running at http://localhost:8088","service":"review-service"}
{"level":"info","message":"Trying to connect MongoDB...","service":"review-service"}
{"level":"info","message":"Successfully connected to MongoDB","service":"review-service"}
{"level":"info","message":"review-service is running at http://localhost:8088","service":"review-service"}
{"level":"info","message":"Trying to connect MongoDB...","service":"review-service"}
{"level":"info","message":"Successfully connected to MongoDB","service":"review-service"}
{"level":"info","message":"review-service is running at http://localhost:8088","service":"review-service"}
{"level":"info","message":"Trying to connect MongoDB...","service":"review-service"}
{"level":"info","message":"Successfully connected to MongoDB","service":"review-service"}
{"level":"info","message":"review-service is running at http://localhost:8088","service":"review-service"}
{"level":"info","message":"Trying to connect MongoDB...","service":"review-service"}
{"level":"info","message":"Successfully connected to MongoDB","service":"review-service"}
{"level":"info","message":"review-service is running at http://localhost:8088","service":"review-service"}
{"level":"info","message":"Trying to connect MongoDB...","service":"review-service"}
{"level":"info","message":"Successfully connected to MongoDB","service":"review-service"}
{"level":"info","message":"review-service is running at http://localhost:8088","service":"review-service"}
{"level":"info","message":"Trying to connect MongoDB...","service":"review-service"}
{"level":"info","message":"Successfully connected to MongoDB","service":"review-service"}
{"level":"info","message":"review-service is running at http://localhost:9088","service":"review-service"}
{"level":"info","message":"Trying to connect MongoDB...","service":"review-service"}
{"level":"info","message":"Successfully connected to MongoDB","service":"review-service"}
{"level":"info","message":"review-service is running at http://localhost:9188","service":"review-service"}
