{"@timestamp":"2025-12-02T16:07:45.6999118+07:00","@version":"1","message":"Starting AuthServerApplication using Java 21.0.9 with PID 18320 (D:\\Users\\Laptop\\OneDrive\\Documents\\MyRoom\\auth-server\\bin\\main started by Acer Nitro 5 in D:\\Users\\Laptop\\OneDrive\\Documents\\MyRoom\\auth-server)","logger_name":"com.myroom.authserver.AuthServerApplication","thread_name":"main","level":"INFO","level_value":20000}
{"@timestamp":"2025-12-02T16:07:45.7305124+07:00","@version":"1","message":"No active profile set, falling back to 1 default profile: \"default\"","logger_name":"com.myroom.authserver.AuthServerApplication","thread_name":"main","level":"INFO","level_value":20000}
{"@timestamp":"2025-12-02T16:07:47.0326593+07:00","@version":"1","message":"Multiple Spring Data modules found, entering strict repository configuration mode","logger_name":"org.springframework.data.repository.config.RepositoryConfigurationDelegate","thread_name":"main","level":"INFO","level_value":20000}
{"@timestamp":"2025-12-02T16:07:47.0394208+07:00","@version":"1","message":"Bootstrapping Spring Data Redis repositories in DEFAULT mode.","logger_name":"org.springframework.data.repository.config.RepositoryConfigurationDelegate","thread_name":"main","level":"INFO","level_value":20000}
{"@timestamp":"2025-12-02T16:07:47.0818219+07:00","@version":"1","message":"Finished Spring Data repository scanning in 17 ms. Found 0 Redis repository interfaces.","logger_name":"org.springframework.data.repository.config.RepositoryConfigurationDelegate","thread_name":"main","level":"INFO","level_value":20000}
{"@timestamp":"2025-12-02T16:07:47.3200028+07:00","@version":"1","message":"BeanFactory id=ef962998-1a85-3bb1-87a7-e46488570259","logger_name":"org.springframework.cloud.context.scope.GenericScope","thread_name":"main","level":"INFO","level_value":20000}
{"@timestamp":"2025-12-02T16:07:47.9284954+07:00","@version":"1","message":"Tomcat initialized with port 8081 (http)","logger_name":"org.springframework.boot.web.embedded.tomcat.TomcatWebServer","thread_name":"main","level":"INFO","level_value":20000}
{"@timestamp":"2025-12-02T16:07:47.943077+07:00","@version":"1","message":"Initializing ProtocolHandler [\"http-nio-8081\"]","logger_name":"org.apache.coyote.http11.Http11NioProtocol","thread_name":"main","level":"INFO","level_value":20000}
{"@timestamp":"2025-12-02T16:07:47.9452136+07:00","@version":"1","message":"Starting service [Tomcat]","logger_name":"org.apache.catalina.core.StandardService","thread_name":"main","level":"INFO","level_value":20000}
{"@timestamp":"2025-12-02T16:07:47.9452136+07:00","@version":"1","message":"Starting Servlet engine: [Apache Tomcat/10.1.16]","logger_name":"org.apache.catalina.core.StandardEngine","thread_name":"main","level":"INFO","level_value":20000}
{"@timestamp":"2025-12-02T16:07:48.0623264+07:00","@version":"1","message":"Initializing Spring embedded WebApplicationContext","logger_name":"org.apache.catalina.core.ContainerBase.[Tomcat].[localhost].[/]","thread_name":"main","level":"INFO","level_value":20000}
{"@timestamp":"2025-12-02T16:07:48.0623264+07:00","@version":"1","message":"Root WebApplicationContext: initialization completed in 2284 ms","logger_name":"org.springframework.boot.web.servlet.context.ServletWebServerApplicationContext","thread_name":"main","level":"INFO","level_value":20000}
{"@timestamp":"2025-12-02T16:07:50.0691101+07:00","@version":"1","message":"Exposing 17 endpoint(s) beneath base path '/actuator'","logger_name":"org.springframework.boot.actuate.endpoint.web.EndpointLinksResolver","thread_name":"main","level":"INFO","level_value":20000}
{"@timestamp":"2025-12-02T16:07:50.1505561+07:00","@version":"1","message":"Will secure any request with [org.springframework.security.web.session.DisableEncodeUrlFilter@6cb759d5, org.springframework.security.web.context.request.async.WebAsyncManagerIntegrationFilter@2ba9765b, org.springframework.security.web.context.SecurityContextHolderFilter@3adb4cc8, org.springframework.security.web.header.HeaderWriterFilter@10ffe32f, org.springframework.security.web.authentication.logout.LogoutFilter@74d3b331, com.myroom.authserver.api.config.security.firebase.FirebaseAuthenticationFilter@2dcd451f, org.springframework.security.web.savedrequest.RequestCacheAwareFilter@f9ac719, org.springframework.security.web.servletapi.SecurityContextHolderAwareRequestFilter@53a3fc8b, org.springframework.security.web.authentication.AnonymousAuthenticationFilter@5f233f9, org.springframework.security.web.session.SessionManagementFilter@67d55a46, org.springframework.security.web.access.ExceptionTranslationFilter@2e3b4394, org.springframework.security.web.access.intercept.AuthorizationFilter@744673f3]","logger_name":"org.springframework.security.web.DefaultSecurityFilterChain","thread_name":"main","level":"INFO","level_value":20000}
{"@timestamp":"2025-12-02T16:07:50.8867323+07:00","@version":"1","message":"Eureka HTTP Client uses RestTemplate.","logger_name":"org.springframework.cloud.netflix.eureka.config.DiscoveryClientOptionalArgsConfiguration","thread_name":"main","level":"INFO","level_value":20000}
{"@timestamp":"2025-12-02T16:07:50.9256702+07:00","@version":"1","message":"Spring Cloud LoadBalancer is currently working with the default cache. While this cache implementation is useful for development and tests, it's recommended to use Caffeine cache in production.You can switch to using Caffeine cache, by adding it and org.springframework.cache.caffeine.CaffeineCacheManager to the classpath.","logger_name":"org.springframework.cloud.loadbalancer.config.LoadBalancerCacheAutoConfiguration$LoadBalancerCaffeineWarnLogger","thread_name":"main","level":"WARN","level_value":30000}
{"@timestamp":"2025-12-02T16:07:51.0311018+07:00","@version":"1","message":"Setting initial instance status as: STARTING","logger_name":"org.springframework.cloud.netflix.eureka.InstanceInfoFactory","thread_name":"main","level":"INFO","level_value":20000}
{"@timestamp":"2025-12-02T16:07:51.068468+07:00","@version":"1","message":"Initializing Eureka in region us-east-1","logger_name":"com.netflix.discovery.DiscoveryClient","thread_name":"main","level":"INFO","level_value":20000}
{"@timestamp":"2025-12-02T16:07:51.0754523+07:00","@version":"1","message":"Resolving eureka endpoints via configuration","logger_name":"com.netflix.discovery.shared.resolver.aws.ConfigClusterResolver","thread_name":"main","level":"INFO","level_value":20000}
{"@timestamp":"2025-12-02T16:07:51.0940035+07:00","@version":"1","message":"Disable delta property : false","logger_name":"com.netflix.discovery.DiscoveryClient","thread_name":"main","level":"INFO","level_value":20000}
{"@timestamp":"2025-12-02T16:07:51.0940035+07:00","@version":"1","message":"Single vip registry refresh property : null","logger_name":"com.netflix.discovery.DiscoveryClient","thread_name":"main","level":"INFO","level_value":20000}
{"@timestamp":"2025-12-02T16:07:51.0940035+07:00","@version":"1","message":"Force full registry fetch : false","logger_name":"com.netflix.discovery.DiscoveryClient","thread_name":"main","level":"INFO","level_value":20000}
{"@timestamp":"2025-12-02T16:07:51.0940035+07:00","@version":"1","message":"Application is null : false","logger_name":"com.netflix.discovery.DiscoveryClient","thread_name":"main","level":"INFO","level_value":20000}
{"@timestamp":"2025-12-02T16:07:51.0940035+07:00","@version":"1","message":"Registered Applications size is zero : true","logger_name":"com.netflix.discovery.DiscoveryClient","thread_name":"main","level":"INFO","level_value":20000}
{"@timestamp":"2025-12-02T16:07:51.0940035+07:00","@version":"1","message":"Application version is -1: true","logger_name":"com.netflix.discovery.DiscoveryClient","thread_name":"main","level":"INFO","level_value":20000}
{"@timestamp":"2025-12-02T16:07:51.0940035+07:00","@version":"1","message":"Getting all instance registry info from the eureka server","logger_name":"com.netflix.discovery.DiscoveryClient","thread_name":"main","level":"INFO","level_value":20000}
{"@timestamp":"2025-12-02T16:07:51.2303518+07:00","@version":"1","message":"The response status is 200","logger_name":"com.netflix.discovery.DiscoveryClient","thread_name":"main","level":"INFO","level_value":20000}
{"@timestamp":"2025-12-02T16:07:51.2313511+07:00","@version":"1","message":"Starting heartbeat executor: renew interval is: 30","logger_name":"com.netflix.discovery.DiscoveryClient","thread_name":"main","level":"INFO","level_value":20000}
{"@timestamp":"2025-12-02T16:07:51.2328563+07:00","@version":"1","message":"InstanceInfoReplicator onDemand update allowed rate per min is 4","logger_name":"com.netflix.discovery.InstanceInfoReplicator","thread_name":"main","level":"INFO","level_value":20000}
{"@timestamp":"2025-12-02T16:07:51.2368639+07:00","@version":"1","message":"Discovery Client initialized at timestamp 1764666471235 with initial instances count: 0","logger_name":"com.netflix.discovery.DiscoveryClient","thread_name":"main","level":"INFO","level_value":20000}
{"@timestamp":"2025-12-02T16:07:51.2378643+07:00","@version":"1","message":"Registering application AUTH-SERVER with eureka with status UP","logger_name":"org.springframework.cloud.netflix.eureka.serviceregistry.EurekaServiceRegistry","thread_name":"main","level":"INFO","level_value":20000}
{"@timestamp":"2025-12-02T16:07:51.2388627+07:00","@version":"1","message":"Saw local status change event StatusChangeEvent [timestamp=1764666471238, current=UP, previous=STARTING]","logger_name":"com.netflix.discovery.DiscoveryClient","thread_name":"main","level":"INFO","level_value":20000}
{"@timestamp":"2025-12-02T16:07:51.2398613+07:00","@version":"1","message":"DiscoveryClient_AUTH-SERVER/MinDuck:AUTH-SERVER:8081: registering service...","logger_name":"com.netflix.discovery.DiscoveryClient","thread_name":"DiscoveryClient-InstanceInfoReplicator-0","level":"INFO","level_value":20000}
{"@timestamp":"2025-12-02T16:07:51.2408615+07:00","@version":"1","message":"Starting ProtocolHandler [\"http-nio-8081\"]","logger_name":"org.apache.coyote.http11.Http11NioProtocol","thread_name":"main","level":"INFO","level_value":20000}
{"@timestamp":"2025-12-02T16:07:51.2641841+07:00","@version":"1","message":"Tomcat started on port 8081 (http) with context path ''","logger_name":"org.springframework.boot.web.embedded.tomcat.TomcatWebServer","thread_name":"main","level":"INFO","level_value":20000}
{"@timestamp":"2025-12-02T16:07:51.2651846+07:00","@version":"1","message":"Updating port to 8081","logger_name":"org.springframework.cloud.netflix.eureka.serviceregistry.EurekaAutoServiceRegistration","thread_name":"main","level":"INFO","level_value":20000}
{"@timestamp":"2025-12-02T16:07:51.2801878+07:00","@version":"1","message":"DiscoveryClient_AUTH-SERVER/MinDuck:AUTH-SERVER:8081 - registration status: 204","logger_name":"com.netflix.discovery.DiscoveryClient","thread_name":"DiscoveryClient-InstanceInfoReplicator-0","level":"INFO","level_value":20000}
{"@timestamp":"2025-12-02T16:07:51.2897094+07:00","@version":"1","message":"Started AuthServerApplication in 6.567 seconds (process running for 8.466)","logger_name":"com.myroom.authserver.AuthServerApplication","thread_name":"main","level":"INFO","level_value":20000}
{"@timestamp":"2025-12-02T16:07:51.2992051+07:00","@version":"1","message":"Initializing Firebase...","logger_name":"com.myroom.authserver.runner.InitializeFirebaseRunner","thread_name":"main","level":"INFO","level_value":20000}
{"@timestamp":"2025-12-02T16:07:51.3466748+07:00","@version":"1","message":"Firebase initialized!","logger_name":"com.myroom.authserver.runner.InitializeFirebaseRunner","thread_name":"main","level":"INFO","level_value":20000}
{"@timestamp":"2025-12-02T16:07:52.6247372+07:00","@version":"1","message":"Initializing Spring DispatcherServlet 'dispatcherServlet'","logger_name":"org.apache.catalina.core.ContainerBase.[Tomcat].[localhost].[/]","thread_name":"RMI TCP Connection(2)-127.0.0.1","level":"INFO","level_value":20000}
{"@timestamp":"2025-12-02T16:07:52.6247372+07:00","@version":"1","message":"Initializing Servlet 'dispatcherServlet'","logger_name":"org.springframework.web.servlet.DispatcherServlet","thread_name":"RMI TCP Connection(2)-127.0.0.1","level":"INFO","level_value":20000}
{"@timestamp":"2025-12-02T16:07:52.6257419+07:00","@version":"1","message":"Completed initialization in 1 ms","logger_name":"org.springframework.web.servlet.DispatcherServlet","thread_name":"RMI TCP Connection(2)-127.0.0.1","level":"INFO","level_value":20000}
{"@timestamp":"2025-12-02T16:07:57.3173475+07:00","@version":"1","message":"Cache miss for REQUEST dispatch to '/actuator/prometheus' (previous null). Performing MatchableHandlerMapping lookup. This is logged once only at WARN level, and every time at TRACE.","logger_name":"org.springframework.web.servlet.handler.HandlerMappingIntrospector","thread_name":"http-nio-8081-exec-1","level":"WARN","level_value":30000,"traceId":"692eac6d9d700601f74b8d1fc66e46c9","spanId":"d47eee42684d1c7e"}
{"@timestamp":"2025-12-02T16:08:21.2402762+07:00","@version":"1","message":"Disable delta property : false","logger_name":"com.netflix.discovery.DiscoveryClient","thread_name":"DiscoveryClient-CacheRefreshExecutor-0","level":"INFO","level_value":20000}
{"@timestamp":"2025-12-02T16:08:21.2402762+07:00","@version":"1","message":"Single vip registry refresh property : null","logger_name":"com.netflix.discovery.DiscoveryClient","thread_name":"DiscoveryClient-CacheRefreshExecutor-0","level":"INFO","level_value":20000}
{"@timestamp":"2025-12-02T16:08:21.2402762+07:00","@version":"1","message":"Force full registry fetch : false","logger_name":"com.netflix.discovery.DiscoveryClient","thread_name":"DiscoveryClient-CacheRefreshExecutor-0","level":"INFO","level_value":20000}
{"@timestamp":"2025-12-02T16:08:21.2402762+07:00","@version":"1","message":"Application is null : false","logger_name":"com.netflix.discovery.DiscoveryClient","thread_name":"DiscoveryClient-CacheRefreshExecutor-0","level":"INFO","level_value":20000}
{"@timestamp":"2025-12-02T16:08:21.2402762+07:00","@version":"1","message":"Registered Applications size is zero : true","logger_name":"com.netflix.discovery.DiscoveryClient","thread_name":"DiscoveryClient-CacheRefreshExecutor-0","level":"INFO","level_value":20000}
{"@timestamp":"2025-12-02T16:08:21.2402762+07:00","@version":"1","message":"Application version is -1: false","logger_name":"com.netflix.discovery.DiscoveryClient","thread_name":"DiscoveryClient-CacheRefreshExecutor-0","level":"INFO","level_value":20000}
{"@timestamp":"2025-12-02T16:08:21.2402762+07:00","@version":"1","message":"Getting all instance registry info from the eureka server","logger_name":"com.netflix.discovery.DiscoveryClient","thread_name":"DiscoveryClient-CacheRefreshExecutor-0","level":"INFO","level_value":20000}
{"@timestamp":"2025-12-02T16:08:21.2780696+07:00","@version":"1","message":"The response status is 200","logger_name":"com.netflix.discovery.DiscoveryClient","thread_name":"DiscoveryClient-CacheRefreshExecutor-0","level":"INFO","level_value":20000}
{"@timestamp":"2025-12-02T16:12:51.1084407+07:00","@version":"1","message":"Resolving eureka endpoints via configuration","logger_name":"com.netflix.discovery.shared.resolver.aws.ConfigClusterResolver","thread_name":"AsyncResolver-bootstrap-executor-0","level":"INFO","level_value":20000}
{"@timestamp":"2025-12-02T16:17:51.1149483+07:00","@version":"1","message":"Resolving eureka endpoints via configuration","logger_name":"com.netflix.discovery.shared.resolver.aws.ConfigClusterResolver","thread_name":"AsyncResolver-bootstrap-executor-0","level":"INFO","level_value":20000}
{"@timestamp":"2025-12-02T16:22:51.1178381+07:00","@version":"1","message":"Resolving eureka endpoints via configuration","logger_name":"com.netflix.discovery.shared.resolver.aws.ConfigClusterResolver","thread_name":"AsyncResolver-bootstrap-executor-0","level":"INFO","level_value":20000}
{"@timestamp":"2025-12-02T16:27:51.1211706+07:00","@version":"1","message":"Resolving eureka endpoints via configuration","logger_name":"com.netflix.discovery.shared.resolver.aws.ConfigClusterResolver","thread_name":"AsyncResolver-bootstrap-executor-0","level":"INFO","level_value":20000}
{"@timestamp":"2025-12-02T16:32:51.1265331+07:00","@version":"1","message":"Resolving eureka endpoints via configuration","logger_name":"com.netflix.discovery.shared.resolver.aws.ConfigClusterResolver","thread_name":"AsyncResolver-bootstrap-executor-0","level":"INFO","level_value":20000}
{"@timestamp":"2025-12-02T16:37:51.1297692+07:00","@version":"1","message":"Resolving eureka endpoints via configuration","logger_name":"com.netflix.discovery.shared.resolver.aws.ConfigClusterResolver","thread_name":"AsyncResolver-bootstrap-executor-0","level":"INFO","level_value":20000}
{"@timestamp":"2025-12-02T16:42:51.1374812+07:00","@version":"1","message":"Resolving eureka endpoints via configuration","logger_name":"com.netflix.discovery.shared.resolver.aws.ConfigClusterResolver","thread_name":"AsyncResolver-bootstrap-executor-0","level":"INFO","level_value":20000}
{"@timestamp":"2025-12-02T16:47:51.1620995+07:00","@version":"1","message":"Resolving eureka endpoints via configuration","logger_name":"com.netflix.discovery.shared.resolver.aws.ConfigClusterResolver","thread_name":"AsyncResolver-bootstrap-executor-0","level":"INFO","level_value":20000}
{"@timestamp":"2025-12-02T16:52:51.1698325+07:00","@version":"1","message":"Resolving eureka endpoints via configuration","logger_name":"com.netflix.discovery.shared.resolver.aws.ConfigClusterResolver","thread_name":"AsyncResolver-bootstrap-executor-0","level":"INFO","level_value":20000}
{"@timestamp":"2025-12-02T16:57:51.1754572+07:00","@version":"1","message":"Resolving eureka endpoints via configuration","logger_name":"com.netflix.discovery.shared.resolver.aws.ConfigClusterResolver","thread_name":"AsyncResolver-bootstrap-executor-0","level":"INFO","level_value":20000}
{"@timestamp":"2025-12-02T17:02:51.1835979+07:00","@version":"1","message":"Resolving eureka endpoints via configuration","logger_name":"com.netflix.discovery.shared.resolver.aws.ConfigClusterResolver","thread_name":"AsyncResolver-bootstrap-executor-0","level":"INFO","level_value":20000}
