{"@timestamp":"2025-12-04T16:33:40.0765509+07:00","@version":"1","message":"Starting AuthServerApplication using Java 21.0.9 with PID 22144 (D:\\Users\\Laptop\\OneDrive\\Documents\\MyRoom\\auth-server\\bin\\main started by Acer Nitro 5 in D:\\Users\\Laptop\\OneDrive\\Documents\\MyRoom\\auth-server)","logger_name":"com.myroom.authserver.AuthServerApplication","thread_name":"main","level":"INFO","level_value":20000}
{"@timestamp":"2025-12-04T16:33:40.0905583+07:00","@version":"1","message":"No active profile set, falling back to 1 default profile: \"default\"","logger_name":"com.myroom.authserver.AuthServerApplication","thread_name":"main","level":"INFO","level_value":20000}
{"@timestamp":"2025-12-04T16:33:41.4577251+07:00","@version":"1","message":"Multiple Spring Data modules found, entering strict repository configuration mode","logger_name":"org.springframework.data.repository.config.RepositoryConfigurationDelegate","thread_name":"main","level":"INFO","level_value":20000}
{"@timestamp":"2025-12-04T16:33:41.461726+07:00","@version":"1","message":"Bootstrapping Spring Data Redis repositories in DEFAULT mode.","logger_name":"org.springframework.data.repository.config.RepositoryConfigurationDelegate","thread_name":"main","level":"INFO","level_value":20000}
{"@timestamp":"2025-12-04T16:33:41.4977299+07:00","@version":"1","message":"Finished Spring Data repository scanning in 17 ms. Found 0 Redis repository interfaces.","logger_name":"org.springframework.data.repository.config.RepositoryConfigurationDelegate","thread_name":"main","level":"INFO","level_value":20000}
{"@timestamp":"2025-12-04T16:33:41.7532406+07:00","@version":"1","message":"BeanFactory id=ef962998-1a85-3bb1-87a7-e46488570259","logger_name":"org.springframework.cloud.context.scope.GenericScope","thread_name":"main","level":"INFO","level_value":20000}
{"@timestamp":"2025-12-04T16:33:42.3693756+07:00","@version":"1","message":"Tomcat initialized with port 8081 (http)","logger_name":"org.springframework.boot.web.embedded.tomcat.TomcatWebServer","thread_name":"main","level":"INFO","level_value":20000}
{"@timestamp":"2025-12-04T16:33:42.3803754+07:00","@version":"1","message":"Initializing ProtocolHandler [\"http-nio-8081\"]","logger_name":"org.apache.coyote.http11.Http11NioProtocol","thread_name":"main","level":"INFO","level_value":20000}
{"@timestamp":"2025-12-04T16:33:42.3833761+07:00","@version":"1","message":"Starting service [Tomcat]","logger_name":"org.apache.catalina.core.StandardService","thread_name":"main","level":"INFO","level_value":20000}
{"@timestamp":"2025-12-04T16:33:42.3833761+07:00","@version":"1","message":"Starting Servlet engine: [Apache Tomcat/10.1.16]","logger_name":"org.apache.catalina.core.StandardEngine","thread_name":"main","level":"INFO","level_value":20000}
{"@timestamp":"2025-12-04T16:33:42.477375+07:00","@version":"1","message":"Initializing Spring embedded WebApplicationContext","logger_name":"org.apache.catalina.core.ContainerBase.[Tomcat].[localhost].[/]","thread_name":"main","level":"INFO","level_value":20000}
{"@timestamp":"2025-12-04T16:33:42.477375+07:00","@version":"1","message":"Root WebApplicationContext: initialization completed in 2335 ms","logger_name":"org.springframework.boot.web.servlet.context.ServletWebServerApplicationContext","thread_name":"main","level":"INFO","level_value":20000}
{"@timestamp":"2025-12-04T16:33:44.2174844+07:00","@version":"1","message":"Exposing 17 endpoint(s) beneath base path '/actuator'","logger_name":"org.springframework.boot.actuate.endpoint.web.EndpointLinksResolver","thread_name":"main","level":"INFO","level_value":20000}
{"@timestamp":"2025-12-04T16:33:44.2698916+07:00","@version":"1","message":"Will secure any request with [org.springframework.security.web.session.DisableEncodeUrlFilter@53a3fc8b, org.springframework.security.web.context.request.async.WebAsyncManagerIntegrationFilter@337e573b, org.springframework.security.web.context.SecurityContextHolderFilter@58c80957, org.springframework.security.web.header.HeaderWriterFilter@61375dff, org.springframework.security.web.authentication.logout.LogoutFilter@12b66c89, com.myroom.authserver.api.config.security.firebase.FirebaseAuthenticationFilter@18f13756, org.springframework.security.web.savedrequest.RequestCacheAwareFilter@78c5ef58, org.springframework.security.web.servletapi.SecurityContextHolderAwareRequestFilter@1fce6eb4, org.springframework.security.web.authentication.AnonymousAuthenticationFilter@4d24ab25, org.springframework.security.web.session.SessionManagementFilter@5b8b9b2d, org.springframework.security.web.access.ExceptionTranslationFilter@220a5163, org.springframework.security.web.access.intercept.AuthorizationFilter@3adb4cc8]","logger_name":"org.springframework.security.web.DefaultSecurityFilterChain","thread_name":"main","level":"INFO","level_value":20000}
{"@timestamp":"2025-12-04T16:33:44.9118495+07:00","@version":"1","message":"Eureka HTTP Client uses RestTemplate.","logger_name":"org.springframework.cloud.netflix.eureka.config.DiscoveryClientOptionalArgsConfiguration","thread_name":"main","level":"INFO","level_value":20000}
{"@timestamp":"2025-12-04T16:33:44.9497993+07:00","@version":"1","message":"Spring Cloud LoadBalancer is currently working with the default cache. While this cache implementation is useful for development and tests, it's recommended to use Caffeine cache in production.You can switch to using Caffeine cache, by adding it and org.springframework.cache.caffeine.CaffeineCacheManager to the classpath.","logger_name":"org.springframework.cloud.loadbalancer.config.LoadBalancerCacheAutoConfiguration$LoadBalancerCaffeineWarnLogger","thread_name":"main","level":"WARN","level_value":30000}
{"@timestamp":"2025-12-04T16:33:45.0315753+07:00","@version":"1","message":"Setting initial instance status as: STARTING","logger_name":"org.springframework.cloud.netflix.eureka.InstanceInfoFactory","thread_name":"main","level":"INFO","level_value":20000}
{"@timestamp":"2025-12-04T16:33:45.0841866+07:00","@version":"1","message":"Initializing Eureka in region us-east-1","logger_name":"com.netflix.discovery.DiscoveryClient","thread_name":"main","level":"INFO","level_value":20000}
{"@timestamp":"2025-12-04T16:33:45.0952091+07:00","@version":"1","message":"Resolving eureka endpoints via configuration","logger_name":"com.netflix.discovery.shared.resolver.aws.ConfigClusterResolver","thread_name":"main","level":"INFO","level_value":20000}
{"@timestamp":"2025-12-04T16:33:45.1152771+07:00","@version":"1","message":"Disable delta property : false","logger_name":"com.netflix.discovery.DiscoveryClient","thread_name":"main","level":"INFO","level_value":20000}
{"@timestamp":"2025-12-04T16:33:45.1152771+07:00","@version":"1","message":"Single vip registry refresh property : null","logger_name":"com.netflix.discovery.DiscoveryClient","thread_name":"main","level":"INFO","level_value":20000}
{"@timestamp":"2025-12-04T16:33:45.1152771+07:00","@version":"1","message":"Force full registry fetch : false","logger_name":"com.netflix.discovery.DiscoveryClient","thread_name":"main","level":"INFO","level_value":20000}
{"@timestamp":"2025-12-04T16:33:45.1152771+07:00","@version":"1","message":"Application is null : false","logger_name":"com.netflix.discovery.DiscoveryClient","thread_name":"main","level":"INFO","level_value":20000}
{"@timestamp":"2025-12-04T16:33:45.1152771+07:00","@version":"1","message":"Registered Applications size is zero : true","logger_name":"com.netflix.discovery.DiscoveryClient","thread_name":"main","level":"INFO","level_value":20000}
{"@timestamp":"2025-12-04T16:33:45.1152771+07:00","@version":"1","message":"Application version is -1: true","logger_name":"com.netflix.discovery.DiscoveryClient","thread_name":"main","level":"INFO","level_value":20000}
{"@timestamp":"2025-12-04T16:33:45.1152771+07:00","@version":"1","message":"Getting all instance registry info from the eureka server","logger_name":"com.netflix.discovery.DiscoveryClient","thread_name":"main","level":"INFO","level_value":20000}
{"@timestamp":"2025-12-04T16:33:45.2628153+07:00","@version":"1","message":"The response status is 200","logger_name":"com.netflix.discovery.DiscoveryClient","thread_name":"main","level":"INFO","level_value":20000}
{"@timestamp":"2025-12-04T16:33:45.263816+07:00","@version":"1","message":"Starting heartbeat executor: renew interval is: 30","logger_name":"com.netflix.discovery.DiscoveryClient","thread_name":"main","level":"INFO","level_value":20000}
{"@timestamp":"2025-12-04T16:33:45.2653144+07:00","@version":"1","message":"InstanceInfoReplicator onDemand update allowed rate per min is 4","logger_name":"com.netflix.discovery.InstanceInfoReplicator","thread_name":"main","level":"INFO","level_value":20000}
{"@timestamp":"2025-12-04T16:33:45.2683201+07:00","@version":"1","message":"Discovery Client initialized at timestamp 1764840825268 with initial instances count: 0","logger_name":"com.netflix.discovery.DiscoveryClient","thread_name":"main","level":"INFO","level_value":20000}
{"@timestamp":"2025-12-04T16:33:45.2713579+07:00","@version":"1","message":"Registering application AUTH-SERVER with eureka with status UP","logger_name":"org.springframework.cloud.netflix.eureka.serviceregistry.EurekaServiceRegistry","thread_name":"main","level":"INFO","level_value":20000}
{"@timestamp":"2025-12-04T16:33:45.2713579+07:00","@version":"1","message":"Saw local status change event StatusChangeEvent [timestamp=1764840825271, current=UP, previous=STARTING]","logger_name":"com.netflix.discovery.DiscoveryClient","thread_name":"main","level":"INFO","level_value":20000}
{"@timestamp":"2025-12-04T16:33:45.2733221+07:00","@version":"1","message":"DiscoveryClient_AUTH-SERVER/MinDuck:AUTH-SERVER:8081: registering service...","logger_name":"com.netflix.discovery.DiscoveryClient","thread_name":"DiscoveryClient-InstanceInfoReplicator-0","level":"INFO","level_value":20000}
{"@timestamp":"2025-12-04T16:33:45.274323+07:00","@version":"1","message":"Starting ProtocolHandler [\"http-nio-8081\"]","logger_name":"org.apache.coyote.http11.Http11NioProtocol","thread_name":"main","level":"INFO","level_value":20000}
{"@timestamp":"2025-12-04T16:33:45.3063054+07:00","@version":"1","message":"Tomcat started on port 8081 (http) with context path ''","logger_name":"org.springframework.boot.web.embedded.tomcat.TomcatWebServer","thread_name":"main","level":"INFO","level_value":20000}
{"@timestamp":"2025-12-04T16:33:45.3068494+07:00","@version":"1","message":"Updating port to 8081","logger_name":"org.springframework.cloud.netflix.eureka.serviceregistry.EurekaAutoServiceRegistration","thread_name":"main","level":"INFO","level_value":20000}
{"@timestamp":"2025-12-04T16:33:45.327932+07:00","@version":"1","message":"DiscoveryClient_AUTH-SERVER/MinDuck:AUTH-SERVER:8081 - registration status: 204","logger_name":"com.netflix.discovery.DiscoveryClient","thread_name":"DiscoveryClient-InstanceInfoReplicator-0","level":"INFO","level_value":20000}
{"@timestamp":"2025-12-04T16:33:45.328935+07:00","@version":"1","message":"Started AuthServerApplication in 5.998 seconds (process running for 6.764)","logger_name":"com.myroom.authserver.AuthServerApplication","thread_name":"main","level":"INFO","level_value":20000}
{"@timestamp":"2025-12-04T16:33:45.3409384+07:00","@version":"1","message":"Initializing Firebase...","logger_name":"com.myroom.authserver.runner.InitializeFirebaseRunner","thread_name":"main","level":"INFO","level_value":20000}
{"@timestamp":"2025-12-04T16:33:45.3874559+07:00","@version":"1","message":"Initializing Spring DispatcherServlet 'dispatcherServlet'","logger_name":"org.apache.catalina.core.ContainerBase.[Tomcat].[localhost].[/]","thread_name":"RMI TCP Connection(2)-127.0.0.1","level":"INFO","level_value":20000}
{"@timestamp":"2025-12-04T16:33:45.3874559+07:00","@version":"1","message":"Initializing Servlet 'dispatcherServlet'","logger_name":"org.springframework.web.servlet.DispatcherServlet","thread_name":"RMI TCP Connection(2)-127.0.0.1","level":"INFO","level_value":20000}
{"@timestamp":"2025-12-04T16:33:45.3894598+07:00","@version":"1","message":"Completed initialization in 2 ms","logger_name":"org.springframework.web.servlet.DispatcherServlet","thread_name":"RMI TCP Connection(2)-127.0.0.1","level":"INFO","level_value":20000}
{"@timestamp":"2025-12-04T16:33:45.4531438+07:00","@version":"1","message":"Firebase initialized!","logger_name":"com.myroom.authserver.runner.InitializeFirebaseRunner","thread_name":"main","level":"INFO","level_value":20000}
{"@timestamp":"2025-12-04T16:33:47.0966159+07:00","@version":"1","message":"Cache miss for REQUEST dispatch to '/actuator/prometheus' (previous null). Performing MatchableHandlerMapping lookup. This is logged once only at WARN level, and every time at TRACE.","logger_name":"org.springframework.web.servlet.handler.HandlerMappingIntrospector","thread_name":"http-nio-8081-exec-3","level":"WARN","level_value":30000,"traceId":"6931557b60bb0358e6c17ab20152e390","spanId":"6201eac0710e05c7"}
{"@timestamp":"2025-12-04T16:34:15.267683+07:00","@version":"1","message":"Disable delta property : false","logger_name":"com.netflix.discovery.DiscoveryClient","thread_name":"DiscoveryClient-CacheRefreshExecutor-0","level":"INFO","level_value":20000}
{"@timestamp":"2025-12-04T16:34:15.268704+07:00","@version":"1","message":"Single vip registry refresh property : null","logger_name":"com.netflix.discovery.DiscoveryClient","thread_name":"DiscoveryClient-CacheRefreshExecutor-0","level":"INFO","level_value":20000}
{"@timestamp":"2025-12-04T16:34:15.268704+07:00","@version":"1","message":"Force full registry fetch : false","logger_name":"com.netflix.discovery.DiscoveryClient","thread_name":"DiscoveryClient-CacheRefreshExecutor-0","level":"INFO","level_value":20000}
{"@timestamp":"2025-12-04T16:34:15.268704+07:00","@version":"1","message":"Application is null : false","logger_name":"com.netflix.discovery.DiscoveryClient","thread_name":"DiscoveryClient-CacheRefreshExecutor-0","level":"INFO","level_value":20000}
{"@timestamp":"2025-12-04T16:34:15.2696957+07:00","@version":"1","message":"Registered Applications size is zero : true","logger_name":"com.netflix.discovery.DiscoveryClient","thread_name":"DiscoveryClient-CacheRefreshExecutor-0","level":"INFO","level_value":20000}
{"@timestamp":"2025-12-04T16:34:15.2696957+07:00","@version":"1","message":"Application version is -1: false","logger_name":"com.netflix.discovery.DiscoveryClient","thread_name":"DiscoveryClient-CacheRefreshExecutor-0","level":"INFO","level_value":20000}
{"@timestamp":"2025-12-04T16:34:15.2696957+07:00","@version":"1","message":"Getting all instance registry info from the eureka server","logger_name":"com.netflix.discovery.DiscoveryClient","thread_name":"DiscoveryClient-CacheRefreshExecutor-0","level":"INFO","level_value":20000}
{"@timestamp":"2025-12-04T16:34:15.3324813+07:00","@version":"1","message":"The response status is 200","logger_name":"com.netflix.discovery.DiscoveryClient","thread_name":"DiscoveryClient-CacheRefreshExecutor-0","level":"INFO","level_value":20000}
{"@timestamp":"2025-12-04T16:38:45.1170348+07:00","@version":"1","message":"Resolving eureka endpoints via configuration","logger_name":"com.netflix.discovery.shared.resolver.aws.ConfigClusterResolver","thread_name":"AsyncResolver-bootstrap-executor-0","level":"INFO","level_value":20000}
{"@timestamp":"2025-12-04T16:43:45.1250057+07:00","@version":"1","message":"Resolving eureka endpoints via configuration","logger_name":"com.netflix.discovery.shared.resolver.aws.ConfigClusterResolver","thread_name":"AsyncResolver-bootstrap-executor-0","level":"INFO","level_value":20000}
{"@timestamp":"2025-12-04T16:48:45.1327287+07:00","@version":"1","message":"Resolving eureka endpoints via configuration","logger_name":"com.netflix.discovery.shared.resolver.aws.ConfigClusterResolver","thread_name":"AsyncResolver-bootstrap-executor-0","level":"INFO","level_value":20000}
{"@timestamp":"2025-12-04T16:53:45.1479025+07:00","@version":"1","message":"Resolving eureka endpoints via configuration","logger_name":"com.netflix.discovery.shared.resolver.aws.ConfigClusterResolver","thread_name":"AsyncResolver-bootstrap-executor-0","level":"INFO","level_value":20000}
{"@timestamp":"2025-12-04T16:58:45.1553158+07:00","@version":"1","message":"Resolving eureka endpoints via configuration","logger_name":"com.netflix.discovery.shared.resolver.aws.ConfigClusterResolver","thread_name":"AsyncResolver-bootstrap-executor-0","level":"INFO","level_value":20000}
{"@timestamp":"2025-12-04T17:03:45.1803208+07:00","@version":"1","message":"Resolving eureka endpoints via configuration","logger_name":"com.netflix.discovery.shared.resolver.aws.ConfigClusterResolver","thread_name":"AsyncResolver-bootstrap-executor-0","level":"INFO","level_value":20000}
{"@timestamp":"2025-12-04T17:08:45.1923587+07:00","@version":"1","message":"Resolving eureka endpoints via configuration","logger_name":"com.netflix.discovery.shared.resolver.aws.ConfigClusterResolver","thread_name":"AsyncResolver-bootstrap-executor-0","level":"INFO","level_value":20000}
{"@timestamp":"2025-12-04T17:13:45.1990977+07:00","@version":"1","message":"Resolving eureka endpoints via configuration","logger_name":"com.netflix.discovery.shared.resolver.aws.ConfigClusterResolver","thread_name":"AsyncResolver-bootstrap-executor-0","level":"INFO","level_value":20000}
{"@timestamp":"2025-12-04T17:18:45.2001779+07:00","@version":"1","message":"Resolving eureka endpoints via configuration","logger_name":"com.netflix.discovery.shared.resolver.aws.ConfigClusterResolver","thread_name":"AsyncResolver-bootstrap-executor-0","level":"INFO","level_value":20000}
{"@timestamp":"2025-12-04T17:23:45.2134174+07:00","@version":"1","message":"Resolving eureka endpoints via configuration","logger_name":"com.netflix.discovery.shared.resolver.aws.ConfigClusterResolver","thread_name":"AsyncResolver-bootstrap-executor-0","level":"INFO","level_value":20000}
{"@timestamp":"2025-12-04T17:28:45.2230254+07:00","@version":"1","message":"Resolving eureka endpoints via configuration","logger_name":"com.netflix.discovery.shared.resolver.aws.ConfigClusterResolver","thread_name":"AsyncResolver-bootstrap-executor-0","level":"INFO","level_value":20000}
{"@timestamp":"2025-12-04T17:33:45.2265429+07:00","@version":"1","message":"Resolving eureka endpoints via configuration","logger_name":"com.netflix.discovery.shared.resolver.aws.ConfigClusterResolver","thread_name":"AsyncResolver-bootstrap-executor-0","level":"INFO","level_value":20000}
{"@timestamp":"2025-12-04T17:38:45.24359+07:00","@version":"1","message":"Resolving eureka endpoints via configuration","logger_name":"com.netflix.discovery.shared.resolver.aws.ConfigClusterResolver","thread_name":"AsyncResolver-bootstrap-executor-0","level":"INFO","level_value":20000}
{"@timestamp":"2025-12-04T17:43:45.2585568+07:00","@version":"1","message":"Resolving eureka endpoints via configuration","logger_name":"com.netflix.discovery.shared.resolver.aws.ConfigClusterResolver","thread_name":"AsyncResolver-bootstrap-executor-0","level":"INFO","level_value":20000}
{"@timestamp":"2025-12-04T17:48:45.2633016+07:00","@version":"1","message":"Resolving eureka endpoints via configuration","logger_name":"com.netflix.discovery.shared.resolver.aws.ConfigClusterResolver","thread_name":"AsyncResolver-bootstrap-executor-0","level":"INFO","level_value":20000}
{"@timestamp":"2025-12-04T20:53:56.302466+07:00","@version":"1","message":"Starting AuthServerApplication using Java 21.0.9 with PID 17700 (D:\\Users\\Laptop\\OneDrive\\Documents\\MyRoom\\auth-server\\bin\\main started by Acer Nitro 5 in D:\\Users\\Laptop\\OneDrive\\Documents\\MyRoom\\auth-server)","logger_name":"com.myroom.authserver.AuthServerApplication","thread_name":"main","level":"INFO","level_value":20000}
{"@timestamp":"2025-12-04T20:53:56.3150856+07:00","@version":"1","message":"No active profile set, falling back to 1 default profile: \"default\"","logger_name":"com.myroom.authserver.AuthServerApplication","thread_name":"main","level":"INFO","level_value":20000}
{"@timestamp":"2025-12-04T20:53:57.6366116+07:00","@version":"1","message":"Multiple Spring Data modules found, entering strict repository configuration mode","logger_name":"org.springframework.data.repository.config.RepositoryConfigurationDelegate","thread_name":"main","level":"INFO","level_value":20000}
{"@timestamp":"2025-12-04T20:53:57.6416112+07:00","@version":"1","message":"Bootstrapping Spring Data Redis repositories in DEFAULT mode.","logger_name":"org.springframework.data.repository.config.RepositoryConfigurationDelegate","thread_name":"main","level":"INFO","level_value":20000}
{"@timestamp":"2025-12-04T20:53:57.6766037+07:00","@version":"1","message":"Finished Spring Data repository scanning in 17 ms. Found 0 Redis repository interfaces.","logger_name":"org.springframework.data.repository.config.RepositoryConfigurationDelegate","thread_name":"main","level":"INFO","level_value":20000}
{"@timestamp":"2025-12-04T20:53:57.9677045+07:00","@version":"1","message":"BeanFactory id=ef962998-1a85-3bb1-87a7-e46488570259","logger_name":"org.springframework.cloud.context.scope.GenericScope","thread_name":"main","level":"INFO","level_value":20000}
{"@timestamp":"2025-12-04T20:53:58.5859833+07:00","@version":"1","message":"Tomcat initialized with port 8081 (http)","logger_name":"org.springframework.boot.web.embedded.tomcat.TomcatWebServer","thread_name":"main","level":"INFO","level_value":20000}
{"@timestamp":"2025-12-04T20:53:58.5980112+07:00","@version":"1","message":"Initializing ProtocolHandler [\"http-nio-8081\"]","logger_name":"org.apache.coyote.http11.Http11NioProtocol","thread_name":"main","level":"INFO","level_value":20000}
{"@timestamp":"2025-12-04T20:53:58.6010106+07:00","@version":"1","message":"Starting service [Tomcat]","logger_name":"org.apache.catalina.core.StandardService","thread_name":"main","level":"INFO","level_value":20000}
{"@timestamp":"2025-12-04T20:53:58.6020147+07:00","@version":"1","message":"Starting Servlet engine: [Apache Tomcat/10.1.16]","logger_name":"org.apache.catalina.core.StandardEngine","thread_name":"main","level":"INFO","level_value":20000}
{"@timestamp":"2025-12-04T20:53:58.6970679+07:00","@version":"1","message":"Initializing Spring embedded WebApplicationContext","logger_name":"org.apache.catalina.core.ContainerBase.[Tomcat].[localhost].[/]","thread_name":"main","level":"INFO","level_value":20000}
{"@timestamp":"2025-12-04T20:53:58.6970679+07:00","@version":"1","message":"Root WebApplicationContext: initialization completed in 2331 ms","logger_name":"org.springframework.boot.web.servlet.context.ServletWebServerApplicationContext","thread_name":"main","level":"INFO","level_value":20000}
{"@timestamp":"2025-12-04T20:54:00.714188+07:00","@version":"1","message":"Exposing 17 endpoint(s) beneath base path '/actuator'","logger_name":"org.springframework.boot.actuate.endpoint.web.EndpointLinksResolver","thread_name":"main","level":"INFO","level_value":20000}
{"@timestamp":"2025-12-04T20:54:00.7729299+07:00","@version":"1","message":"Will secure any request with [org.springframework.security.web.session.DisableEncodeUrlFilter@70ccb3bf, org.springframework.security.web.context.request.async.WebAsyncManagerIntegrationFilter@10ffe32f, org.springframework.security.web.context.SecurityContextHolderFilter@28551755, org.springframework.security.web.header.HeaderWriterFilter@49c37918, org.springframework.security.web.authentication.logout.LogoutFilter@3dabdd11, com.myroom.authserver.api.config.security.firebase.FirebaseAuthenticationFilter@a251135, org.springframework.security.web.savedrequest.RequestCacheAwareFilter@220a5163, org.springframework.security.web.servletapi.SecurityContextHolderAwareRequestFilter@6158113e, org.springframework.security.web.authentication.AnonymousAuthenticationFilter@13868c41, org.springframework.security.web.session.SessionManagementFilter@347c5721, org.springframework.security.web.access.ExceptionTranslationFilter@5184da2b, org.springframework.security.web.access.intercept.AuthorizationFilter@1dbfbd94]","logger_name":"org.springframework.security.web.DefaultSecurityFilterChain","thread_name":"main","level":"INFO","level_value":20000}
{"@timestamp":"2025-12-04T20:54:01.5966148+07:00","@version":"1","message":"Eureka HTTP Client uses RestTemplate.","logger_name":"org.springframework.cloud.netflix.eureka.config.DiscoveryClientOptionalArgsConfiguration","thread_name":"main","level":"INFO","level_value":20000}
{"@timestamp":"2025-12-04T20:54:01.6606732+07:00","@version":"1","message":"Spring Cloud LoadBalancer is currently working with the default cache. While this cache implementation is useful for development and tests, it's recommended to use Caffeine cache in production.You can switch to using Caffeine cache, by adding it and org.springframework.cache.caffeine.CaffeineCacheManager to the classpath.","logger_name":"org.springframework.cloud.loadbalancer.config.LoadBalancerCacheAutoConfiguration$LoadBalancerCaffeineWarnLogger","thread_name":"main","level":"WARN","level_value":30000}
{"@timestamp":"2025-12-04T20:54:01.7661137+07:00","@version":"1","message":"Initializing Spring DispatcherServlet 'dispatcherServlet'","logger_name":"org.apache.catalina.core.ContainerBase.[Tomcat].[localhost].[/]","thread_name":"RMI TCP Connection(2)-127.0.0.1","level":"INFO","level_value":20000}
{"@timestamp":"2025-12-04T20:54:01.7661137+07:00","@version":"1","message":"Initializing Servlet 'dispatcherServlet'","logger_name":"org.springframework.web.servlet.DispatcherServlet","thread_name":"RMI TCP Connection(2)-127.0.0.1","level":"INFO","level_value":20000}
{"@timestamp":"2025-12-04T20:54:01.7671144+07:00","@version":"1","message":"Completed initialization in 1 ms","logger_name":"org.springframework.web.servlet.DispatcherServlet","thread_name":"RMI TCP Connection(2)-127.0.0.1","level":"INFO","level_value":20000}
{"@timestamp":"2025-12-04T20:54:01.8272141+07:00","@version":"1","message":"Setting initial instance status as: STARTING","logger_name":"org.springframework.cloud.netflix.eureka.InstanceInfoFactory","thread_name":"main","level":"INFO","level_value":20000}
{"@timestamp":"2025-12-04T20:54:01.9015139+07:00","@version":"1","message":"Initializing Eureka in region us-east-1","logger_name":"com.netflix.discovery.DiscoveryClient","thread_name":"main","level":"INFO","level_value":20000}
{"@timestamp":"2025-12-04T20:54:01.9122088+07:00","@version":"1","message":"Resolving eureka endpoints via configuration","logger_name":"com.netflix.discovery.shared.resolver.aws.ConfigClusterResolver","thread_name":"main","level":"INFO","level_value":20000}
{"@timestamp":"2025-12-04T20:54:01.9537836+07:00","@version":"1","message":"Disable delta property : false","logger_name":"com.netflix.discovery.DiscoveryClient","thread_name":"main","level":"INFO","level_value":20000}
{"@timestamp":"2025-12-04T20:54:01.9537836+07:00","@version":"1","message":"Single vip registry refresh property : null","logger_name":"com.netflix.discovery.DiscoveryClient","thread_name":"main","level":"INFO","level_value":20000}
{"@timestamp":"2025-12-04T20:54:01.9537836+07:00","@version":"1","message":"Force full registry fetch : false","logger_name":"com.netflix.discovery.DiscoveryClient","thread_name":"main","level":"INFO","level_value":20000}
{"@timestamp":"2025-12-04T20:54:01.9537836+07:00","@version":"1","message":"Application is null : false","logger_name":"com.netflix.discovery.DiscoveryClient","thread_name":"main","level":"INFO","level_value":20000}
{"@timestamp":"2025-12-04T20:54:01.9537836+07:00","@version":"1","message":"Registered Applications size is zero : true","logger_name":"com.netflix.discovery.DiscoveryClient","thread_name":"main","level":"INFO","level_value":20000}
{"@timestamp":"2025-12-04T20:54:01.9537836+07:00","@version":"1","message":"Application version is -1: true","logger_name":"com.netflix.discovery.DiscoveryClient","thread_name":"main","level":"INFO","level_value":20000}
{"@timestamp":"2025-12-04T20:54:01.9537836+07:00","@version":"1","message":"Getting all instance registry info from the eureka server","logger_name":"com.netflix.discovery.DiscoveryClient","thread_name":"main","level":"INFO","level_value":20000}
{"@timestamp":"2025-12-04T20:54:02.1204316+07:00","@version":"1","message":"The response status is 200","logger_name":"com.netflix.discovery.DiscoveryClient","thread_name":"main","level":"INFO","level_value":20000}
{"@timestamp":"2025-12-04T20:54:02.1220832+07:00","@version":"1","message":"Starting heartbeat executor: renew interval is: 30","logger_name":"com.netflix.discovery.DiscoveryClient","thread_name":"main","level":"INFO","level_value":20000}
{"@timestamp":"2025-12-04T20:54:02.1240862+07:00","@version":"1","message":"InstanceInfoReplicator onDemand update allowed rate per min is 4","logger_name":"com.netflix.discovery.InstanceInfoReplicator","thread_name":"main","level":"INFO","level_value":20000}
{"@timestamp":"2025-12-04T20:54:02.1290834+07:00","@version":"1","message":"Discovery Client initialized at timestamp 1764856442128 with initial instances count: 1","logger_name":"com.netflix.discovery.DiscoveryClient","thread_name":"main","level":"INFO","level_value":20000}
{"@timestamp":"2025-12-04T20:54:02.1320833+07:00","@version":"1","message":"Registering application AUTH-SERVER with eureka with status UP","logger_name":"org.springframework.cloud.netflix.eureka.serviceregistry.EurekaServiceRegistry","thread_name":"main","level":"INFO","level_value":20000}
{"@timestamp":"2025-12-04T20:54:02.133085+07:00","@version":"1","message":"Saw local status change event StatusChangeEvent [timestamp=1764856442133, current=UP, previous=STARTING]","logger_name":"com.netflix.discovery.DiscoveryClient","thread_name":"main","level":"INFO","level_value":20000}
{"@timestamp":"2025-12-04T20:54:02.1350857+07:00","@version":"1","message":"DiscoveryClient_AUTH-SERVER/MinDuck:AUTH-SERVER:8081: registering service...","logger_name":"com.netflix.discovery.DiscoveryClient","thread_name":"DiscoveryClient-InstanceInfoReplicator-0","level":"INFO","level_value":20000}
{"@timestamp":"2025-12-04T20:54:02.1360842+07:00","@version":"1","message":"Starting ProtocolHandler [\"http-nio-8081\"]","logger_name":"org.apache.coyote.http11.Http11NioProtocol","thread_name":"main","level":"INFO","level_value":20000}
{"@timestamp":"2025-12-04T20:54:02.1570854+07:00","@version":"1","message":"Tomcat started on port 8081 (http) with context path ''","logger_name":"org.springframework.boot.web.embedded.tomcat.TomcatWebServer","thread_name":"main","level":"INFO","level_value":20000}
{"@timestamp":"2025-12-04T20:54:02.1580861+07:00","@version":"1","message":"Updating port to 8081","logger_name":"org.springframework.cloud.netflix.eureka.serviceregistry.EurekaAutoServiceRegistration","thread_name":"main","level":"INFO","level_value":20000}
{"@timestamp":"2025-12-04T20:54:02.1600885+07:00","@version":"1","message":"DiscoveryClient_AUTH-SERVER/MinDuck:AUTH-SERVER:8081 - registration status: 204","logger_name":"com.netflix.discovery.DiscoveryClient","thread_name":"DiscoveryClient-InstanceInfoReplicator-0","level":"INFO","level_value":20000}
{"@timestamp":"2025-12-04T20:54:02.1640844+07:00","@version":"1","message":"Started AuthServerApplication in 6.591 seconds (process running for 7.346)","logger_name":"com.myroom.authserver.AuthServerApplication","thread_name":"main","level":"INFO","level_value":20000}
{"@timestamp":"2025-12-04T20:54:02.1705715+07:00","@version":"1","message":"Initializing Firebase...","logger_name":"com.myroom.authserver.runner.InitializeFirebaseRunner","thread_name":"main","level":"INFO","level_value":20000}
{"@timestamp":"2025-12-04T20:54:02.2167157+07:00","@version":"1","message":"Firebase initialized!","logger_name":"com.myroom.authserver.runner.InitializeFirebaseRunner","thread_name":"main","level":"INFO","level_value":20000}
{"@timestamp":"2025-12-04T20:54:07.1180113+07:00","@version":"1","message":"Cache miss for REQUEST dispatch to '/actuator/prometheus' (previous null). Performing MatchableHandlerMapping lookup. This is logged once only at WARN level, and every time at TRACE.","logger_name":"org.springframework.web.servlet.handler.HandlerMappingIntrospector","thread_name":"http-nio-8081-exec-1","level":"WARN","level_value":30000,"traceId":"6931927f49d99978ae426ef6ddfc47c3","spanId":"e494b2031af52f45"}
{"@timestamp":"2025-12-04T20:59:01.9663486+07:00","@version":"1","message":"Resolving eureka endpoints via configuration","logger_name":"com.netflix.discovery.shared.resolver.aws.ConfigClusterResolver","thread_name":"AsyncResolver-bootstrap-executor-0","level":"INFO","level_value":20000}
{"@timestamp":"2025-12-04T21:04:01.9722298+07:00","@version":"1","message":"Resolving eureka endpoints via configuration","logger_name":"com.netflix.discovery.shared.resolver.aws.ConfigClusterResolver","thread_name":"AsyncResolver-bootstrap-executor-0","level":"INFO","level_value":20000}
{"@timestamp":"2025-12-04T21:09:01.9726481+07:00","@version":"1","message":"Resolving eureka endpoints via configuration","logger_name":"com.netflix.discovery.shared.resolver.aws.ConfigClusterResolver","thread_name":"AsyncResolver-bootstrap-executor-0","level":"INFO","level_value":20000}
{"@timestamp":"2025-12-04T21:14:01.9839058+07:00","@version":"1","message":"Resolving eureka endpoints via configuration","logger_name":"com.netflix.discovery.shared.resolver.aws.ConfigClusterResolver","thread_name":"AsyncResolver-bootstrap-executor-0","level":"INFO","level_value":20000}
{"@timestamp":"2025-12-04T21:19:01.9964098+07:00","@version":"1","message":"Resolving eureka endpoints via configuration","logger_name":"com.netflix.discovery.shared.resolver.aws.ConfigClusterResolver","thread_name":"AsyncResolver-bootstrap-executor-0","level":"INFO","level_value":20000}
{"@timestamp":"2025-12-04T21:24:02.0021436+07:00","@version":"1","message":"Resolving eureka endpoints via configuration","logger_name":"com.netflix.discovery.shared.resolver.aws.ConfigClusterResolver","thread_name":"AsyncResolver-bootstrap-executor-0","level":"INFO","level_value":20000}
{"@timestamp":"2025-12-04T21:29:02.0029319+07:00","@version":"1","message":"Resolving eureka endpoints via configuration","logger_name":"com.netflix.discovery.shared.resolver.aws.ConfigClusterResolver","thread_name":"AsyncResolver-bootstrap-executor-0","level":"INFO","level_value":20000}
{"@timestamp":"2025-12-04T21:34:02.0244232+07:00","@version":"1","message":"Resolving eureka endpoints via configuration","logger_name":"com.netflix.discovery.shared.resolver.aws.ConfigClusterResolver","thread_name":"AsyncResolver-bootstrap-executor-0","level":"INFO","level_value":20000}
{"@timestamp":"2025-12-04T21:39:02.0302047+07:00","@version":"1","message":"Resolving eureka endpoints via configuration","logger_name":"com.netflix.discovery.shared.resolver.aws.ConfigClusterResolver","thread_name":"AsyncResolver-bootstrap-executor-0","level":"INFO","level_value":20000}
{"@timestamp":"2025-12-04T21:44:02.0349575+07:00","@version":"1","message":"Resolving eureka endpoints via configuration","logger_name":"com.netflix.discovery.shared.resolver.aws.ConfigClusterResolver","thread_name":"AsyncResolver-bootstrap-executor-0","level":"INFO","level_value":20000}
{"@timestamp":"2025-12-04T22:59:36.4748426+07:00","@version":"1","message":"Starting AuthServerApplication using Java 21.0.9 with PID 16780 (D:\\Users\\Laptop\\OneDrive\\Documents\\MyRoom\\auth-server\\bin\\main started by Acer Nitro 5 in D:\\Users\\Laptop\\OneDrive\\Documents\\MyRoom\\auth-server)","logger_name":"com.myroom.authserver.AuthServerApplication","thread_name":"main","level":"INFO","level_value":20000}
{"@timestamp":"2025-12-04T22:59:36.4949133+07:00","@version":"1","message":"No active profile set, falling back to 1 default profile: \"default\"","logger_name":"com.myroom.authserver.AuthServerApplication","thread_name":"main","level":"INFO","level_value":20000}
{"@timestamp":"2025-12-04T22:59:37.7332034+07:00","@version":"1","message":"Multiple Spring Data modules found, entering strict repository configuration mode","logger_name":"org.springframework.data.repository.config.RepositoryConfigurationDelegate","thread_name":"main","level":"INFO","level_value":20000}
{"@timestamp":"2025-12-04T22:59:37.7362136+07:00","@version":"1","message":"Bootstrapping Spring Data Redis repositories in DEFAULT mode.","logger_name":"org.springframework.data.repository.config.RepositoryConfigurationDelegate","thread_name":"main","level":"INFO","level_value":20000}
{"@timestamp":"2025-12-04T22:59:37.7595826+07:00","@version":"1","message":"Finished Spring Data repository scanning in 14 ms. Found 0 Redis repository interfaces.","logger_name":"org.springframework.data.repository.config.RepositoryConfigurationDelegate","thread_name":"main","level":"INFO","level_value":20000}
{"@timestamp":"2025-12-04T22:59:38.0512222+07:00","@version":"1","message":"BeanFactory id=ef962998-1a85-3bb1-87a7-e46488570259","logger_name":"org.springframework.cloud.context.scope.GenericScope","thread_name":"main","level":"INFO","level_value":20000}
{"@timestamp":"2025-12-04T22:59:38.5902015+07:00","@version":"1","message":"Tomcat initialized with port 8081 (http)","logger_name":"org.springframework.boot.web.embedded.tomcat.TomcatWebServer","thread_name":"main","level":"INFO","level_value":20000}
{"@timestamp":"2025-12-04T22:59:38.5982314+07:00","@version":"1","message":"Initializing ProtocolHandler [\"http-nio-8081\"]","logger_name":"org.apache.coyote.http11.Http11NioProtocol","thread_name":"main","level":"INFO","level_value":20000}
{"@timestamp":"2025-12-04T22:59:38.5992313+07:00","@version":"1","message":"Starting service [Tomcat]","logger_name":"org.apache.catalina.core.StandardService","thread_name":"main","level":"INFO","level_value":20000}
{"@timestamp":"2025-12-04T22:59:38.600232+07:00","@version":"1","message":"Starting Servlet engine: [Apache Tomcat/10.1.16]","logger_name":"org.apache.catalina.core.StandardEngine","thread_name":"main","level":"INFO","level_value":20000}
{"@timestamp":"2025-12-04T22:59:38.7028768+07:00","@version":"1","message":"Initializing Spring embedded WebApplicationContext","logger_name":"org.apache.catalina.core.ContainerBase.[Tomcat].[localhost].[/]","thread_name":"main","level":"INFO","level_value":20000}
{"@timestamp":"2025-12-04T22:59:38.7034105+07:00","@version":"1","message":"Root WebApplicationContext: initialization completed in 2156 ms","logger_name":"org.springframework.boot.web.servlet.context.ServletWebServerApplicationContext","thread_name":"main","level":"INFO","level_value":20000}
{"@timestamp":"2025-12-04T22:59:40.5714121+07:00","@version":"1","message":"Exposing 17 endpoint(s) beneath base path '/actuator'","logger_name":"org.springframework.boot.actuate.endpoint.web.EndpointLinksResolver","thread_name":"main","level":"INFO","level_value":20000}
{"@timestamp":"2025-12-04T22:59:40.6341664+07:00","@version":"1","message":"Will secure any request with [org.springframework.security.web.session.DisableEncodeUrlFilter@e2696e8, org.springframework.security.web.context.request.async.WebAsyncManagerIntegrationFilter@345d641e, org.springframework.security.web.context.SecurityContextHolderFilter@5408fca1, org.springframework.security.web.header.HeaderWriterFilter@44723d95, org.springframework.security.web.authentication.logout.LogoutFilter@65fa56f7, com.myroom.authserver.api.config.security.firebase.FirebaseAuthenticationFilter@718d6b7c, org.springframework.security.web.savedrequest.RequestCacheAwareFilter@3ccc4ca0, org.springframework.security.web.servletapi.SecurityContextHolderAwareRequestFilter@1dbfbd94, org.springframework.security.web.authentication.AnonymousAuthenticationFilter@70cdbd18, org.springframework.security.web.session.SessionManagementFilter@4df13b7e, org.springframework.security.web.access.ExceptionTranslationFilter@20b921be, org.springframework.security.web.access.intercept.AuthorizationFilter@13552290]","logger_name":"org.springframework.security.web.DefaultSecurityFilterChain","thread_name":"main","level":"INFO","level_value":20000}
{"@timestamp":"2025-12-04T22:59:41.3831419+07:00","@version":"1","message":"Eureka HTTP Client uses RestTemplate.","logger_name":"org.springframework.cloud.netflix.eureka.config.DiscoveryClientOptionalArgsConfiguration","thread_name":"main","level":"INFO","level_value":20000}
{"@timestamp":"2025-12-04T22:59:41.4227167+07:00","@version":"1","message":"Spring Cloud LoadBalancer is currently working with the default cache. While this cache implementation is useful for development and tests, it's recommended to use Caffeine cache in production.You can switch to using Caffeine cache, by adding it and org.springframework.cache.caffeine.CaffeineCacheManager to the classpath.","logger_name":"org.springframework.cloud.loadbalancer.config.LoadBalancerCacheAutoConfiguration$LoadBalancerCaffeineWarnLogger","thread_name":"main","level":"WARN","level_value":30000}
{"@timestamp":"2025-12-04T22:59:41.5081541+07:00","@version":"1","message":"Setting initial instance status as: STARTING","logger_name":"org.springframework.cloud.netflix.eureka.InstanceInfoFactory","thread_name":"main","level":"INFO","level_value":20000}
{"@timestamp":"2025-12-04T22:59:41.5939682+07:00","@version":"1","message":"Initializing Eureka in region us-east-1","logger_name":"com.netflix.discovery.DiscoveryClient","thread_name":"main","level":"INFO","level_value":20000}
{"@timestamp":"2025-12-04T22:59:41.6070645+07:00","@version":"1","message":"Resolving eureka endpoints via configuration","logger_name":"com.netflix.discovery.shared.resolver.aws.ConfigClusterResolver","thread_name":"main","level":"INFO","level_value":20000}
{"@timestamp":"2025-12-04T22:59:41.6643648+07:00","@version":"1","message":"Disable delta property : false","logger_name":"com.netflix.discovery.DiscoveryClient","thread_name":"main","level":"INFO","level_value":20000}
{"@timestamp":"2025-12-04T22:59:41.6643648+07:00","@version":"1","message":"Single vip registry refresh property : null","logger_name":"com.netflix.discovery.DiscoveryClient","thread_name":"main","level":"INFO","level_value":20000}
{"@timestamp":"2025-12-04T22:59:41.6643648+07:00","@version":"1","message":"Force full registry fetch : false","logger_name":"com.netflix.discovery.DiscoveryClient","thread_name":"main","level":"INFO","level_value":20000}
{"@timestamp":"2025-12-04T22:59:41.6643648+07:00","@version":"1","message":"Application is null : false","logger_name":"com.netflix.discovery.DiscoveryClient","thread_name":"main","level":"INFO","level_value":20000}
{"@timestamp":"2025-12-04T22:59:41.6643648+07:00","@version":"1","message":"Registered Applications size is zero : true","logger_name":"com.netflix.discovery.DiscoveryClient","thread_name":"main","level":"INFO","level_value":20000}
{"@timestamp":"2025-12-04T22:59:41.6643648+07:00","@version":"1","message":"Application version is -1: true","logger_name":"com.netflix.discovery.DiscoveryClient","thread_name":"main","level":"INFO","level_value":20000}
{"@timestamp":"2025-12-04T22:59:41.6643648+07:00","@version":"1","message":"Getting all instance registry info from the eureka server","logger_name":"com.netflix.discovery.DiscoveryClient","thread_name":"main","level":"INFO","level_value":20000}
{"@timestamp":"2025-12-04T22:59:41.8047816+07:00","@version":"1","message":"Initializing Spring DispatcherServlet 'dispatcherServlet'","logger_name":"org.apache.catalina.core.ContainerBase.[Tomcat].[localhost].[/]","thread_name":"RMI TCP Connection(2)-127.0.0.1","level":"INFO","level_value":20000}
{"@timestamp":"2025-12-04T22:59:41.8057814+07:00","@version":"1","message":"Initializing Servlet 'dispatcherServlet'","logger_name":"org.springframework.web.servlet.DispatcherServlet","thread_name":"RMI TCP Connection(2)-127.0.0.1","level":"INFO","level_value":20000}
{"@timestamp":"2025-12-04T22:59:41.8077802+07:00","@version":"1","message":"Completed initialization in 2 ms","logger_name":"org.springframework.web.servlet.DispatcherServlet","thread_name":"RMI TCP Connection(2)-127.0.0.1","level":"INFO","level_value":20000}
{"@timestamp":"2025-12-04T22:59:42.0535686+07:00","@version":"1","message":"The response status is 200","logger_name":"com.netflix.discovery.DiscoveryClient","thread_name":"main","level":"INFO","level_value":20000}
{"@timestamp":"2025-12-04T22:59:42.0570957+07:00","@version":"1","message":"Starting heartbeat executor: renew interval is: 30","logger_name":"com.netflix.discovery.DiscoveryClient","thread_name":"main","level":"INFO","level_value":20000}
{"@timestamp":"2025-12-04T22:59:42.060674+07:00","@version":"1","message":"InstanceInfoReplicator onDemand update allowed rate per min is 4","logger_name":"com.netflix.discovery.InstanceInfoReplicator","thread_name":"main","level":"INFO","level_value":20000}
{"@timestamp":"2025-12-04T22:59:42.0669075+07:00","@version":"1","message":"Discovery Client initialized at timestamp 1764863982065 with initial instances count: 1","logger_name":"com.netflix.discovery.DiscoveryClient","thread_name":"main","level":"INFO","level_value":20000}
{"@timestamp":"2025-12-04T22:59:42.072676+07:00","@version":"1","message":"Registering application AUTH-SERVER with eureka with status UP","logger_name":"org.springframework.cloud.netflix.eureka.serviceregistry.EurekaServiceRegistry","thread_name":"main","level":"INFO","level_value":20000}
{"@timestamp":"2025-12-04T22:59:42.073687+07:00","@version":"1","message":"Saw local status change event StatusChangeEvent [timestamp=1764863982073, current=UP, previous=STARTING]","logger_name":"com.netflix.discovery.DiscoveryClient","thread_name":"main","level":"INFO","level_value":20000}
{"@timestamp":"2025-12-04T22:59:42.0756848+07:00","@version":"1","message":"DiscoveryClient_AUTH-SERVER/MinDuck:AUTH-SERVER:8081: registering service...","logger_name":"com.netflix.discovery.DiscoveryClient","thread_name":"DiscoveryClient-InstanceInfoReplicator-0","level":"INFO","level_value":20000}
{"@timestamp":"2025-12-04T22:59:42.0756848+07:00","@version":"1","message":"Starting ProtocolHandler [\"http-nio-8081\"]","logger_name":"org.apache.coyote.http11.Http11NioProtocol","thread_name":"main","level":"INFO","level_value":20000}
{"@timestamp":"2025-12-04T22:59:42.1069712+07:00","@version":"1","message":"DiscoveryClient_AUTH-SERVER/MinDuck:AUTH-SERVER:8081 - registration status: 204","logger_name":"com.netflix.discovery.DiscoveryClient","thread_name":"DiscoveryClient-InstanceInfoReplicator-0","level":"INFO","level_value":20000}
{"@timestamp":"2025-12-04T22:59:42.1089711+07:00","@version":"1","message":"Tomcat started on port 8081 (http) with context path ''","logger_name":"org.springframework.boot.web.embedded.tomcat.TomcatWebServer","thread_name":"main","level":"INFO","level_value":20000}
{"@timestamp":"2025-12-04T22:59:42.1099753+07:00","@version":"1","message":"Updating port to 8081","logger_name":"org.springframework.cloud.netflix.eureka.serviceregistry.EurekaAutoServiceRegistration","thread_name":"main","level":"INFO","level_value":20000}
{"@timestamp":"2025-12-04T22:59:42.1162729+07:00","@version":"1","message":"Started AuthServerApplication in 6.405 seconds (process running for 7.188)","logger_name":"com.myroom.authserver.AuthServerApplication","thread_name":"main","level":"INFO","level_value":20000}
{"@timestamp":"2025-12-04T22:59:42.1257982+07:00","@version":"1","message":"Initializing Firebase...","logger_name":"com.myroom.authserver.runner.InitializeFirebaseRunner","thread_name":"main","level":"INFO","level_value":20000}
{"@timestamp":"2025-12-04T22:59:42.1935602+07:00","@version":"1","message":"Firebase initialized!","logger_name":"com.myroom.authserver.runner.InitializeFirebaseRunner","thread_name":"main","level":"INFO","level_value":20000}
{"@timestamp":"2025-12-04T22:59:47.0888026+07:00","@version":"1","message":"Cache miss for REQUEST dispatch to '/actuator/prometheus' (previous null). Performing MatchableHandlerMapping lookup. This is logged once only at WARN level, and every time at TRACE.","logger_name":"org.springframework.web.servlet.handler.HandlerMappingIntrospector","thread_name":"http-nio-8081-exec-1","level":"WARN","level_value":30000,"traceId":"6931aff3a2e3a0c63dfe524d468a8ab0","spanId":"1fb2e03c92311ac8"}
{"@timestamp":"2025-12-04T23:04:41.6793313+07:00","@version":"1","message":"Resolving eureka endpoints via configuration","logger_name":"com.netflix.discovery.shared.resolver.aws.ConfigClusterResolver","thread_name":"AsyncResolver-bootstrap-executor-0","level":"INFO","level_value":20000}
{"@timestamp":"2025-12-04T23:09:41.7100596+07:00","@version":"1","message":"Resolving eureka endpoints via configuration","logger_name":"com.netflix.discovery.shared.resolver.aws.ConfigClusterResolver","thread_name":"AsyncResolver-bootstrap-executor-0","level":"INFO","level_value":20000}
{"@timestamp":"2025-12-04T23:10:38.0645923+07:00","@version":"1","message":"Received verify token request for SecurityContextHolderAwareRequestWrapper[ org.springframework.security.web.header.HeaderWriterFilter$HeaderWriterRequest@20d8d88e]","logger_name":"com.myroom.authserver.controller.AuthController","thread_name":"http-nio-8081-exec-8","level":"INFO","level_value":20000,"traceId":"6931b27e1b4899594a0bcb564e73c508","spanId":"b8db0cec666aa4c7"}
{"@timestamp":"2025-12-04T23:10:39.1308411+07:00","@version":"1","message":"verified the token VerifyTokenResponseModel(status=SUCCESS, message=Token successfully verified)","logger_name":"com.myroom.authserver.controller.AuthController","thread_name":"http-nio-8081-exec-8","level":"INFO","level_value":20000,"traceId":"6931b27e1b4899594a0bcb564e73c508","spanId":"b8db0cec666aa4c7"}
{"@timestamp":"2025-12-04T23:10:41.2535211+07:00","@version":"1","message":"Received verify token request for SecurityContextHolderAwareRequestWrapper[ org.springframework.security.web.header.HeaderWriterFilter$HeaderWriterRequest@6cde5cc5]","logger_name":"com.myroom.authserver.controller.AuthController","thread_name":"http-nio-8081-exec-9","level":"INFO","level_value":20000,"traceId":"6931b281716653e4ff15d05b9d24b5b7","spanId":"ccd301c0eabf1d88"}
{"@timestamp":"2025-12-04T23:10:41.2676158+07:00","@version":"1","message":"verified the token VerifyTokenResponseModel(status=SUCCESS, message=Token successfully verified)","logger_name":"com.myroom.authserver.controller.AuthController","thread_name":"http-nio-8081-exec-9","level":"INFO","level_value":20000,"traceId":"6931b281716653e4ff15d05b9d24b5b7","spanId":"ccd301c0eabf1d88"}
{"@timestamp":"2025-12-04T23:10:41.3591071+07:00","@version":"1","message":"Received verify token request for SecurityContextHolderAwareRequestWrapper[ org.springframework.security.web.header.HeaderWriterFilter$HeaderWriterRequest@47758679]","logger_name":"com.myroom.authserver.controller.AuthController","thread_name":"http-nio-8081-exec-7","level":"INFO","level_value":20000,"traceId":"6931b281559bfd8e242da2522649f7d5","spanId":"3a46358a951720ac"}
{"@timestamp":"2025-12-04T23:10:41.3666609+07:00","@version":"1","message":"verified the token VerifyTokenResponseModel(status=SUCCESS, message=Token successfully verified)","logger_name":"com.myroom.authserver.controller.AuthController","thread_name":"http-nio-8081-exec-7","level":"INFO","level_value":20000,"traceId":"6931b281559bfd8e242da2522649f7d5","spanId":"3a46358a951720ac"}
{"@timestamp":"2025-12-04T23:10:44.9141408+07:00","@version":"1","message":"Received verify token request for SecurityContextHolderAwareRequestWrapper[ org.springframework.security.web.header.HeaderWriterFilter$HeaderWriterRequest@7c69ab5a]","logger_name":"com.myroom.authserver.controller.AuthController","thread_name":"http-nio-8081-exec-1","level":"INFO","level_value":20000,"traceId":"6931b2846388d626223ce2d21026444a","spanId":"a43d25d967f0a362"}
{"@timestamp":"2025-12-04T23:10:44.918758+07:00","@version":"1","message":"verified the token VerifyTokenResponseModel(status=SUCCESS, message=Token successfully verified)","logger_name":"com.myroom.authserver.controller.AuthController","thread_name":"http-nio-8081-exec-1","level":"INFO","level_value":20000,"traceId":"6931b2846388d626223ce2d21026444a","spanId":"a43d25d967f0a362"}
{"@timestamp":"2025-12-04T23:10:44.9332481+07:00","@version":"1","message":"Received verify token request for SecurityContextHolderAwareRequestWrapper[ org.springframework.security.web.header.HeaderWriterFilter$HeaderWriterRequest@6e656f37]","logger_name":"com.myroom.authserver.controller.AuthController","thread_name":"http-nio-8081-exec-10","level":"INFO","level_value":20000,"traceId":"6931b284ba5b8237e5c06b39f8f88ecf","spanId":"7dc1279a24903a93"}
{"@timestamp":"2025-12-04T23:10:44.9360289+07:00","@version":"1","message":"verified the token VerifyTokenResponseModel(status=SUCCESS, message=Token successfully verified)","logger_name":"com.myroom.authserver.controller.AuthController","thread_name":"http-nio-8081-exec-10","level":"INFO","level_value":20000,"traceId":"6931b284ba5b8237e5c06b39f8f88ecf","spanId":"7dc1279a24903a93"}
{"@timestamp":"2025-12-04T23:10:45.8020038+07:00","@version":"1","message":"Received verify token request for SecurityContextHolderAwareRequestWrapper[ org.springframework.security.web.header.HeaderWriterFilter$HeaderWriterRequest@5eda9bd6]","logger_name":"com.myroom.authserver.controller.AuthController","thread_name":"http-nio-8081-exec-5","level":"INFO","level_value":20000,"traceId":"6931b285855daf553739f77dd580fda0","spanId":"3d2bd3e4840af584"}
{"@timestamp":"2025-12-04T23:10:45.8074581+07:00","@version":"1","message":"verified the token VerifyTokenResponseModel(status=SUCCESS, message=Token successfully verified)","logger_name":"com.myroom.authserver.controller.AuthController","thread_name":"http-nio-8081-exec-5","level":"INFO","level_value":20000,"traceId":"6931b285855daf553739f77dd580fda0","spanId":"3d2bd3e4840af584"}
{"@timestamp":"2025-12-04T23:10:45.818605+07:00","@version":"1","message":"Received verify token request for SecurityContextHolderAwareRequestWrapper[ org.springframework.security.web.header.HeaderWriterFilter$HeaderWriterRequest@69e9e3e5]","logger_name":"com.myroom.authserver.controller.AuthController","thread_name":"http-nio-8081-exec-4","level":"INFO","level_value":20000,"traceId":"6931b285e62b65229f2696449097873f","spanId":"fa1197bc3853f016"}
{"@timestamp":"2025-12-04T23:10:45.822226+07:00","@version":"1","message":"verified the token VerifyTokenResponseModel(status=SUCCESS, message=Token successfully verified)","logger_name":"com.myroom.authserver.controller.AuthController","thread_name":"http-nio-8081-exec-4","level":"INFO","level_value":20000,"traceId":"6931b285e62b65229f2696449097873f","spanId":"fa1197bc3853f016"}
{"@timestamp":"2025-12-04T23:10:52.4564177+07:00","@version":"1","message":"Received verify token request for SecurityContextHolderAwareRequestWrapper[ org.springframework.security.web.header.HeaderWriterFilter$HeaderWriterRequest@53bc133f]","logger_name":"com.myroom.authserver.controller.AuthController","thread_name":"http-nio-8081-exec-3","level":"INFO","level_value":20000,"traceId":"6931b28c73c92d8573e2e1b3d3d9fcf4","spanId":"b60f3febc86248d8"}
{"@timestamp":"2025-12-04T23:10:52.4638239+07:00","@version":"1","message":"verified the token VerifyTokenResponseModel(status=SUCCESS, message=Token successfully verified)","logger_name":"com.myroom.authserver.controller.AuthController","thread_name":"http-nio-8081-exec-3","level":"INFO","level_value":20000,"traceId":"6931b28c73c92d8573e2e1b3d3d9fcf4","spanId":"b60f3febc86248d8"}
{"@timestamp":"2025-12-04T23:10:52.4778636+07:00","@version":"1","message":"Received verify token request for SecurityContextHolderAwareRequestWrapper[ org.springframework.security.web.header.HeaderWriterFilter$HeaderWriterRequest@1485831d]","logger_name":"com.myroom.authserver.controller.AuthController","thread_name":"http-nio-8081-exec-8","level":"INFO","level_value":20000,"traceId":"6931b28cf1954dab2018a00abbfe6562","spanId":"933bb76d02450a57"}
{"@timestamp":"2025-12-04T23:10:52.4878431+07:00","@version":"1","message":"verified the token VerifyTokenResponseModel(status=SUCCESS, message=Token successfully verified)","logger_name":"com.myroom.authserver.controller.AuthController","thread_name":"http-nio-8081-exec-8","level":"INFO","level_value":20000,"traceId":"6931b28cf1954dab2018a00abbfe6562","spanId":"933bb76d02450a57"}
{"@timestamp":"2025-12-04T23:10:55.3456033+07:00","@version":"1","message":"Received verify token request for SecurityContextHolderAwareRequestWrapper[ org.springframework.security.web.header.HeaderWriterFilter$HeaderWriterRequest@2e7a8b45]","logger_name":"com.myroom.authserver.controller.AuthController","thread_name":"http-nio-8081-exec-9","level":"INFO","level_value":20000,"traceId":"6931b28fa4827eaa26a6f65e2258a320","spanId":"3558e5be4196a296"}
{"@timestamp":"2025-12-04T23:10:55.3709426+07:00","@version":"1","message":"verified the token VerifyTokenResponseModel(status=SUCCESS, message=Token successfully verified)","logger_name":"com.myroom.authserver.controller.AuthController","thread_name":"http-nio-8081-exec-9","level":"INFO","level_value":20000,"traceId":"6931b28fa4827eaa26a6f65e2258a320","spanId":"3558e5be4196a296"}
{"@timestamp":"2025-12-04T23:10:55.4080779+07:00","@version":"1","message":"Received verify token request for SecurityContextHolderAwareRequestWrapper[ org.springframework.security.web.header.HeaderWriterFilter$HeaderWriterRequest@661d2232]","logger_name":"com.myroom.authserver.controller.AuthController","thread_name":"http-nio-8081-exec-2","level":"INFO","level_value":20000,"traceId":"6931b28f73d4376c06e84af9428c70de","spanId":"555012be16a60b68"}
{"@timestamp":"2025-12-04T23:10:55.4091406+07:00","@version":"1","message":"Received verify token request for SecurityContextHolderAwareRequestWrapper[ org.springframework.security.web.header.HeaderWriterFilter$HeaderWriterRequest@5fdae8d5]","logger_name":"com.myroom.authserver.controller.AuthController","thread_name":"http-nio-8081-exec-7","level":"INFO","level_value":20000,"traceId":"6931b28fba3b7f2874dd389b251b80af","spanId":"b0dd6b97a0751a27"}
{"@timestamp":"2025-12-04T23:10:55.4267311+07:00","@version":"1","message":"verified the token VerifyTokenResponseModel(status=SUCCESS, message=Token successfully verified)","logger_name":"com.myroom.authserver.controller.AuthController","thread_name":"http-nio-8081-exec-2","level":"INFO","level_value":20000,"traceId":"6931b28f73d4376c06e84af9428c70de","spanId":"555012be16a60b68"}
{"@timestamp":"2025-12-04T23:10:55.4230234+07:00","@version":"1","message":"verified the token VerifyTokenResponseModel(status=SUCCESS, message=Token successfully verified)","logger_name":"com.myroom.authserver.controller.AuthController","thread_name":"http-nio-8081-exec-7","level":"INFO","level_value":20000,"traceId":"6931b28fba3b7f2874dd389b251b80af","spanId":"b0dd6b97a0751a27"}
{"@timestamp":"2025-12-04T23:10:55.4742408+07:00","@version":"1","message":"Received verify token request for SecurityContextHolderAwareRequestWrapper[ org.springframework.security.web.header.HeaderWriterFilter$HeaderWriterRequest@44f79fa0]","logger_name":"com.myroom.authserver.controller.AuthController","thread_name":"http-nio-8081-exec-1","level":"INFO","level_value":20000,"traceId":"6931b28fea7a8ea4ac8adc85ca9a1f8d","spanId":"24d7e19deeabcbb4"}
{"@timestamp":"2025-12-04T23:10:55.5039673+07:00","@version":"1","message":"verified the token VerifyTokenResponseModel(status=SUCCESS, message=Token successfully verified)","logger_name":"com.myroom.authserver.controller.AuthController","thread_name":"http-nio-8081-exec-1","level":"INFO","level_value":20000,"traceId":"6931b28fea7a8ea4ac8adc85ca9a1f8d","spanId":"24d7e19deeabcbb4"}
{"@timestamp":"2025-12-04T23:10:55.7561831+07:00","@version":"1","message":"Received verify token request for SecurityContextHolderAwareRequestWrapper[ org.springframework.security.web.header.HeaderWriterFilter$HeaderWriterRequest@2230ce29]","logger_name":"com.myroom.authserver.controller.AuthController","thread_name":"http-nio-8081-exec-10","level":"INFO","level_value":20000,"traceId":"6931b28fa06eb9f185481ddde01f6eac","spanId":"cd1f83f7f1be34db"}
{"@timestamp":"2025-12-04T23:10:55.7732343+07:00","@version":"1","message":"verified the token VerifyTokenResponseModel(status=SUCCESS, message=Token successfully verified)","logger_name":"com.myroom.authserver.controller.AuthController","thread_name":"http-nio-8081-exec-10","level":"INFO","level_value":20000,"traceId":"6931b28fa06eb9f185481ddde01f6eac","spanId":"cd1f83f7f1be34db"}
{"@timestamp":"2025-12-04T23:10:56.2187589+07:00","@version":"1","message":"Received verify token request for SecurityContextHolderAwareRequestWrapper[ org.springframework.security.web.header.HeaderWriterFilter$HeaderWriterRequest@1fb2ddfc]","logger_name":"com.myroom.authserver.controller.AuthController","thread_name":"http-nio-8081-exec-5","level":"INFO","level_value":20000,"traceId":"6931b290867466583abcace9a5288d7e","spanId":"5af2547087e28cd4"}
{"@timestamp":"2025-12-04T23:10:56.2213028+07:00","@version":"1","message":"verified the token VerifyTokenResponseModel(status=SUCCESS, message=Token successfully verified)","logger_name":"com.myroom.authserver.controller.AuthController","thread_name":"http-nio-8081-exec-5","level":"INFO","level_value":20000,"traceId":"6931b290867466583abcace9a5288d7e","spanId":"5af2547087e28cd4"}
{"@timestamp":"2025-12-04T23:11:00.8311509+07:00","@version":"1","message":"Received verify token request for SecurityContextHolderAwareRequestWrapper[ org.springframework.security.web.header.HeaderWriterFilter$HeaderWriterRequest@5801d50d]","logger_name":"com.myroom.authserver.controller.AuthController","thread_name":"http-nio-8081-exec-6","level":"INFO","level_value":20000,"traceId":"6931b294e002efb44c9ae89ab1288944","spanId":"d49a328312d2a1b8"}
{"@timestamp":"2025-12-04T23:11:00.834532+07:00","@version":"1","message":"verified the token VerifyTokenResponseModel(status=SUCCESS, message=Token successfully verified)","logger_name":"com.myroom.authserver.controller.AuthController","thread_name":"http-nio-8081-exec-6","level":"INFO","level_value":20000,"traceId":"6931b294e002efb44c9ae89ab1288944","spanId":"d49a328312d2a1b8"}
{"@timestamp":"2025-12-04T23:11:00.8440653+07:00","@version":"1","message":"Received verify token request for SecurityContextHolderAwareRequestWrapper[ org.springframework.security.web.header.HeaderWriterFilter$HeaderWriterRequest@25a3aea3]","logger_name":"com.myroom.authserver.controller.AuthController","thread_name":"http-nio-8081-exec-3","level":"INFO","level_value":20000,"traceId":"6931b29498b4e551bf06c279b192a8d3","spanId":"80152c6d2121ab15"}
{"@timestamp":"2025-12-04T23:11:00.846582+07:00","@version":"1","message":"verified the token VerifyTokenResponseModel(status=SUCCESS, message=Token successfully verified)","logger_name":"com.myroom.authserver.controller.AuthController","thread_name":"http-nio-8081-exec-3","level":"INFO","level_value":20000,"traceId":"6931b29498b4e551bf06c279b192a8d3","spanId":"80152c6d2121ab15"}
{"@timestamp":"2025-12-04T23:11:02.0290439+07:00","@version":"1","message":"Received verify token request for SecurityContextHolderAwareRequestWrapper[ org.springframework.security.web.header.HeaderWriterFilter$HeaderWriterRequest@7ca891dc]","logger_name":"com.myroom.authserver.controller.AuthController","thread_name":"http-nio-8081-exec-8","level":"INFO","level_value":20000,"traceId":"6931b29627b76aaa1b379ea01bdda3ce","spanId":"d8ba5140e54763ac"}
{"@timestamp":"2025-12-04T23:11:02.0310384+07:00","@version":"1","message":"verified the token VerifyTokenResponseModel(status=SUCCESS, message=Token successfully verified)","logger_name":"com.myroom.authserver.controller.AuthController","thread_name":"http-nio-8081-exec-8","level":"INFO","level_value":20000,"traceId":"6931b29627b76aaa1b379ea01bdda3ce","spanId":"d8ba5140e54763ac"}
{"@timestamp":"2025-12-04T23:11:02.0418184+07:00","@version":"1","message":"Received verify token request for SecurityContextHolderAwareRequestWrapper[ org.springframework.security.web.header.HeaderWriterFilter$HeaderWriterRequest@7acc5bb9]","logger_name":"com.myroom.authserver.controller.AuthController","thread_name":"http-nio-8081-exec-9","level":"INFO","level_value":20000,"traceId":"6931b296ac385fd351d1c556ce48bc6a","spanId":"fe0b04234e3cb7db"}
{"@timestamp":"2025-12-04T23:11:02.0453433+07:00","@version":"1","message":"verified the token VerifyTokenResponseModel(status=SUCCESS, message=Token successfully verified)","logger_name":"com.myroom.authserver.controller.AuthController","thread_name":"http-nio-8081-exec-9","level":"INFO","level_value":20000,"traceId":"6931b296ac385fd351d1c556ce48bc6a","spanId":"fe0b04234e3cb7db"}
{"@timestamp":"2025-12-04T23:11:03.0077168+07:00","@version":"1","message":"Received verify token request for SecurityContextHolderAwareRequestWrapper[ org.springframework.security.web.header.HeaderWriterFilter$HeaderWriterRequest@67a6fb38]","logger_name":"com.myroom.authserver.controller.AuthController","thread_name":"http-nio-8081-exec-2","level":"INFO","level_value":20000,"traceId":"6931b297299611340777fe0b20618550","spanId":"6ad57711bf4bcb67"}
{"@timestamp":"2025-12-04T23:11:03.0098597+07:00","@version":"1","message":"verified the token VerifyTokenResponseModel(status=SUCCESS, message=Token successfully verified)","logger_name":"com.myroom.authserver.controller.AuthController","thread_name":"http-nio-8081-exec-2","level":"INFO","level_value":20000,"traceId":"6931b297299611340777fe0b20618550","spanId":"6ad57711bf4bcb67"}
{"@timestamp":"2025-12-04T23:11:03.0203523+07:00","@version":"1","message":"Received verify token request for SecurityContextHolderAwareRequestWrapper[ org.springframework.security.web.header.HeaderWriterFilter$HeaderWriterRequest@354912ea]","logger_name":"com.myroom.authserver.controller.AuthController","thread_name":"http-nio-8081-exec-1","level":"INFO","level_value":20000,"traceId":"6931b2977e6de7a5f586b4976dc91246","spanId":"c4e59e639115b7b3"}
{"@timestamp":"2025-12-04T23:11:03.0217559+07:00","@version":"1","message":"verified the token VerifyTokenResponseModel(status=SUCCESS, message=Token successfully verified)","logger_name":"com.myroom.authserver.controller.AuthController","thread_name":"http-nio-8081-exec-1","level":"INFO","level_value":20000,"traceId":"6931b2977e6de7a5f586b4976dc91246","spanId":"c4e59e639115b7b3"}
{"@timestamp":"2025-12-04T23:11:05.4837087+07:00","@version":"1","message":"Received verify token request for SecurityContextHolderAwareRequestWrapper[ org.springframework.security.web.header.HeaderWriterFilter$HeaderWriterRequest@4e9a5541]","logger_name":"com.myroom.authserver.controller.AuthController","thread_name":"http-nio-8081-exec-10","level":"INFO","level_value":20000,"traceId":"6931b299098ec85936a7a69fad64d3f1","spanId":"cb55e6cab2bc4128"}
{"@timestamp":"2025-12-04T23:11:05.4848038+07:00","@version":"1","message":"verified the token VerifyTokenResponseModel(status=SUCCESS, message=Token successfully verified)","logger_name":"com.myroom.authserver.controller.AuthController","thread_name":"http-nio-8081-exec-10","level":"INFO","level_value":20000,"traceId":"6931b299098ec85936a7a69fad64d3f1","spanId":"cb55e6cab2bc4128"}
{"@timestamp":"2025-12-04T23:11:05.490434+07:00","@version":"1","message":"Received verify token request for SecurityContextHolderAwareRequestWrapper[ org.springframework.security.web.header.HeaderWriterFilter$HeaderWriterRequest@3a786650]","logger_name":"com.myroom.authserver.controller.AuthController","thread_name":"http-nio-8081-exec-5","level":"INFO","level_value":20000,"traceId":"6931b299e086788dc60ea2826bd89f6d","spanId":"5a7c23e967bec420"}
{"@timestamp":"2025-12-04T23:11:05.4909435+07:00","@version":"1","message":"verified the token VerifyTokenResponseModel(status=SUCCESS, message=Token successfully verified)","logger_name":"com.myroom.authserver.controller.AuthController","thread_name":"http-nio-8081-exec-5","level":"INFO","level_value":20000,"traceId":"6931b299e086788dc60ea2826bd89f6d","spanId":"5a7c23e967bec420"}
{"@timestamp":"2025-12-04T23:14:41.7157567+07:00","@version":"1","message":"Resolving eureka endpoints via configuration","logger_name":"com.netflix.discovery.shared.resolver.aws.ConfigClusterResolver","thread_name":"AsyncResolver-bootstrap-executor-0","level":"INFO","level_value":20000}
{"@timestamp":"2025-12-04T23:19:41.7322328+07:00","@version":"1","message":"Resolving eureka endpoints via configuration","logger_name":"com.netflix.discovery.shared.resolver.aws.ConfigClusterResolver","thread_name":"AsyncResolver-bootstrap-executor-0","level":"INFO","level_value":20000}
{"@timestamp":"2025-12-04T23:19:44.8816309+07:00","@version":"1","message":"Reconnecting, last destination was localhost/127.0.0.1:6379","logger_name":"io.lettuce.core.protocol.ConnectionWatchdog","thread_name":"lettuce-eventExecutorLoop-1-13","level":"INFO","level_value":20000}
{"@timestamp":"2025-12-04T23:19:44.931122+07:00","@version":"1","message":"Cannot reconnect to [localhost/<unresolved>:6379]: Connection closed prematurely","logger_name":"io.lettuce.core.protocol.ConnectionWatchdog","thread_name":"lettuce-nioEventLoop-4-2","level":"WARN","level_value":30000,"stack_trace":"io.lettuce.core.RedisConnectionException: Connection closed prematurely\r\n\tat io.lettuce.core.protocol.RedisHandshakeHandler.channelInactive(RedisHandshakeHandler.java:91)\r\n\tat io.netty.channel.AbstractChannelHandlerContext.invokeChannelInactive(AbstractChannelHandlerContext.java:305)\r\n\tat io.netty.channel.AbstractChannelHandlerContext.invokeChannelInactive(AbstractChannelHandlerContext.java:281)\r\n\tat io.netty.channel.AbstractChannelHandlerContext.fireChannelInactive(AbstractChannelHandlerContext.java:274)\r\n\tat io.netty.channel.ChannelInboundHandlerAdapter.channelInactive(ChannelInboundHandlerAdapter.java:81)\r\n\tat io.lettuce.core.ChannelGroupListener.channelInactive(ChannelGroupListener.java:69)\r\n\tat io.netty.channel.AbstractChannelHandlerContext.invokeChannelInactive(AbstractChannelHandlerContext.java:305)\r\n\tat io.netty.channel.AbstractChannelHandlerContext.invokeChannelInactive(AbstractChannelHandlerContext.java:281)\r\n\tat io.netty.channel.AbstractChannelHandlerContext.fireChannelInactive(AbstractChannelHandlerContext.java:274)\r\n\tat io.netty.channel.DefaultChannelPipeline$HeadContext.channelInactive(DefaultChannelPipeline.java:1405)\r\n\tat io.netty.channel.AbstractChannelHandlerContext.invokeChannelInactive(AbstractChannelHandlerContext.java:301)\r\n\tat io.netty.channel.AbstractChannelHandlerContext.invokeChannelInactive(AbstractChannelHandlerContext.java:281)\r\n\tat io.netty.channel.DefaultChannelPipeline.fireChannelInactive(DefaultChannelPipeline.java:901)\r\n\tat io.netty.channel.AbstractChannel$AbstractUnsafe$7.run(AbstractChannel.java:813)\r\n\tat io.netty.util.concurrent.AbstractEventExecutor.runTask(AbstractEventExecutor.java:173)\r\n\tat io.netty.util.concurrent.AbstractEventExecutor.safeExecute(AbstractEventExecutor.java:166)\r\n\tat io.netty.util.concurrent.SingleThreadEventExecutor.runAllTasks(SingleThreadEventExecutor.java:470)\r\n\tat io.netty.channel.nio.NioEventLoop.run(NioEventLoop.java:566)\r\n\tat io.netty.util.concurrent.SingleThreadEventExecutor$4.run(SingleThreadEventExecutor.java:997)\r\n\tat io.netty.util.internal.ThreadExecutorMap$2.run(ThreadExecutorMap.java:74)\r\n\tat io.netty.util.concurrent.FastThreadLocalRunnable.run(FastThreadLocalRunnable.java:30)\r\n\tat java.base/java.lang.Thread.run(Thread.java:1583)\r\n"}
{"@timestamp":"2025-12-04T23:19:52.9847114+07:00","@version":"1","message":"Spans were dropped due to exceptions. All subsequent errors will be logged at FINE level.","logger_name":"zipkin2.reporter.AsyncReporter$BoundedAsyncReporter","thread_name":"AsyncReporter{org.springframework.boot.actuate.autoconfigure.tracing.zipkin.ZipkinRestTemplateSender@606d0c71}","level":"WARN","level_value":30000}
{"@timestamp":"2025-12-04T23:19:52.9857063+07:00","@version":"1","message":"Dropped 5 spans due to ResourceAccessException(I/O error on POST request for \"http://localhost:9411/api/v2/spans\": Connect to http://localhost:9411 [localhost/127.0.0.1, localhost/0:0:0:0:0:0:0:1] failed: Connection refused: getsockopt)","logger_name":"zipkin2.reporter.AsyncReporter$BoundedAsyncReporter","thread_name":"AsyncReporter{org.springframework.boot.actuate.autoconfigure.tracing.zipkin.ZipkinRestTemplateSender@606d0c71}","level":"WARN","level_value":30000,"stack_trace":"org.springframework.web.client.ResourceAccessException: I/O error on POST request for \"http://localhost:9411/api/v2/spans\": Connect to http://localhost:9411 [localhost/127.0.0.1, localhost/0:0:0:0:0:0:0:1] failed: Connection refused: getsockopt\r\n\tat org.springframework.web.client.RestTemplate.createResourceAccessException(RestTemplate.java:905)\r\n\tat org.springframework.web.client.RestTemplate.doExecute(RestTemplate.java:885)\r\n\tat org.springframework.web.client.RestTemplate.execute(RestTemplate.java:781)\r\n\tat org.springframework.web.client.RestTemplate.exchange(RestTemplate.java:663)\r\n\tat org.springframework.boot.actuate.autoconfigure.tracing.zipkin.ZipkinRestTemplateSender$RestTemplateHttpPostCall.doExecute(ZipkinRestTemplateSender.java:68)\r\n\tat org.springframework.boot.actuate.autoconfigure.tracing.zipkin.ZipkinRestTemplateSender$RestTemplateHttpPostCall.doExecute(ZipkinRestTemplateSender.java:48)\r\n\tat zipkin2.Call$Base.execute(Call.java:391)\r\n\tat zipkin2.reporter.AsyncReporter$BoundedAsyncReporter.flush(AsyncReporter.java:299)\r\n\tat zipkin2.reporter.AsyncReporter$Flusher.run(AsyncReporter.java:378)\r\n\tat java.base/java.lang.Thread.run(Thread.java:1583)\r\nCaused by: org.apache.hc.client5.http.HttpHostConnectException: Connect to http://localhost:9411 [localhost/127.0.0.1, localhost/0:0:0:0:0:0:0:1] failed: Connection refused: getsockopt\r\n\tat java.base/sun.nio.ch.Net.pollConnect(Native Method)\r\n\tat java.base/sun.nio.ch.Net.pollConnectNow(Net.java:690)\r\n\tat java.base/sun.nio.ch.NioSocketImpl.timedFinishConnect(NioSocketImpl.java:542)\r\n\tat java.base/sun.nio.ch.NioSocketImpl.connect(NioSocketImpl.java:592)\r\n\tat java.base/java.net.SocksSocketImpl.connect(SocksSocketImpl.java:327)\r\n\tat java.base/java.net.Socket.connect(Socket.java:751)\r\n\tat org.apache.hc.client5.http.socket.PlainConnectionSocketFactory.lambda$connectSocket$0(PlainConnectionSocketFactory.java:85)\r\n\tat java.base/java.security.AccessController.doPrivileged(AccessController.java:571)\r\n\tat org.apache.hc.client5.http.socket.PlainConnectionSocketFactory.connectSocket(PlainConnectionSocketFactory.java:84)\r\n\tat org.apache.hc.client5.http.socket.ConnectionSocketFactory.connectSocket(ConnectionSocketFactory.java:113)\r\n\tat org.apache.hc.client5.http.impl.io.DefaultHttpClientConnectionOperator.connect(DefaultHttpClientConnectionOperator.java:181)\r\n\tat org.apache.hc.client5.http.impl.io.PoolingHttpClientConnectionManager.connect(PoolingHttpClientConnectionManager.java:447)\r\n\tat org.apache.hc.client5.http.impl.classic.InternalExecRuntime.connectEndpoint(InternalExecRuntime.java:162)\r\n\tat org.apache.hc.client5.http.impl.classic.InternalExecRuntime.connectEndpoint(InternalExecRuntime.java:172)\r\n\tat org.apache.hc.client5.http.impl.classic.ConnectExec.execute(ConnectExec.java:142)\r\n\tat org.apache.hc.client5.http.impl.classic.ExecChainElement.execute(ExecChainElement.java:51)\r\n\tat org.apache.hc.client5.http.impl.classic.ProtocolExec.execute(ProtocolExec.java:192)\r\n\tat org.apache.hc.client5.http.impl.classic.ExecChainElement.execute(ExecChainElement.java:51)\r\n\tat org.apache.hc.client5.http.impl.classic.HttpRequestRetryExec.execute(HttpRequestRetryExec.java:96)\r\n\tat org.apache.hc.client5.http.impl.classic.ExecChainElement.execute(ExecChainElement.java:51)\r\n\tat org.apache.hc.client5.http.impl.classic.ContentCompressionExec.execute(ContentCompressionExec.java:152)\r\n\tat org.apache.hc.client5.http.impl.classic.ExecChainElement.execute(ExecChainElement.java:51)\r\n\tat org.apache.hc.client5.http.impl.classic.RedirectExec.execute(RedirectExec.java:115)\r\n\tat org.apache.hc.client5.http.impl.classic.ExecChainElement.execute(ExecChainElement.java:51)\r\n\tat org.apache.hc.client5.http.impl.classic.InternalHttpClient.doExecute(InternalHttpClient.java:170)\r\n\tat org.apache.hc.client5.http.impl.classic.CloseableHttpClient.execute(CloseableHttpClient.java:87)\r\n\tat org.apache.hc.client5.http.impl.classic.CloseableHttpClient.execute(CloseableHttpClient.java:55)\r\n\tat org.apache.hc.client5.http.classic.HttpClient.executeOpen(HttpClient.java:183)\r\n\tat org.springframework.http.client.HttpComponentsClientHttpRequest.executeInternal(HttpComponentsClientHttpRequest.java:95)\r\n\tat org.springframework.http.client.AbstractStreamingClientHttpRequest.executeInternal(AbstractStreamingClientHttpRequest.java:70)\r\n\tat org.springframework.http.client.AbstractClientHttpRequest.execute(AbstractClientHttpRequest.java:66)\r\n\tat org.springframework.web.client.RestTemplate.doExecute(RestTemplate.java:879)\r\n\t... 8 common frames omitted\r\n"}
{"@timestamp":"2025-12-04T23:19:54.0584669+07:00","@version":"1","message":"Reconnecting, last destination was localhost/<unresolved>:6379","logger_name":"io.lettuce.core.protocol.ConnectionWatchdog","thread_name":"lettuce-eventExecutorLoop-1-9","level":"INFO","level_value":20000}
{"@timestamp":"2025-12-04T23:19:54.064964+07:00","@version":"1","message":"Cannot reconnect to [localhost/<unresolved>:6379]: Connection refused: getsockopt: localhost/127.0.0.1:6379","logger_name":"io.lettuce.core.protocol.ConnectionWatchdog","thread_name":"lettuce-nioEventLoop-4-14","level":"WARN","level_value":30000}
{"@timestamp":"2025-12-04T23:20:02.3570152+07:00","@version":"1","message":"Reconnecting, last destination was localhost/<unresolved>:6379","logger_name":"io.lettuce.core.protocol.ConnectionWatchdog","thread_name":"lettuce-eventExecutorLoop-1-10","level":"INFO","level_value":20000}
{"@timestamp":"2025-12-04T23:20:02.3609585+07:00","@version":"1","message":"Cannot reconnect to [localhost/<unresolved>:6379]: Connection refused: getsockopt: localhost/127.0.0.1:6379","logger_name":"io.lettuce.core.protocol.ConnectionWatchdog","thread_name":"lettuce-nioEventLoop-4-15","level":"WARN","level_value":30000}
